TN:
SF:crates/conjure_core/src/context.rs
FN:73,<conjure_core::context::Context as core::fmt::Debug>::fmt::{closure#0}
FN:54,<conjure_core::context::Context>::new_ptr
FN:70,<conjure_core::context::Context as core::fmt::Debug>::fmt
FN:74,<conjure_core::context::Context as core::fmt::Debug>::fmt::{closure#1}
FN:70,<conjure_core::context::Context as core::fmt::Debug>::fmt
FN:36,<conjure_core::context::Context>::new
FN:73,<conjure_core::context::Context as core::fmt::Debug>::fmt::{closure#0}
FN:36,<conjure_core::context::Context>::new
FN:74,<conjure_core::context::Context as core::fmt::Debug>::fmt::{closure#1}
FN:54,<conjure_core::context::Context>::new_ptr
FNDA:0,<conjure_core::context::Context as core::fmt::Debug>::fmt::{closure#0}
FNDA:0,<conjure_core::context::Context>::new_ptr
FNDA:0,<conjure_core::context::Context as core::fmt::Debug>::fmt
FNDA:0,<conjure_core::context::Context as core::fmt::Debug>::fmt::{closure#1}
FNDA:0,<conjure_core::context::Context as core::fmt::Debug>::fmt
FNDA:0,<conjure_core::context::Context>::new
FNDA:0,<conjure_core::context::Context as core::fmt::Debug>::fmt::{closure#0}
FNDA:0,<conjure_core::context::Context>::new
FNDA:0,<conjure_core::context::Context as core::fmt::Debug>::fmt::{closure#1}
FNDA:0,<conjure_core::context::Context>::new_ptr
FNF:10
FNH:0
BRF:0
BRH:0
DA:36,0
DA:37,0
DA:38,0
DA:39,0
DA:40,0
DA:41,0
DA:42,0
DA:43,0
DA:44,0
DA:45,0
DA:46,0
DA:47,0
DA:48,0
DA:49,0
DA:50,0
DA:54,0
DA:55,0
DA:56,0
DA:57,0
DA:58,0
DA:59,0
DA:60,0
DA:61,0
DA:62,0
DA:63,0
DA:64,0
DA:65,0
DA:66,0
DA:70,0
DA:71,0
DA:72,0
DA:73,0
DA:74,0
DA:75,0
DA:76,0
DA:77,0
DA:78,0
DA:79,0
DA:80,0
DA:81,0
DA:82,0
DA:83,0
DA:84,0
DA:85,0
DA:86,0
LF:45
LH:0
end_of_record
SF:crates/conjure_core/src/rules/subsitute_lettings.rs
FN:29,conjure_core::rules::subsitute_lettings::CONJURE_GEN_RULE_SUBSTITUTE_DOMAIN_LETTINGS::__typecheck::{closure#0}::{closure#0}
FN:18,conjure_core::rules::subsitute_lettings::substitute_value_lettings
FN:18,conjure_core::rules::subsitute_lettings::substitute_value_lettings
FN:40,conjure_core::rules::subsitute_lettings::substitute_domain_lettings::{closure#0}
FN:30,conjure_core::rules::subsitute_lettings::substitute_domain_lettings
FN:40,conjure_core::rules::subsitute_lettings::substitute_domain_lettings::{closure#0}
FN:17,conjure_core::rules::subsitute_lettings::CONJURE_GEN_RULE_SUBSTITUTE_VALUE_LETTINGS::__typecheck::{closure#0}::{closure#0}
FN:17,conjure_core::rules::subsitute_lettings::CONJURE_GEN_RULE_SUBSTITUTE_VALUE_LETTINGS::__typecheck::{closure#0}::{closure#0}
FN:29,conjure_core::rules::subsitute_lettings::CONJURE_GEN_RULE_SUBSTITUTE_DOMAIN_LETTINGS::__typecheck::{closure#0}::{closure#0}
FN:30,conjure_core::rules::subsitute_lettings::substitute_domain_lettings
FNDA:0,conjure_core::rules::subsitute_lettings::CONJURE_GEN_RULE_SUBSTITUTE_DOMAIN_LETTINGS::__typecheck::{closure#0}::{closure#0}
FNDA:0,conjure_core::rules::subsitute_lettings::substitute_value_lettings
FNDA:1,conjure_core::rules::subsitute_lettings::substitute_value_lettings
FNDA:0,conjure_core::rules::subsitute_lettings::substitute_domain_lettings::{closure#0}
FNDA:0,conjure_core::rules::subsitute_lettings::substitute_domain_lettings
FNDA:0,conjure_core::rules::subsitute_lettings::substitute_domain_lettings::{closure#0}
FNDA:0,conjure_core::rules::subsitute_lettings::CONJURE_GEN_RULE_SUBSTITUTE_VALUE_LETTINGS::__typecheck::{closure#0}::{closure#0}
FNDA:0,conjure_core::rules::subsitute_lettings::CONJURE_GEN_RULE_SUBSTITUTE_VALUE_LETTINGS::__typecheck::{closure#0}::{closure#0}
FNDA:0,conjure_core::rules::subsitute_lettings::CONJURE_GEN_RULE_SUBSTITUTE_DOMAIN_LETTINGS::__typecheck::{closure#0}::{closure#0}
FNDA:1,conjure_core::rules::subsitute_lettings::substitute_domain_lettings
FNF:10
FNH:2
BRF:0
BRH:0
DA:18,203728
DA:19,92752
DA:20,146098
DA:23,57630
DA:25,68
DA:26,203728
DA:30,203728
DA:31,203728
DA:32,203728
DA:35,3757748
DA:36,3757748
DA:37,3756694
DA:38,34
DA:39,34
DA:40,34
DA:42,0
DA:43,0
DA:44,0
DA:45,34
DA:46,34
DA:47,34
DA:48,34
DA:49,3756660
DA:50,1054
DA:53,203728
DA:54,17
DA:56,203711
DA:58,203728
LF:28
LH:25
end_of_record
SF:crates/tree_morph/src/reduction.rs
FN:16,<tree_morph::reduction::Reduction<rule_groups::Expr, ()>>::apply_transform::<tree_morph::reduce::reduce_with_rule_groups<rule_groups::Expr, (), rule_groups::Rl, tree_morph::helpers::select_first<rule_groups::Expr, (), rule_groups::Rl>>::{closure#0}::{closure#0}::{closure#0}::{closure#0}>
FN:16,<tree_morph::reduction::Reduction<add_mul::Expr, add_mul::Meta>>::apply_transform::<&tree_morph::reduce::reduce_with_rule_groups<add_mul::Expr, add_mul::Meta, add_mul::ReductionRule, tree_morph::helpers::select_first<add_mul::Expr, add_mul::Meta, add_mul::ReductionRule>>::{closure#0}::{closure#0}>
FN:16,<tree_morph::reduction::Reduction<rust_out::Expr, ()>>::apply_transform::<tree_morph::reduce::reduce_with_rule_groups<rust_out::Expr, (), rust_out::ReductionRule, tree_morph::helpers::select_first<rust_out::Expr, (), rust_out::ReductionRule>>::{closure#0}::{closure#0}::{closure#0}::{closure#0}>
FN:16,<tree_morph::reduction::Reduction<rule_groups::Expr, ()>>::apply_transform::<&tree_morph::reduce::reduce_with_rule_groups<rule_groups::Expr, (), rule_groups::Rl, tree_morph::helpers::select_first<rule_groups::Expr, (), rule_groups::Rl>>::{closure#0}::{closure#0}>
FN:16,<tree_morph::reduction::Reduction<lambda_calc::Expr, u32>>::apply_transform::<&lambda_calc::transform_beta_reduce>
FN:16,<tree_morph::reduction::Reduction<_, _>>::apply_transform::<_>
FN:16,<tree_morph::reduction::Reduction<rust_out::Expr, ()>>::apply_transform::<&tree_morph::reduce::reduce_with_rule_groups<rust_out::Expr, (), rust_out::ReductionRule, tree_morph::helpers::select_first<rust_out::Expr, (), rust_out::ReductionRule>>::{closure#0}::{closure#0}>
FN:16,<tree_morph::reduction::Reduction<depend_meta::Expr, bool>>::apply_transform::<&depend_meta::transform>
FN:16,<tree_morph::reduction::Reduction<add_mul::Expr, add_mul::Meta>>::apply_transform::<tree_morph::reduce::reduce_with_rule_groups<add_mul::Expr, add_mul::Meta, add_mul::ReductionRule, tree_morph::helpers::select_first<add_mul::Expr, add_mul::Meta, add_mul::ReductionRule>>::{closure#0}::{closure#0}::{closure#0}::{closure#0}>
FNDA:1,<tree_morph::reduction::Reduction<rule_groups::Expr, ()>>::apply_transform::<tree_morph::reduce::reduce_with_rule_groups<rule_groups::Expr, (), rule_groups::Rl, tree_morph::helpers::select_first<rule_groups::Expr, (), rule_groups::Rl>>::{closure#0}::{closure#0}::{closure#0}::{closure#0}>
FNDA:1,<tree_morph::reduction::Reduction<add_mul::Expr, add_mul::Meta>>::apply_transform::<&tree_morph::reduce::reduce_with_rule_groups<add_mul::Expr, add_mul::Meta, add_mul::ReductionRule, tree_morph::helpers::select_first<add_mul::Expr, add_mul::Meta, add_mul::ReductionRule>>::{closure#0}::{closure#0}>
FNDA:1,<tree_morph::reduction::Reduction<rust_out::Expr, ()>>::apply_transform::<tree_morph::reduce::reduce_with_rule_groups<rust_out::Expr, (), rust_out::ReductionRule, tree_morph::helpers::select_first<rust_out::Expr, (), rust_out::ReductionRule>>::{closure#0}::{closure#0}::{closure#0}::{closure#0}>
FNDA:1,<tree_morph::reduction::Reduction<rule_groups::Expr, ()>>::apply_transform::<&tree_morph::reduce::reduce_with_rule_groups<rule_groups::Expr, (), rule_groups::Rl, tree_morph::helpers::select_first<rule_groups::Expr, (), rule_groups::Rl>>::{closure#0}::{closure#0}>
FNDA:1,<tree_morph::reduction::Reduction<lambda_calc::Expr, u32>>::apply_transform::<&lambda_calc::transform_beta_reduce>
FNDA:0,<tree_morph::reduction::Reduction<_, _>>::apply_transform::<_>
FNDA:1,<tree_morph::reduction::Reduction<rust_out::Expr, ()>>::apply_transform::<&tree_morph::reduce::reduce_with_rule_groups<rust_out::Expr, (), rust_out::ReductionRule, tree_morph::helpers::select_first<rust_out::Expr, (), rust_out::ReductionRule>>::{closure#0}::{closure#0}>
FNDA:0,<tree_morph::reduction::Reduction<depend_meta::Expr, bool>>::apply_transform::<&depend_meta::transform>
FNDA:1,<tree_morph::reduction::Reduction<add_mul::Expr, add_mul::Meta>>::apply_transform::<tree_morph::reduce::reduce_with_rule_groups<add_mul::Expr, add_mul::Meta, add_mul::ReductionRule, tree_morph::helpers::select_first<add_mul::Expr, add_mul::Meta, add_mul::ReductionRule>>::{closure#0}::{closure#0}::{closure#0}::{closure#0}>
FNF:9
FNH:7
BRF:0
BRH:0
DA:16,268
DA:17,268
DA:18,268
DA:19,268
DA:20,268
DA:21,268
DA:22,43
DA:23,268
LF:8
LH:8
end_of_record
SF:crates/conjure_core/src/rules/partial_eval.rs
FN:14,conjure_core::rules::partial_eval::CONJURE_GEN_RULE_PARTIAL_EVALUATOR::__typecheck::{closure#0}::{closure#0}
FN:15,conjure_core::rules::partial_eval::partial_evaluator
FN:15,conjure_core::rules::partial_eval::partial_evaluator
FN:14,conjure_core::rules::partial_eval::CONJURE_GEN_RULE_PARTIAL_EVALUATOR::__typecheck::{closure#0}::{closure#0}
FN:335,conjure_core::rules::partial_eval::check_pairwise_or_tautologies
FN:335,conjure_core::rules::partial_eval::check_pairwise_or_tautologies
FNDA:0,conjure_core::rules::partial_eval::CONJURE_GEN_RULE_PARTIAL_EVALUATOR::__typecheck::{closure#0}::{closure#0}
FNDA:0,conjure_core::rules::partial_eval::partial_evaluator
FNDA:1,conjure_core::rules::partial_eval::partial_evaluator
FNDA:0,conjure_core::rules::partial_eval::CONJURE_GEN_RULE_PARTIAL_EVALUATOR::__typecheck::{closure#0}::{closure#0}
FNDA:1,conjure_core::rules::partial_eval::check_pairwise_or_tautologies
FNDA:0,conjure_core::rules::partial_eval::check_pairwise_or_tautologies
FNF:6
FNH:2
BRF:0
BRH:0
DA:15,422756
DA:22,422756
DA:23,2125
DA:24,207213
DA:25,918
DA:26,34
DA:27,884
DA:29,3077
DA:30,3077
DA:31,3077
DA:32,3077
DA:33,12308
DA:34,1224
DA:35,1224
DA:36,1224
DA:37,8007
DA:38,8007
DA:39,8007
DA:41,3077
DA:42,1088
DA:43,1989
DA:45,3077
DA:46,3009
DA:48,68
DA:52,2686
DA:53,2686
DA:54,2686
DA:55,2686
DA:56,8483
DA:57,2550
DA:58,2550
DA:59,2550
DA:60,3247
DA:61,3247
DA:62,3247
DA:65,2686
DA:66,187
DA:67,2499
DA:68,2499
DA:69,2499
DA:70,2499
DA:71,2499
DA:72,2499
DA:75,0
DA:76,0
DA:77,0
DA:78,0
DA:79,0
DA:81,0
DA:83,2499
DA:85,2465
DA:88,34
DA:92,102
DA:93,102
DA:94,102
DA:95,102
DA:96,306
DA:97,0
DA:98,0
DA:99,0
DA:100,0
DA:101,0
DA:102,0
DA:104,0
DA:107,0
DA:109,204
DA:110,204
DA:111,204
DA:114,102
DA:115,0
DA:116,102
DA:118,102
DA:119,102
DA:121,0
DA:125,68
DA:126,68
DA:127,68
DA:128,68
DA:129,204
DA:130,17
DA:131,17
DA:132,17
DA:133,0
DA:134,0
DA:135,0
DA:137,0
DA:140,17
DA:142,119
DA:143,119
DA:144,119
DA:147,68
DA:148,17
DA:149,51
DA:151,68
DA:152,68
DA:154,0
DA:157,5797
DA:158,16388
DA:159,16388
DA:160,16388
DA:161,16388
DA:162,16388
DA:163,62696
DA:164,34
DA:165,34
DA:166,34
DA:167,34
DA:168,34
DA:169,34
DA:170,0
DA:171,34
DA:172,46274
DA:173,46274
DA:174,46274
DA:178,16388
DA:179,68
DA:180,16320
DA:181,16320
DA:182,16320
DA:183,16320
DA:184,0
DA:185,16320
DA:186,16320
DA:187,16320
DA:188,16286
DA:189,34
DA:190,34
DA:191,34
DA:193,8364
DA:194,8364
DA:195,8364
DA:196,23851
DA:197,272
DA:198,272
DA:199,272
DA:200,0
DA:201,0
DA:202,0
DA:203,0
DA:204,272
DA:205,15215
DA:206,15215
DA:207,15215
DA:210,8364
DA:211,8092
DA:213,272
DA:214,272
DA:215,272
DA:220,12427
DA:221,12427
DA:222,12427
DA:223,6647
DA:224,5780
DA:225,5780
DA:226,5780
DA:227,5780
DA:228,53057
DA:229,119
DA:230,119
DA:231,119
DA:232,0
DA:233,0
DA:234,0
DA:235,0
DA:236,119
DA:237,47158
DA:238,47158
DA:239,47158
DA:242,5780
DA:243,5661
DA:245,119
DA:246,0
DA:247,119
DA:248,119
DA:249,119
DA:250,119
DA:253,20570
DA:254,34
DA:255,34
DA:257,34
DA:260,0
DA:262,20536
DA:263,20536
DA:264,20536
DA:265,20536
DA:266,20536
DA:267,20536
DA:268,20536
DA:269,20536
DA:270,20536
DA:271,34
DA:272,20502
DA:273,20502
DA:274,20502
DA:276,38114
DA:277,8109
DA:278,1598
DA:279,23545
DA:280,34
DA:281,1989
DA:282,9248
DA:283,4794
DA:284,0
DA:285,0
DA:288,0
DA:289,0
DA:290,0
DA:291,0
DA:292,0
DA:293,0
DA:297,0
DA:299,1972
DA:300,2346
DA:301,3740
DA:302,10829
DA:303,170
DA:304,374
DA:305,85
DA:309,289
DA:310,4301
DA:311,119
DA:312,153
DA:313,1258
DA:314,1309
DA:315,340
DA:316,272
DA:317,170
DA:318,1955
DA:319,4590
DA:320,289
DA:321,12172
DA:322,8857
DA:324,422756
DA:335,16388
DA:336,16388
DA:337,16388
DA:338,16388
DA:339,16388
DA:340,16388
DA:341,16388
DA:342,16388
DA:343,16388
DA:345,46274
DA:346,46274
DA:350,18360
DA:351,3468
DA:352,14892
DA:353,14892
DA:354,14892
DA:355,27914
DA:359,26010
DA:360,26010
DA:361,34
DA:362,25976
DA:366,16354
DA:367,3315
DA:368,34
DA:369,3281
DA:372,16320
DA:373,16388
LF:260
LH:218
end_of_record
SF:crates/conjure_core/src/rule_engine/rewrite.rs
FN:146,conjure_core::rule_engine::rewrite::is_vec_bool
FN:237,conjure_core::rule_engine::rewrite::rewrite_iteration::{closure#0}
FN:146,conjure_core::rule_engine::rewrite::is_vec_bool
FN:276,conjure_core::rule_engine::rewrite::apply_all_rules
FN:149,conjure_core::rule_engine::rewrite::is_vec_bool::{closure#0}
FN:102,conjure_core::rule_engine::rewrite::rewrite_model
FN:341,conjure_core::rule_engine::rewrite::choose_rewrite::{closure#0}
FN:102,conjure_core::rule_engine::rewrite::rewrite_model
FN:334,conjure_core::rule_engine::rewrite::choose_rewrite
FN:205,conjure_core::rule_engine::rewrite::rewrite_iteration
FN:334,conjure_core::rule_engine::rewrite::choose_rewrite
FN:16,conjure_core::rule_engine::rewrite::optimizations_enabled
FN:341,conjure_core::rule_engine::rewrite::choose_rewrite::{closure#0}
FN:237,conjure_core::rule_engine::rewrite::rewrite_iteration::{closure#0}
FN:205,conjure_core::rule_engine::rewrite::rewrite_iteration
FN:149,conjure_core::rule_engine::rewrite::is_vec_bool::{closure#0}
FN:276,conjure_core::rule_engine::rewrite::apply_all_rules
FN:16,conjure_core::rule_engine::rewrite::optimizations_enabled
FNDA:0,conjure_core::rule_engine::rewrite::is_vec_bool
FNDA:0,conjure_core::rule_engine::rewrite::rewrite_iteration::{closure#0}
FNDA:0,conjure_core::rule_engine::rewrite::is_vec_bool
FNDA:1,conjure_core::rule_engine::rewrite::apply_all_rules
FNDA:0,conjure_core::rule_engine::rewrite::is_vec_bool::{closure#0}
FNDA:0,conjure_core::rule_engine::rewrite::rewrite_model
FNDA:0,conjure_core::rule_engine::rewrite::choose_rewrite::{closure#0}
FNDA:1,conjure_core::rule_engine::rewrite::rewrite_model
FNDA:0,conjure_core::rule_engine::rewrite::choose_rewrite
FNDA:1,conjure_core::rule_engine::rewrite::rewrite_iteration
FNDA:1,conjure_core::rule_engine::rewrite::choose_rewrite
FNDA:1,conjure_core::rule_engine::rewrite::optimizations_enabled
FNDA:0,conjure_core::rule_engine::rewrite::choose_rewrite::{closure#0}
FNDA:0,conjure_core::rule_engine::rewrite::rewrite_iteration::{closure#0}
FNDA:0,conjure_core::rule_engine::rewrite::rewrite_iteration
FNDA:0,conjure_core::rule_engine::rewrite::is_vec_bool::{closure#0}
FNDA:0,conjure_core::rule_engine::rewrite::apply_all_rules
FNDA:0,conjure_core::rule_engine::rewrite::optimizations_enabled
FNF:18
FNH:5
BRF:0
BRH:0
DA:16,34
DA:17,34
DA:18,0
DA:19,34
DA:21,34
DA:102,17
DA:103,17
DA:104,17
DA:105,17
DA:106,17
DA:107,17
DA:108,17
DA:109,17
DA:110,17
DA:111,17
DA:112,17
DA:113,17
DA:114,17
DA:115,17
DA:116,17
DA:117,17
DA:118,17
DA:119,17
DA:120,17
DA:121,17
DA:122,34
DA:123,17
DA:124,17
DA:125,17
DA:126,17
DA:127,17
DA:128,17
DA:129,17
DA:130,0
DA:131,0
DA:132,0
DA:136,17
DA:139,17
DA:140,17
DA:141,17
DA:142,17
DA:146,0
DA:147,0
DA:148,0
DA:149,0
DA:150,0
DA:205,51
DA:206,51
DA:207,51
DA:208,51
DA:209,51
DA:210,51
DA:211,51
DA:212,51
DA:214,0
DA:215,51
DA:216,51
DA:217,51
DA:218,51
DA:219,51
DA:220,51
DA:221,51
DA:223,0
DA:224,0
DA:225,51
DA:226,51
DA:227,51
DA:228,51
DA:229,34
DA:230,0
DA:231,0
DA:232,0
DA:233,34
DA:236,51
DA:237,0
DA:238,0
DA:239,0
DA:240,51
DA:241,51
DA:242,51
DA:276,51
DA:277,51
DA:278,51
DA:279,51
DA:280,51
DA:281,51
DA:282,51
DA:283,2601
DA:284,2550
DA:285,0
DA:286,0
DA:287,0
DA:288,0
DA:289,0
DA:290,0
DA:291,0
DA:292,0
DA:293,0
DA:294,0
DA:295,0
DA:296,0
DA:297,0
DA:299,2550
DA:300,0
DA:305,2550
DA:306,2550
DA:307,2550
DA:311,51
DA:312,51
DA:334,51
DA:335,51
DA:336,51
DA:337,51
DA:338,51
DA:339,51
DA:340,0
DA:341,0
DA:342,0
DA:343,0
DA:345,0
DA:346,0
DA:347,0
DA:348,0
DA:349,0
DA:350,0
DA:351,0
DA:352,0
DA:353,0
DA:354,0
DA:356,0
DA:357,0
DA:358,0
DA:359,0
DA:362,0
DA:364,0
DA:365,0
DA:366,0
DA:367,0
DA:368,0
DA:369,0
DA:370,0
DA:371,0
DA:372,0
DA:373,0
DA:374,0
DA:375,0
DA:376,0
DA:377,0
DA:379,0
DA:380,51
DA:381,51
DA:382,51
DA:383,51
LF:153
LH:87
end_of_record
SF:conjure_oxide/src/utils/json.rs
FN:7,conjure_oxide::utils::json::json_value_cmp
FN:53,conjure_oxide::utils::json::sort_json_object::{closure#0}
FN:48,conjure_oxide::utils::json::sort_json_object
FN:62,conjure_oxide::utils::json::sort_json_object::{closure#1}
FN:32,conjure_oxide::utils::json::sort_json_variables
FN:32,conjure_oxide::utils::json::sort_json_variables
FN:48,conjure_oxide::utils::json::sort_json_object
FN:68,conjure_oxide::utils::json::sort_json_object::{closure#2}
FN:7,conjure_oxide::utils::json::json_value_cmp
FN:68,conjure_oxide::utils::json::sort_json_object::{closure#2}
FN:62,conjure_oxide::utils::json::sort_json_object::{closure#1}
FN:53,conjure_oxide::utils::json::sort_json_object::{closure#0}
FNDA:1,conjure_oxide::utils::json::json_value_cmp
FNDA:0,conjure_oxide::utils::json::sort_json_object::{closure#0}
FNDA:0,conjure_oxide::utils::json::sort_json_object
FNDA:0,conjure_oxide::utils::json::sort_json_object::{closure#1}
FNDA:0,conjure_oxide::utils::json::sort_json_variables
FNDA:0,conjure_oxide::utils::json::sort_json_variables
FNDA:1,conjure_oxide::utils::json::sort_json_object
FNDA:0,conjure_oxide::utils::json::sort_json_object::{closure#2}
FNDA:0,conjure_oxide::utils::json::json_value_cmp
FNDA:1,conjure_oxide::utils::json::sort_json_object::{closure#2}
FNDA:1,conjure_oxide::utils::json::sort_json_object::{closure#1}
FNDA:1,conjure_oxide::utils::json::sort_json_object::{closure#0}
FNF:12
FNH:5
BRF:0
BRH:0
DA:7,303079
DA:8,303079
DA:9,0
DA:10,0
DA:11,0
DA:12,0
DA:13,0
DA:14,0
DA:15,0
DA:17,84
DA:18,84
DA:19,84
DA:20,84
DA:21,84
DA:22,0
DA:24,0
DA:26,302995
DA:28,303079
DA:32,0
DA:33,0
DA:34,0
DA:35,0
DA:36,0
DA:37,0
DA:39,0
DA:41,0
DA:48,1569827
DA:49,1569827
DA:50,578410
DA:51,578410
DA:52,578410
DA:53,1088542
DA:54,1088542
DA:55,0
DA:57,1088542
DA:59,1088542
DA:60,578410
DA:61,578410
DA:62,871906
DA:63,578410
DA:65,189532
DA:66,189532
DA:67,189532
DA:68,472213
DA:69,189532
DA:70,189532
DA:71,189532
DA:72,77273
DA:73,112259
DA:75,189532
DA:77,801885
DA:79,1569827
LF:52
LH:34
end_of_record
SF:crates/conjure_core/src/ast/pretty.rs
FN:55,conjure_core::ast::pretty::pretty_vec::<conjure_core::ast::atom::Atom>
FN:56,conjure_core::ast::pretty::pretty_vec::<conjure_core::ast::expressions::Expression>::{closure#0}
FN:56,conjure_core::ast::pretty::pretty_vec::<conjure_core::ast::expressions::Expression>::{closure#0}
FN:72,conjure_core::ast::pretty::pretty_variable_declaration
FN:56,conjure_core::ast::pretty::pretty_vec::<conjure_core::ast::literals::Literal>::{closure#0}
FN:37,conjure_core::ast::pretty::pretty_expressions_as_conjunction
FN:38,conjure_core::ast::pretty::pretty_expressions_as_conjunction::{closure#0}
FN:87,conjure_core::ast::pretty::pretty_value_letting_declaration
FN:72,conjure_core::ast::pretty::pretty_variable_declaration
FN:87,conjure_core::ast::pretty::pretty_value_letting_declaration
FN:56,conjure_core::ast::pretty::pretty_vec::<conjure_core::ast::literals::Literal>::{closure#0}
FN:55,conjure_core::ast::pretty::pretty_vec::<conjure_core::ast::expressions::Expression>
FN:24,conjure_core::ast::pretty::pretty_expressions_as_top_level
FN:25,conjure_core::ast::pretty::pretty_expressions_as_top_level::{closure#0}
FN:25,conjure_core::ast::pretty::pretty_expressions_as_top_level::{closure#0}
FN:37,conjure_core::ast::pretty::pretty_expressions_as_conjunction
FN:38,conjure_core::ast::pretty::pretty_expressions_as_conjunction::{closure#0}
FN:56,conjure_core::ast::pretty::pretty_vec::<conjure_core::ast::atom::Atom>::{closure#0}
FN:55,conjure_core::ast::pretty::pretty_vec::<conjure_core::ast::literals::Literal>
FN:55,conjure_core::ast::pretty::pretty_vec::<conjure_core::ast::literals::Literal>
FN:55,conjure_core::ast::pretty::pretty_vec::<conjure_core::ast::expressions::Expression>
FN:24,conjure_core::ast::pretty::pretty_expressions_as_top_level
FN:55,conjure_core::ast::pretty::pretty_vec::<conjure_core::ast::atom::Atom>
FN:101,conjure_core::ast::pretty::pretty_domain_letting_declaration
FN:101,conjure_core::ast::pretty::pretty_domain_letting_declaration
FN:56,conjure_core::ast::pretty::pretty_vec::<conjure_core::ast::atom::Atom>::{closure#0}
FNDA:1,conjure_core::ast::pretty::pretty_vec::<conjure_core::ast::atom::Atom>
FNDA:0,conjure_core::ast::pretty::pretty_vec::<conjure_core::ast::expressions::Expression>::{closure#0}
FNDA:1,conjure_core::ast::pretty::pretty_vec::<conjure_core::ast::expressions::Expression>::{closure#0}
FNDA:1,conjure_core::ast::pretty::pretty_variable_declaration
FNDA:1,conjure_core::ast::pretty::pretty_vec::<conjure_core::ast::literals::Literal>::{closure#0}
FNDA:0,conjure_core::ast::pretty::pretty_expressions_as_conjunction
FNDA:0,conjure_core::ast::pretty::pretty_expressions_as_conjunction::{closure#0}
FNDA:1,conjure_core::ast::pretty::pretty_value_letting_declaration
FNDA:0,conjure_core::ast::pretty::pretty_variable_declaration
FNDA:0,conjure_core::ast::pretty::pretty_value_letting_declaration
FNDA:0,conjure_core::ast::pretty::pretty_vec::<conjure_core::ast::literals::Literal>::{closure#0}
FNDA:1,conjure_core::ast::pretty::pretty_vec::<conjure_core::ast::expressions::Expression>
FNDA:1,conjure_core::ast::pretty::pretty_expressions_as_top_level
FNDA:0,conjure_core::ast::pretty::pretty_expressions_as_top_level::{closure#0}
FNDA:1,conjure_core::ast::pretty::pretty_expressions_as_top_level::{closure#0}
FNDA:0,conjure_core::ast::pretty::pretty_expressions_as_conjunction
FNDA:0,conjure_core::ast::pretty::pretty_expressions_as_conjunction::{closure#0}
FNDA:1,conjure_core::ast::pretty::pretty_vec::<conjure_core::ast::atom::Atom>::{closure#0}
FNDA:1,conjure_core::ast::pretty::pretty_vec::<conjure_core::ast::literals::Literal>
FNDA:0,conjure_core::ast::pretty::pretty_vec::<conjure_core::ast::literals::Literal>
FNDA:0,conjure_core::ast::pretty::pretty_vec::<conjure_core::ast::expressions::Expression>
FNDA:0,conjure_core::ast::pretty::pretty_expressions_as_top_level
FNDA:0,conjure_core::ast::pretty::pretty_vec::<conjure_core::ast::atom::Atom>
FNDA:0,conjure_core::ast::pretty::pretty_domain_letting_declaration
FNDA:1,conjure_core::ast::pretty::pretty_domain_letting_declaration
FNDA:0,conjure_core::ast::pretty::pretty_vec::<conjure_core::ast::atom::Atom>::{closure#0}
FNF:26
FNH:11
BRF:0
BRH:0
DA:24,3400
DA:25,7616
DA:26,3400
DA:37,0
DA:38,0
DA:39,0
DA:40,0
DA:41,0
DA:42,0
DA:43,0
DA:44,0
DA:55,37655
DA:56,53788
DA:57,37655
DA:58,37655
DA:59,37655
DA:60,37655
DA:61,37655
DA:72,10472
DA:73,10472
DA:74,10472
DA:75,10472
DA:76,10472
DA:87,136
DA:88,136
DA:89,136
DA:90,136
DA:101,68
DA:102,68
DA:103,68
DA:104,68
DA:105,68
DA:106,68
DA:107,68
LF:34
LH:26
end_of_record
SF:conjure_oxide/src/defaults.rs
FN:2,conjure_oxide::defaults::get_default_rule_sets
FN:2,conjure_oxide::defaults::get_default_rule_sets
FNDA:0,conjure_oxide::defaults::get_default_rule_sets
FNDA:1,conjure_oxide::defaults::get_default_rule_sets
FNF:2
FNH:1
BRF:0
BRH:0
DA:2,616
DA:3,616
DA:4,616
DA:5,616
DA:6,616
DA:7,616
DA:8,616
LF:7
LH:7
end_of_record
SF:crates/conjure_core/src/rule_engine/resolve_rules.rs
FN:142,conjure_core::rule_engine::resolve_rules::get_rules_grouped
FN:148,conjure_core::rule_engine::resolve_rules::get_rules_grouped::{closure#0}
FN:142,conjure_core::rule_engine::resolve_rules::get_rules_grouped
FN:19,<conjure_core::rule_engine::resolve_rules::RuleData as core::fmt::Display>::fmt
FN:151,conjure_core::rule_engine::resolve_rules::get_rules_grouped::{closure#1}
FN:165,conjure_core::rule_engine::resolve_rules::resolve_rule_sets
FN:148,conjure_core::rule_engine::resolve_rules::get_rules_grouped::{closure#0}
FN:33,<conjure_core::rule_engine::resolve_rules::RuleData as core::cmp::PartialEq>::eq
FN:48,<conjure_core::rule_engine::resolve_rules::RuleData as core::cmp::Ord>::cmp
FN:115,conjure_core::rule_engine::resolve_rules::get_rules
FN:77,conjure_core::rule_engine::resolve_rules::get_rule_set
FN:63,<conjure_core::rule_engine::resolve_rules::ResolveRulesError as core::fmt::Display>::fmt
FN:165,conjure_core::rule_engine::resolve_rules::resolve_rule_sets
FN:42,<conjure_core::rule_engine::resolve_rules::RuleData as core::cmp::PartialOrd>::partial_cmp
FN:19,<conjure_core::rule_engine::resolve_rules::RuleData as core::fmt::Display>::fmt
FN:33,<conjure_core::rule_engine::resolve_rules::RuleData as core::cmp::PartialEq>::eq
FN:63,<conjure_core::rule_engine::resolve_rules::ResolveRulesError as core::fmt::Display>::fmt
FN:115,conjure_core::rule_engine::resolve_rules::get_rules
FN:151,conjure_core::rule_engine::resolve_rules::get_rules_grouped::{closure#1}
FN:93,conjure_core::rule_engine::resolve_rules::rule_sets_by_names
FN:42,<conjure_core::rule_engine::resolve_rules::RuleData as core::cmp::PartialOrd>::partial_cmp
FN:77,conjure_core::rule_engine::resolve_rules::get_rule_set
FN:48,<conjure_core::rule_engine::resolve_rules::RuleData as core::cmp::Ord>::cmp
FN:93,conjure_core::rule_engine::resolve_rules::rule_sets_by_names
FNDA:0,conjure_core::rule_engine::resolve_rules::get_rules_grouped
FNDA:0,conjure_core::rule_engine::resolve_rules::get_rules_grouped::{closure#0}
FNDA:1,conjure_core::rule_engine::resolve_rules::get_rules_grouped
FNDA:0,<conjure_core::rule_engine::resolve_rules::RuleData as core::fmt::Display>::fmt
FNDA:1,conjure_core::rule_engine::resolve_rules::get_rules_grouped::{closure#1}
FNDA:1,conjure_core::rule_engine::resolve_rules::resolve_rule_sets
FNDA:1,conjure_core::rule_engine::resolve_rules::get_rules_grouped::{closure#0}
FNDA:0,<conjure_core::rule_engine::resolve_rules::RuleData as core::cmp::PartialEq>::eq
FNDA:1,<conjure_core::rule_engine::resolve_rules::RuleData as core::cmp::Ord>::cmp
FNDA:1,conjure_core::rule_engine::resolve_rules::get_rules
FNDA:1,conjure_core::rule_engine::resolve_rules::get_rule_set
FNDA:0,<conjure_core::rule_engine::resolve_rules::ResolveRulesError as core::fmt::Display>::fmt
FNDA:0,conjure_core::rule_engine::resolve_rules::resolve_rule_sets
FNDA:0,<conjure_core::rule_engine::resolve_rules::RuleData as core::cmp::PartialOrd>::partial_cmp
FNDA:0,<conjure_core::rule_engine::resolve_rules::RuleData as core::fmt::Display>::fmt
FNDA:0,<conjure_core::rule_engine::resolve_rules::RuleData as core::cmp::PartialEq>::eq
FNDA:0,<conjure_core::rule_engine::resolve_rules::ResolveRulesError as core::fmt::Display>::fmt
FNDA:0,conjure_core::rule_engine::resolve_rules::get_rules
FNDA:0,conjure_core::rule_engine::resolve_rules::get_rules_grouped::{closure#1}
FNDA:1,conjure_core::rule_engine::resolve_rules::rule_sets_by_names
FNDA:0,<conjure_core::rule_engine::resolve_rules::RuleData as core::cmp::PartialOrd>::partial_cmp
FNDA:0,conjure_core::rule_engine::resolve_rules::get_rule_set
FNDA:0,<conjure_core::rule_engine::resolve_rules::RuleData as core::cmp::Ord>::cmp
FNDA:0,conjure_core::rule_engine::resolve_rules::rule_sets_by_names
FNF:24
FNH:8
BRF:0
BRH:0
DA:19,0
DA:20,0
DA:21,0
DA:22,0
DA:23,0
DA:24,0
DA:25,0
DA:33,0
DA:34,0
DA:35,0
DA:42,0
DA:43,0
DA:44,0
DA:48,538424
DA:49,538424
DA:50,162741
DA:51,375683
DA:53,538424
DA:63,0
DA:64,0
DA:65,0
DA:66,0
DA:67,0
DA:77,4539
DA:78,4539
DA:79,4539
DA:80,0
DA:82,4539
DA:93,1547
DA:94,1547
DA:95,1547
DA:96,1547
DA:98,6086
DA:99,4539
DA:100,4539
DA:101,4539
DA:102,4539
DA:105,1547
DA:106,1547
DA:115,1530
DA:116,1530
DA:117,1530
DA:118,1530
DA:119,1530
DA:120,1530
DA:122,7616
DA:123,83980
DA:124,83980
DA:125,83980
DA:126,83980
DA:127,83980
DA:128,83980
DA:129,83980
DA:132,1530
DA:133,1530
DA:142,1513
DA:143,1513
DA:144,1513
DA:145,1513
DA:146,1513
DA:147,1513
DA:148,83130
DA:149,1513
DA:150,1513
DA:151,21182
DA:152,1513
DA:153,1513
DA:154,1513
DA:165,1547
DA:166,1547
DA:167,1547
DA:168,1547
DA:169,1547
DA:170,1547
DA:171,1547
DA:173,1547
DA:174,1547
DA:175,1547
DA:177,1547
DA:178,1547
DA:179,1547
LF:81
LH:62
end_of_record
SF:crates/tree_morph/src/commands.rs
FN:24,<tree_morph::commands::Commands<rust_out::Expr, ()>>::new
FN:24,<tree_morph::commands::Commands<lambda_calc::Expr, u32>>::new
FN:48,<tree_morph::commands::Commands<depend_meta::Expr, bool>>::apply
FN:43,<tree_morph::commands::Commands<_, _>>::clear
FN:48,<tree_morph::commands::Commands<_, _>>::apply
FN:48,<tree_morph::commands::Commands<lambda_calc::Expr, u32>>::apply
FN:24,<tree_morph::commands::Commands<add_mul::Expr, add_mul::Meta>>::new
FN:24,<tree_morph::commands::Commands<rule_groups::Expr, ()>>::new
FN:38,<tree_morph::commands::Commands<add_mul::Expr, add_mul::Meta>>::mut_meta
FN:48,<tree_morph::commands::Commands<add_mul::Expr, add_mul::Meta>>::apply
FN:24,<tree_morph::commands::Commands<depend_meta::Expr, bool>>::new
FN:38,<tree_morph::commands::Commands<lambda_calc::Expr, u32>>::mut_meta
FN:48,<tree_morph::commands::Commands<rule_groups::Expr, ()>>::apply
FN:38,<tree_morph::commands::Commands<_, _>>::mut_meta
FN:32,<tree_morph::commands::Commands<_, _>>::transform
FN:24,<tree_morph::commands::Commands<_, _>>::new
FN:48,<tree_morph::commands::Commands<rust_out::Expr, ()>>::apply
FN:38,<tree_morph::commands::Commands<depend_meta::Expr, bool>>::mut_meta
FNDA:1,<tree_morph::commands::Commands<rust_out::Expr, ()>>::new
FNDA:1,<tree_morph::commands::Commands<lambda_calc::Expr, u32>>::new
FNDA:0,<tree_morph::commands::Commands<depend_meta::Expr, bool>>::apply
FNDA:0,<tree_morph::commands::Commands<_, _>>::clear
FNDA:0,<tree_morph::commands::Commands<_, _>>::apply
FNDA:1,<tree_morph::commands::Commands<lambda_calc::Expr, u32>>::apply
FNDA:1,<tree_morph::commands::Commands<add_mul::Expr, add_mul::Meta>>::new
FNDA:1,<tree_morph::commands::Commands<rule_groups::Expr, ()>>::new
FNDA:1,<tree_morph::commands::Commands<add_mul::Expr, add_mul::Meta>>::mut_meta
FNDA:1,<tree_morph::commands::Commands<add_mul::Expr, add_mul::Meta>>::apply
FNDA:0,<tree_morph::commands::Commands<depend_meta::Expr, bool>>::new
FNDA:1,<tree_morph::commands::Commands<lambda_calc::Expr, u32>>::mut_meta
FNDA:1,<tree_morph::commands::Commands<rule_groups::Expr, ()>>::apply
FNDA:0,<tree_morph::commands::Commands<_, _>>::mut_meta
FNDA:0,<tree_morph::commands::Commands<_, _>>::transform
FNDA:0,<tree_morph::commands::Commands<_, _>>::new
FNDA:1,<tree_morph::commands::Commands<rust_out::Expr, ()>>::apply
FNDA:0,<tree_morph::commands::Commands<depend_meta::Expr, bool>>::mut_meta
FNF:18
FNH:10
BRF:0
BRH:0
DA:24,268
DA:25,268
DA:26,268
DA:27,268
DA:28,268
DA:32,0
DA:33,0
DA:34,0
DA:38,13
DA:39,13
DA:40,13
DA:43,0
DA:44,0
DA:45,0
DA:48,25
DA:49,38
DA:50,13
DA:51,0
DA:52,13
DA:55,25
DA:56,25
LF:21
LH:14
end_of_record
SF:crates/conjure_core/src/ast/variables.rs
FN:34,<conjure_core::ast::variables::DecisionVariable>::new
FN:34,<conjure_core::ast::variables::DecisionVariable>::new
FN:40,<conjure_core::ast::variables::DecisionVariable as core::fmt::Display>::fmt
FN:40,<conjure_core::ast::variables::DecisionVariable as core::fmt::Display>::fmt
FNDA:1,<conjure_core::ast::variables::DecisionVariable>::new
FNDA:1,<conjure_core::ast::variables::DecisionVariable>::new
FNDA:0,<conjure_core::ast::variables::DecisionVariable as core::fmt::Display>::fmt
FNDA:0,<conjure_core::ast::variables::DecisionVariable as core::fmt::Display>::fmt
FNF:4
FNH:2
BRF:0
BRH:0
DA:34,4746
DA:35,4746
DA:36,4746
DA:40,0
DA:41,0
DA:42,0
DA:43,0
DA:44,0
DA:45,0
DA:46,0
DA:47,0
DA:48,0
DA:49,0
DA:51,0
DA:52,0
DA:53,0
DA:56,0
DA:58,0
DA:60,0
LF:19
LH:3
end_of_record
SF:solvers/minion/src/error.rs
FN:47,<minion_rs::error::RuntimeError as core::convert::From<u32>>::from
FN:47,<minion_rs::error::RuntimeError as core::convert::From<u32>>::from
FNDA:0,<minion_rs::error::RuntimeError as core::convert::From<u32>>::from
FNDA:0,<minion_rs::error::RuntimeError as core::convert::From<u32>>::from
FNF:2
FNH:0
BRF:0
BRH:0
DA:47,0
DA:48,0
DA:50,0
DA:51,0
DA:53,0
LF:5
LH:0
end_of_record
SF:crates/tree_morph/tests/add_mul.rs
FN:105,add_mul::test_eval_nested
FN:94,add_mul::test_eval_add
FN:83,add_mul::test_mul_one
FN:54,<add_mul::ReductionRule as tree_morph::rule::Rule<add_mul::Expr, add_mul::Meta>>::apply::{closure#0}
FN:72,add_mul::test_add_zero
FN:61,add_mul::test_single_var
FN:25,<add_mul::ReductionRule as tree_morph::rule::Rule<add_mul::Expr, add_mul::Meta>>::apply
FNDA:1,add_mul::test_eval_nested
FNDA:1,add_mul::test_eval_add
FNDA:1,add_mul::test_mul_one
FNDA:1,<add_mul::ReductionRule as tree_morph::rule::Rule<add_mul::Expr, add_mul::Meta>>::apply::{closure#0}
FNDA:1,add_mul::test_add_zero
FNDA:1,add_mul::test_single_var
FNDA:1,<add_mul::ReductionRule as tree_morph::rule::Rule<add_mul::Expr, add_mul::Meta>>::apply
FNF:7
FNH:7
BRF:0
BRH:0
DA:25,11
DA:29,11
DA:30,0
DA:31,1
DA:32,0
DA:33,1
DA:35,0
DA:36,1
DA:37,0
DA:38,1
DA:40,7
DA:41,2
DA:42,2
DA:43,0
DA:45,2
DA:46,1
DA:47,1
DA:49,3
DA:53,11
DA:54,5
DA:55,6
DA:56,11
DA:57,11
DA:61,1
DA:62,1
DA:63,1
DA:64,1
DA:65,1
DA:66,1
DA:67,1
DA:68,1
DA:69,1
DA:72,1
DA:73,1
DA:74,1
DA:75,1
DA:76,1
DA:77,1
DA:78,1
DA:79,1
DA:80,1
DA:83,1
DA:84,1
DA:85,1
DA:86,1
DA:87,1
DA:88,1
DA:89,1
DA:90,1
DA:91,1
DA:94,1
DA:95,1
DA:96,1
DA:97,1
DA:98,1
DA:99,1
DA:100,1
DA:101,1
DA:102,1
DA:105,1
DA:106,1
DA:107,1
DA:108,1
DA:109,1
DA:110,1
DA:111,1
DA:112,1
DA:113,1
DA:114,1
DA:115,1
DA:116,1
LF:71
LH:66
end_of_record
SF:crates/tree_morph/src/reduce.rs
FN:52,tree_morph::reduce::reduce_with_rules::<_, _, _, _>
FN:78,tree_morph::reduce::reduce_with_rule_groups::<rule_groups::Expr, (), rule_groups::Rl, tree_morph::helpers::select_first<rule_groups::Expr, (), rule_groups::Rl>>::{closure#0}::{closure#0}::{closure#0}::{closure#0}
FN:20,tree_morph::reduce::reduce::<add_mul::Expr, add_mul::Meta, tree_morph::reduce::reduce_with_rule_groups<add_mul::Expr, add_mul::Meta, add_mul::ReductionRule, tree_morph::helpers::select_first<add_mul::Expr, add_mul::Meta, add_mul::ReductionRule>>::{closure#0}::{closure#0}>
FN:79,tree_morph::reduce::reduce_with_rule_groups::<rule_groups::Expr, (), rule_groups::Rl, tree_morph::helpers::select_first<rule_groups::Expr, (), rule_groups::Rl>>::{closure#0}::{closure#0}::{closure#0}::{closure#1}
FN:77,tree_morph::reduce::reduce_with_rule_groups::<add_mul::Expr, add_mul::Meta, add_mul::ReductionRule, tree_morph::helpers::select_first<add_mul::Expr, add_mul::Meta, add_mul::ReductionRule>>::{closure#0}::{closure#0}::{closure#0}
FN:75,tree_morph::reduce::reduce_with_rule_groups::<_, _, _, _>::{closure#0}
FN:20,tree_morph::reduce::reduce::<rule_groups::Expr, (), tree_morph::reduce::reduce_with_rule_groups<rule_groups::Expr, (), rule_groups::Rl, tree_morph::helpers::select_first<rule_groups::Expr, (), rule_groups::Rl>>::{closure#0}::{closure#0}>
FN:77,tree_morph::reduce::reduce_with_rule_groups::<rule_groups::Expr, (), rule_groups::Rl, tree_morph::helpers::select_first<rule_groups::Expr, (), rule_groups::Rl>>::{closure#0}::{closure#0}::{closure#0}
FN:77,tree_morph::reduce::reduce_with_rule_groups::<_, _, _, _>::{closure#0}::{closure#0}::{closure#0}
FN:20,tree_morph::reduce::reduce::<rust_out::Expr, (), tree_morph::reduce::reduce_with_rule_groups<rust_out::Expr, (), rust_out::ReductionRule, tree_morph::helpers::select_first<rust_out::Expr, (), rust_out::ReductionRule>>::{closure#0}::{closure#0}>
FN:76,tree_morph::reduce::reduce_with_rule_groups::<_, _, _, _>::{closure#0}::{closure#0}
FN:67,tree_morph::reduce::reduce_with_rule_groups::<add_mul::Expr, add_mul::Meta, add_mul::ReductionRule, tree_morph::helpers::select_first<add_mul::Expr, add_mul::Meta, add_mul::ReductionRule>>
FN:75,tree_morph::reduce::reduce_with_rule_groups::<rule_groups::Expr, (), rule_groups::Rl, tree_morph::helpers::select_first<rule_groups::Expr, (), rule_groups::Rl>>::{closure#0}
FN:20,tree_morph::reduce::reduce::<lambda_calc::Expr, u32, lambda_calc::transform_beta_reduce>
FN:82,tree_morph::reduce::reduce_with_rule_groups::<rule_groups::Expr, (), rule_groups::Rl, tree_morph::helpers::select_first<rule_groups::Expr, (), rule_groups::Rl>>::{closure#0}::{closure#0}::{closure#1}
FN:79,tree_morph::reduce::reduce_with_rule_groups::<_, _, _, _>::{closure#0}::{closure#0}::{closure#0}::{closure#1}
FN:20,tree_morph::reduce::reduce::<_, _, _>
FN:75,tree_morph::reduce::reduce_with_rule_groups::<rust_out::Expr, (), rust_out::ReductionRule, tree_morph::helpers::select_first<rust_out::Expr, (), rust_out::ReductionRule>>::{closure#0}
FN:82,tree_morph::reduce::reduce_with_rule_groups::<rust_out::Expr, (), rust_out::ReductionRule, tree_morph::helpers::select_first<rust_out::Expr, (), rust_out::ReductionRule>>::{closure#0}::{closure#0}::{closure#1}
FN:82,tree_morph::reduce::reduce_with_rule_groups::<_, _, _, _>::{closure#0}::{closure#0}::{closure#1}
FN:75,tree_morph::reduce::reduce_with_rule_groups::<add_mul::Expr, add_mul::Meta, add_mul::ReductionRule, tree_morph::helpers::select_first<add_mul::Expr, add_mul::Meta, add_mul::ReductionRule>>::{closure#0}
FN:52,tree_morph::reduce::reduce_with_rules::<add_mul::Expr, add_mul::Meta, add_mul::ReductionRule, tree_morph::helpers::select_first<add_mul::Expr, add_mul::Meta, add_mul::ReductionRule>>
FN:78,tree_morph::reduce::reduce_with_rule_groups::<rust_out::Expr, (), rust_out::ReductionRule, tree_morph::helpers::select_first<rust_out::Expr, (), rust_out::ReductionRule>>::{closure#0}::{closure#0}::{closure#0}::{closure#0}
FN:76,tree_morph::reduce::reduce_with_rule_groups::<rule_groups::Expr, (), rule_groups::Rl, tree_morph::helpers::select_first<rule_groups::Expr, (), rule_groups::Rl>>::{closure#0}::{closure#0}
FN:78,tree_morph::reduce::reduce_with_rule_groups::<add_mul::Expr, add_mul::Meta, add_mul::ReductionRule, tree_morph::helpers::select_first<add_mul::Expr, add_mul::Meta, add_mul::ReductionRule>>::{closure#0}::{closure#0}::{closure#0}::{closure#0}
FN:67,tree_morph::reduce::reduce_with_rule_groups::<rust_out::Expr, (), rust_out::ReductionRule, tree_morph::helpers::select_first<rust_out::Expr, (), rust_out::ReductionRule>>
FN:67,tree_morph::reduce::reduce_with_rule_groups::<_, _, _, _>
FN:76,tree_morph::reduce::reduce_with_rule_groups::<rust_out::Expr, (), rust_out::ReductionRule, tree_morph::helpers::select_first<rust_out::Expr, (), rust_out::ReductionRule>>::{closure#0}::{closure#0}
FN:79,tree_morph::reduce::reduce_with_rule_groups::<add_mul::Expr, add_mul::Meta, add_mul::ReductionRule, tree_morph::helpers::select_first<add_mul::Expr, add_mul::Meta, add_mul::ReductionRule>>::{closure#0}::{closure#0}::{closure#0}::{closure#1}
FN:20,tree_morph::reduce::reduce::<depend_meta::Expr, bool, depend_meta::transform>
FN:79,tree_morph::reduce::reduce_with_rule_groups::<rust_out::Expr, (), rust_out::ReductionRule, tree_morph::helpers::select_first<rust_out::Expr, (), rust_out::ReductionRule>>::{closure#0}::{closure#0}::{closure#0}::{closure#1}
FN:77,tree_morph::reduce::reduce_with_rule_groups::<rust_out::Expr, (), rust_out::ReductionRule, tree_morph::helpers::select_first<rust_out::Expr, (), rust_out::ReductionRule>>::{closure#0}::{closure#0}::{closure#0}
FN:82,tree_morph::reduce::reduce_with_rule_groups::<add_mul::Expr, add_mul::Meta, add_mul::ReductionRule, tree_morph::helpers::select_first<add_mul::Expr, add_mul::Meta, add_mul::ReductionRule>>::{closure#0}::{closure#0}::{closure#1}
FN:78,tree_morph::reduce::reduce_with_rule_groups::<_, _, _, _>::{closure#0}::{closure#0}::{closure#0}::{closure#0}
FN:76,tree_morph::reduce::reduce_with_rule_groups::<add_mul::Expr, add_mul::Meta, add_mul::ReductionRule, tree_morph::helpers::select_first<add_mul::Expr, add_mul::Meta, add_mul::ReductionRule>>::{closure#0}::{closure#0}
FN:67,tree_morph::reduce::reduce_with_rule_groups::<rule_groups::Expr, (), rule_groups::Rl, tree_morph::helpers::select_first<rule_groups::Expr, (), rule_groups::Rl>>
FN:52,tree_morph::reduce::reduce_with_rules::<rust_out::Expr, (), rust_out::ReductionRule, tree_morph::helpers::select_first<rust_out::Expr, (), rust_out::ReductionRule>>
FNDA:0,tree_morph::reduce::reduce_with_rules::<_, _, _, _>
FNDA:1,tree_morph::reduce::reduce_with_rule_groups::<rule_groups::Expr, (), rule_groups::Rl, tree_morph::helpers::select_first<rule_groups::Expr, (), rule_groups::Rl>>::{closure#0}::{closure#0}::{closure#0}::{closure#0}
FNDA:1,tree_morph::reduce::reduce::<add_mul::Expr, add_mul::Meta, tree_morph::reduce::reduce_with_rule_groups<add_mul::Expr, add_mul::Meta, add_mul::ReductionRule, tree_morph::helpers::select_first<add_mul::Expr, add_mul::Meta, add_mul::ReductionRule>>::{closure#0}::{closure#0}>
FNDA:1,tree_morph::reduce::reduce_with_rule_groups::<rule_groups::Expr, (), rule_groups::Rl, tree_morph::helpers::select_first<rule_groups::Expr, (), rule_groups::Rl>>::{closure#0}::{closure#0}::{closure#0}::{closure#1}
FNDA:1,tree_morph::reduce::reduce_with_rule_groups::<add_mul::Expr, add_mul::Meta, add_mul::ReductionRule, tree_morph::helpers::select_first<add_mul::Expr, add_mul::Meta, add_mul::ReductionRule>>::{closure#0}::{closure#0}::{closure#0}
FNDA:0,tree_morph::reduce::reduce_with_rule_groups::<_, _, _, _>::{closure#0}
FNDA:1,tree_morph::reduce::reduce::<rule_groups::Expr, (), tree_morph::reduce::reduce_with_rule_groups<rule_groups::Expr, (), rule_groups::Rl, tree_morph::helpers::select_first<rule_groups::Expr, (), rule_groups::Rl>>::{closure#0}::{closure#0}>
FNDA:1,tree_morph::reduce::reduce_with_rule_groups::<rule_groups::Expr, (), rule_groups::Rl, tree_morph::helpers::select_first<rule_groups::Expr, (), rule_groups::Rl>>::{closure#0}::{closure#0}::{closure#0}
FNDA:0,tree_morph::reduce::reduce_with_rule_groups::<_, _, _, _>::{closure#0}::{closure#0}::{closure#0}
FNDA:1,tree_morph::reduce::reduce::<rust_out::Expr, (), tree_morph::reduce::reduce_with_rule_groups<rust_out::Expr, (), rust_out::ReductionRule, tree_morph::helpers::select_first<rust_out::Expr, (), rust_out::ReductionRule>>::{closure#0}::{closure#0}>
FNDA:0,tree_morph::reduce::reduce_with_rule_groups::<_, _, _, _>::{closure#0}::{closure#0}
FNDA:1,tree_morph::reduce::reduce_with_rule_groups::<add_mul::Expr, add_mul::Meta, add_mul::ReductionRule, tree_morph::helpers::select_first<add_mul::Expr, add_mul::Meta, add_mul::ReductionRule>>
FNDA:1,tree_morph::reduce::reduce_with_rule_groups::<rule_groups::Expr, (), rule_groups::Rl, tree_morph::helpers::select_first<rule_groups::Expr, (), rule_groups::Rl>>::{closure#0}
FNDA:1,tree_morph::reduce::reduce::<lambda_calc::Expr, u32, lambda_calc::transform_beta_reduce>
FNDA:1,tree_morph::reduce::reduce_with_rule_groups::<rule_groups::Expr, (), rule_groups::Rl, tree_morph::helpers::select_first<rule_groups::Expr, (), rule_groups::Rl>>::{closure#0}::{closure#0}::{closure#1}
FNDA:0,tree_morph::reduce::reduce_with_rule_groups::<_, _, _, _>::{closure#0}::{closure#0}::{closure#0}::{closure#1}
FNDA:0,tree_morph::reduce::reduce::<_, _, _>
FNDA:1,tree_morph::reduce::reduce_with_rule_groups::<rust_out::Expr, (), rust_out::ReductionRule, tree_morph::helpers::select_first<rust_out::Expr, (), rust_out::ReductionRule>>::{closure#0}
FNDA:1,tree_morph::reduce::reduce_with_rule_groups::<rust_out::Expr, (), rust_out::ReductionRule, tree_morph::helpers::select_first<rust_out::Expr, (), rust_out::ReductionRule>>::{closure#0}::{closure#0}::{closure#1}
FNDA:0,tree_morph::reduce::reduce_with_rule_groups::<_, _, _, _>::{closure#0}::{closure#0}::{closure#1}
FNDA:1,tree_morph::reduce::reduce_with_rule_groups::<add_mul::Expr, add_mul::Meta, add_mul::ReductionRule, tree_morph::helpers::select_first<add_mul::Expr, add_mul::Meta, add_mul::ReductionRule>>::{closure#0}
FNDA:1,tree_morph::reduce::reduce_with_rules::<add_mul::Expr, add_mul::Meta, add_mul::ReductionRule, tree_morph::helpers::select_first<add_mul::Expr, add_mul::Meta, add_mul::ReductionRule>>
FNDA:1,tree_morph::reduce::reduce_with_rule_groups::<rust_out::Expr, (), rust_out::ReductionRule, tree_morph::helpers::select_first<rust_out::Expr, (), rust_out::ReductionRule>>::{closure#0}::{closure#0}::{closure#0}::{closure#0}
FNDA:1,tree_morph::reduce::reduce_with_rule_groups::<rule_groups::Expr, (), rule_groups::Rl, tree_morph::helpers::select_first<rule_groups::Expr, (), rule_groups::Rl>>::{closure#0}::{closure#0}
FNDA:1,tree_morph::reduce::reduce_with_rule_groups::<add_mul::Expr, add_mul::Meta, add_mul::ReductionRule, tree_morph::helpers::select_first<add_mul::Expr, add_mul::Meta, add_mul::ReductionRule>>::{closure#0}::{closure#0}::{closure#0}::{closure#0}
FNDA:1,tree_morph::reduce::reduce_with_rule_groups::<rust_out::Expr, (), rust_out::ReductionRule, tree_morph::helpers::select_first<rust_out::Expr, (), rust_out::ReductionRule>>
FNDA:0,tree_morph::reduce::reduce_with_rule_groups::<_, _, _, _>
FNDA:1,tree_morph::reduce::reduce_with_rule_groups::<rust_out::Expr, (), rust_out::ReductionRule, tree_morph::helpers::select_first<rust_out::Expr, (), rust_out::ReductionRule>>::{closure#0}::{closure#0}
FNDA:1,tree_morph::reduce::reduce_with_rule_groups::<add_mul::Expr, add_mul::Meta, add_mul::ReductionRule, tree_morph::helpers::select_first<add_mul::Expr, add_mul::Meta, add_mul::ReductionRule>>::{closure#0}::{closure#0}::{closure#0}::{closure#1}
FNDA:0,tree_morph::reduce::reduce::<depend_meta::Expr, bool, depend_meta::transform>
FNDA:1,tree_morph::reduce::reduce_with_rule_groups::<rust_out::Expr, (), rust_out::ReductionRule, tree_morph::helpers::select_first<rust_out::Expr, (), rust_out::ReductionRule>>::{closure#0}::{closure#0}::{closure#0}::{closure#1}
FNDA:1,tree_morph::reduce::reduce_with_rule_groups::<rust_out::Expr, (), rust_out::ReductionRule, tree_morph::helpers::select_first<rust_out::Expr, (), rust_out::ReductionRule>>::{closure#0}::{closure#0}::{closure#0}
FNDA:1,tree_morph::reduce::reduce_with_rule_groups::<add_mul::Expr, add_mul::Meta, add_mul::ReductionRule, tree_morph::helpers::select_first<add_mul::Expr, add_mul::Meta, add_mul::ReductionRule>>::{closure#0}::{closure#0}::{closure#1}
FNDA:0,tree_morph::reduce::reduce_with_rule_groups::<_, _, _, _>::{closure#0}::{closure#0}::{closure#0}::{closure#0}
FNDA:1,tree_morph::reduce::reduce_with_rule_groups::<add_mul::Expr, add_mul::Meta, add_mul::ReductionRule, tree_morph::helpers::select_first<add_mul::Expr, add_mul::Meta, add_mul::ReductionRule>>::{closure#0}::{closure#0}
FNDA:1,tree_morph::reduce::reduce_with_rule_groups::<rule_groups::Expr, (), rule_groups::Rl, tree_morph::helpers::select_first<rule_groups::Expr, (), rule_groups::Rl>>
FNDA:1,tree_morph::reduce::reduce_with_rules::<rust_out::Expr, (), rust_out::ReductionRule, tree_morph::helpers::select_first<rust_out::Expr, (), rust_out::ReductionRule>>
FNF:37
FNH:27
BRF:0
BRH:0
DA:20,15
DA:21,15
DA:22,15
DA:23,15
DA:24,15
DA:25,15
DA:27,40
DA:28,41
DA:30,67
DA:31,67
DA:33,67
DA:34,25
DA:35,25
DA:36,25
DA:37,25
DA:38,42
DA:42,15
DA:43,15
DA:44,15
DA:45,15
DA:52,6
DA:53,6
DA:54,6
DA:55,6
DA:56,6
DA:57,6
DA:58,6
DA:59,6
DA:67,8
DA:68,8
DA:69,8
DA:70,8
DA:71,8
DA:72,8
DA:73,8
DA:74,8
DA:75,9
DA:76,46
DA:77,201
DA:78,201
DA:79,201
DA:80,201
DA:81,46
DA:82,46
DA:83,17
DA:84,17
DA:85,17
DA:86,46
DA:87,46
DA:88,9
DA:89,8
DA:90,8
DA:91,8
LF:53
LH:53
end_of_record
SF:crates/conjure_core/src/ast/symbol_table.rs
FN:197,<conjure_core::ast::symbol_table::SymbolTable>::get_value_letting
FN:269,<conjure_core::ast::symbol_table::SymbolTable>::add_var
FN:440,<conjure_core::ast::symbol_table::SymbolTable as core::default::Default>::default
FN:254,<conjure_core::ast::symbol_table::SymbolTable>::get_domain_letting_mut
FN:212,<conjure_core::ast::symbol_table::SymbolTable>::get_value_letting_mut
FN:223,<conjure_core::ast::symbol_table::SymbolTable>::iter_domain_letting::{closure#0}
FN:364,<conjure_core::ast::symbol_table::SymbolTable>::domain_of_mut
FN:123,<conjure_core::ast::symbol_table::SymbolTable>::iter_var::{closure#0}
FN:197,<conjure_core::ast::symbol_table::SymbolTable>::get_value_letting
FN:158,<conjure_core::ast::symbol_table::SymbolTable>::get_var_mut
FN:223,<conjure_core::ast::symbol_table::SymbolTable>::iter_domain_letting::{closure#0}
FN:254,<conjure_core::ast::symbol_table::SymbolTable>::get_domain_letting_mut
FN:180,<conjure_core::ast::symbol_table::SymbolTable>::iter_value_letting_mut
FN:111,<conjure_core::ast::symbol_table::SymbolTable>::keys
FN:330,<conjure_core::ast::symbol_table::SymbolTable>::extend
FN:302,<conjure_core::ast::symbol_table::SymbolTable>::update_add_value_letting
FN:302,<conjure_core::ast::symbol_table::SymbolTable>::update_add_value_letting
FN:390,<conjure_core::ast::symbol_table::SymbolTable>::gensym
FN:77,<<conjure_core::ast::symbol_table::SymbolTable as serde::de::Deserialize>::deserialize::__Visitor as serde::de::Visitor>::visit_seq::<serde_json::de::SeqAccess<serde_json::read::StrRead>>::{closure#0}
FN:169,<conjure_core::ast::symbol_table::SymbolTable>::iter_value_letting::{closure#0}
FN:116,<conjure_core::ast::symbol_table::SymbolTable>::names
FN:116,<conjure_core::ast::symbol_table::SymbolTable>::names
FN:311,<conjure_core::ast::symbol_table::SymbolTable>::add_domain_letting
FN:97,<conjure_core::ast::symbol_table::SymbolTable>::new
FN:418,<conjure_core::ast::symbol_table::SymbolTable as uniplate::traits::Biplate<conjure_core::ast::expressions::Expression>>::biplate::{closure#1}
FN:122,<conjure_core::ast::symbol_table::SymbolTable>::iter_var
FN:405,<conjure_core::ast::symbol_table::SymbolTable as uniplate::traits::Uniplate>::uniplate::{closure#0}
FN:373,<conjure_core::ast::symbol_table::SymbolTable>::type_of
FN:440,<conjure_core::ast::symbol_table::SymbolTable as core::default::Default>::default
FN:402,<conjure_core::ast::symbol_table::SymbolTable as uniplate::traits::Uniplate>::uniplate
FN:239,<conjure_core::ast::symbol_table::SymbolTable>::get_domain_letting
FN:413,<conjure_core::ast::symbol_table::SymbolTable as uniplate::traits::Biplate<conjure_core::ast::expressions::Expression>>::biplate::{closure#0}
FN:402,<conjure_core::ast::symbol_table::SymbolTable as uniplate::traits::Uniplate>::uniplate
FN:390,<conjure_core::ast::symbol_table::SymbolTable>::gensym
FN:122,<conjure_core::ast::symbol_table::SymbolTable>::iter_var
FN:290,<conjure_core::ast::symbol_table::SymbolTable>::add_value_letting
FN:323,<conjure_core::ast::symbol_table::SymbolTable>::update_add_domain_letting
FN:222,<conjure_core::ast::symbol_table::SymbolTable>::iter_domain_letting
FN:32,<conjure_core::ast::symbol_table::Name as core::fmt::Display>::fmt
FN:418,<conjure_core::ast::symbol_table::SymbolTable as uniplate::traits::Biplate<conjure_core::ast::expressions::Expression>>::biplate::{closure#1}
FN:355,<conjure_core::ast::symbol_table::SymbolTable>::domain_of
FN:123,<conjure_core::ast::symbol_table::SymbolTable>::iter_var::{closure#0}
FN:77,<<conjure_core::ast::symbol_table::SymbolTable as serde::de::Deserialize>::deserialize::__Visitor as serde::de::Visitor>::visit_seq::<_>::{closure#0}
FN:180,<conjure_core::ast::symbol_table::SymbolTable>::iter_value_letting_mut
FN:141,<conjure_core::ast::symbol_table::SymbolTable>::get_var
FN:405,<conjure_core::ast::symbol_table::SymbolTable as uniplate::traits::Uniplate>::uniplate::{closure#0}
FN:355,<conjure_core::ast::symbol_table::SymbolTable>::domain_of
FN:169,<conjure_core::ast::symbol_table::SymbolTable>::iter_value_letting::{closure#0}
FN:77,<<conjure_core::ast::symbol_table::SymbolTable as serde::de::Deserialize>::deserialize::__Visitor as serde::de::Visitor>::visit_seq::<_>::{closure#0}
FN:281,<conjure_core::ast::symbol_table::SymbolTable>::update_add_var
FN:410,<conjure_core::ast::symbol_table::SymbolTable as uniplate::traits::Biplate<conjure_core::ast::expressions::Expression>>::biplate
FN:413,<conjure_core::ast::symbol_table::SymbolTable as uniplate::traits::Biplate<conjure_core::ast::expressions::Expression>>::biplate::{closure#0}
FN:269,<conjure_core::ast::symbol_table::SymbolTable>::add_var
FN:212,<conjure_core::ast::symbol_table::SymbolTable>::get_value_letting_mut
FN:168,<conjure_core::ast::symbol_table::SymbolTable>::iter_value_letting
FN:373,<conjure_core::ast::symbol_table::SymbolTable>::type_of
FN:323,<conjure_core::ast::symbol_table::SymbolTable>::update_add_domain_letting
FN:410,<conjure_core::ast::symbol_table::SymbolTable as uniplate::traits::Biplate<conjure_core::ast::expressions::Expression>>::biplate
FN:330,<conjure_core::ast::symbol_table::SymbolTable>::extend
FN:97,<conjure_core::ast::symbol_table::SymbolTable>::new
FN:158,<conjure_core::ast::symbol_table::SymbolTable>::get_var_mut
FN:181,<conjure_core::ast::symbol_table::SymbolTable>::iter_value_letting_mut::{closure#0}
FN:311,<conjure_core::ast::symbol_table::SymbolTable>::add_domain_letting
FN:32,<conjure_core::ast::symbol_table::Name as core::fmt::Display>::fmt
FN:181,<conjure_core::ast::symbol_table::SymbolTable>::iter_value_letting_mut::{closure#0}
FN:222,<conjure_core::ast::symbol_table::SymbolTable>::iter_domain_letting
FN:290,<conjure_core::ast::symbol_table::SymbolTable>::add_value_letting
FN:141,<conjure_core::ast::symbol_table::SymbolTable>::get_var
FN:239,<conjure_core::ast::symbol_table::SymbolTable>::get_domain_letting
FN:364,<conjure_core::ast::symbol_table::SymbolTable>::domain_of_mut
FN:281,<conjure_core::ast::symbol_table::SymbolTable>::update_add_var
FN:111,<conjure_core::ast::symbol_table::SymbolTable>::keys
FN:168,<conjure_core::ast::symbol_table::SymbolTable>::iter_value_letting
FNDA:0,<conjure_core::ast::symbol_table::SymbolTable>::get_value_letting
FNDA:1,<conjure_core::ast::symbol_table::SymbolTable>::add_var
FNDA:1,<conjure_core::ast::symbol_table::SymbolTable as core::default::Default>::default
FNDA:0,<conjure_core::ast::symbol_table::SymbolTable>::get_domain_letting_mut
FNDA:0,<conjure_core::ast::symbol_table::SymbolTable>::get_value_letting_mut
FNDA:0,<conjure_core::ast::symbol_table::SymbolTable>::iter_domain_letting::{closure#0}
FNDA:0,<conjure_core::ast::symbol_table::SymbolTable>::domain_of_mut
FNDA:1,<conjure_core::ast::symbol_table::SymbolTable>::iter_var::{closure#0}
FNDA:1,<conjure_core::ast::symbol_table::SymbolTable>::get_value_letting
FNDA:0,<conjure_core::ast::symbol_table::SymbolTable>::get_var_mut
FNDA:1,<conjure_core::ast::symbol_table::SymbolTable>::iter_domain_letting::{closure#0}
FNDA:0,<conjure_core::ast::symbol_table::SymbolTable>::get_domain_letting_mut
FNDA:0,<conjure_core::ast::symbol_table::SymbolTable>::iter_value_letting_mut
FNDA:0,<conjure_core::ast::symbol_table::SymbolTable>::keys
FNDA:1,<conjure_core::ast::symbol_table::SymbolTable>::extend
FNDA:0,<conjure_core::ast::symbol_table::SymbolTable>::update_add_value_letting
FNDA:0,<conjure_core::ast::symbol_table::SymbolTable>::update_add_value_letting
FNDA:1,<conjure_core::ast::symbol_table::SymbolTable>::gensym
FNDA:0,<<conjure_core::ast::symbol_table::SymbolTable as serde::de::Deserialize>::deserialize::__Visitor as serde::de::Visitor>::visit_seq::<serde_json::de::SeqAccess<serde_json::read::StrRead>>::{closure#0}
FNDA:1,<conjure_core::ast::symbol_table::SymbolTable>::iter_value_letting::{closure#0}
FNDA:0,<conjure_core::ast::symbol_table::SymbolTable>::names
FNDA:1,<conjure_core::ast::symbol_table::SymbolTable>::names
FNDA:0,<conjure_core::ast::symbol_table::SymbolTable>::add_domain_letting
FNDA:1,<conjure_core::ast::symbol_table::SymbolTable>::new
FNDA:0,<conjure_core::ast::symbol_table::SymbolTable as uniplate::traits::Biplate<conjure_core::ast::expressions::Expression>>::biplate::{closure#1}
FNDA:1,<conjure_core::ast::symbol_table::SymbolTable>::iter_var
FNDA:0,<conjure_core::ast::symbol_table::SymbolTable as uniplate::traits::Uniplate>::uniplate::{closure#0}
FNDA:0,<conjure_core::ast::symbol_table::SymbolTable>::type_of
FNDA:0,<conjure_core::ast::symbol_table::SymbolTable as core::default::Default>::default
FNDA:0,<conjure_core::ast::symbol_table::SymbolTable as uniplate::traits::Uniplate>::uniplate
FNDA:0,<conjure_core::ast::symbol_table::SymbolTable>::get_domain_letting
FNDA:0,<conjure_core::ast::symbol_table::SymbolTable as uniplate::traits::Biplate<conjure_core::ast::expressions::Expression>>::biplate::{closure#0}
FNDA:0,<conjure_core::ast::symbol_table::SymbolTable as uniplate::traits::Uniplate>::uniplate
FNDA:0,<conjure_core::ast::symbol_table::SymbolTable>::gensym
FNDA:0,<conjure_core::ast::symbol_table::SymbolTable>::iter_var
FNDA:1,<conjure_core::ast::symbol_table::SymbolTable>::add_value_letting
FNDA:0,<conjure_core::ast::symbol_table::SymbolTable>::update_add_domain_letting
FNDA:1,<conjure_core::ast::symbol_table::SymbolTable>::iter_domain_letting
FNDA:0,<conjure_core::ast::symbol_table::Name as core::fmt::Display>::fmt
FNDA:1,<conjure_core::ast::symbol_table::SymbolTable as uniplate::traits::Biplate<conjure_core::ast::expressions::Expression>>::biplate::{closure#1}
FNDA:1,<conjure_core::ast::symbol_table::SymbolTable>::domain_of
FNDA:0,<conjure_core::ast::symbol_table::SymbolTable>::iter_var::{closure#0}
FNDA:0,<<conjure_core::ast::symbol_table::SymbolTable as serde::de::Deserialize>::deserialize::__Visitor as serde::de::Visitor>::visit_seq::<_>::{closure#0}
FNDA:1,<conjure_core::ast::symbol_table::SymbolTable>::iter_value_letting_mut
FNDA:0,<conjure_core::ast::symbol_table::SymbolTable>::get_var
FNDA:0,<conjure_core::ast::symbol_table::SymbolTable as uniplate::traits::Uniplate>::uniplate::{closure#0}
FNDA:1,<conjure_core::ast::symbol_table::SymbolTable>::domain_of
FNDA:0,<conjure_core::ast::symbol_table::SymbolTable>::iter_value_letting::{closure#0}
FNDA:0,<<conjure_core::ast::symbol_table::SymbolTable as serde::de::Deserialize>::deserialize::__Visitor as serde::de::Visitor>::visit_seq::<_>::{closure#0}
FNDA:0,<conjure_core::ast::symbol_table::SymbolTable>::update_add_var
FNDA:1,<conjure_core::ast::symbol_table::SymbolTable as uniplate::traits::Biplate<conjure_core::ast::expressions::Expression>>::biplate
FNDA:1,<conjure_core::ast::symbol_table::SymbolTable as uniplate::traits::Biplate<conjure_core::ast::expressions::Expression>>::biplate::{closure#0}
FNDA:1,<conjure_core::ast::symbol_table::SymbolTable>::add_var
FNDA:0,<conjure_core::ast::symbol_table::SymbolTable>::get_value_letting_mut
FNDA:0,<conjure_core::ast::symbol_table::SymbolTable>::iter_value_letting
FNDA:0,<conjure_core::ast::symbol_table::SymbolTable>::type_of
FNDA:0,<conjure_core::ast::symbol_table::SymbolTable>::update_add_domain_letting
FNDA:0,<conjure_core::ast::symbol_table::SymbolTable as uniplate::traits::Biplate<conjure_core::ast::expressions::Expression>>::biplate
FNDA:0,<conjure_core::ast::symbol_table::SymbolTable>::extend
FNDA:1,<conjure_core::ast::symbol_table::SymbolTable>::new
FNDA:0,<conjure_core::ast::symbol_table::SymbolTable>::get_var_mut
FNDA:1,<conjure_core::ast::symbol_table::SymbolTable>::iter_value_letting_mut::{closure#0}
FNDA:1,<conjure_core::ast::symbol_table::SymbolTable>::add_domain_letting
FNDA:1,<conjure_core::ast::symbol_table::Name as core::fmt::Display>::fmt
FNDA:0,<conjure_core::ast::symbol_table::SymbolTable>::iter_value_letting_mut::{closure#0}
FNDA:0,<conjure_core::ast::symbol_table::SymbolTable>::iter_domain_letting
FNDA:0,<conjure_core::ast::symbol_table::SymbolTable>::add_value_letting
FNDA:1,<conjure_core::ast::symbol_table::SymbolTable>::get_var
FNDA:1,<conjure_core::ast::symbol_table::SymbolTable>::get_domain_letting
FNDA:1,<conjure_core::ast::symbol_table::SymbolTable>::domain_of_mut
FNDA:0,<conjure_core::ast::symbol_table::SymbolTable>::update_add_var
FNDA:0,<conjure_core::ast::symbol_table::SymbolTable>::keys
FNDA:1,<conjure_core::ast::symbol_table::SymbolTable>::iter_value_letting
FNF:73
FNH:28
BRF:0
BRH:0
DA:32,535483
DA:33,535483
DA:34,378726
DA:35,156757
DA:37,535483
DA:77,0
DA:97,17398
DA:98,17398
DA:99,17398
DA:100,17398
DA:101,17398
DA:102,17398
DA:111,0
DA:112,0
DA:113,0
DA:116,254422
DA:117,254422
DA:118,254422
DA:122,4522
DA:123,14382
DA:124,14382
DA:125,14076
DA:127,306
DA:129,14382
DA:130,4522
DA:141,10472
DA:142,10472
DA:143,10472
DA:145,0
DA:147,10472
DA:158,0
DA:159,0
DA:160,0
DA:162,0
DA:164,0
DA:168,103377
DA:169,728093
DA:170,728093
DA:171,3468
DA:173,724625
DA:175,728093
DA:176,103377
DA:180,12104
DA:181,88077
DA:182,88077
DA:183,425
DA:185,87652
DA:187,88077
DA:188,12104
DA:197,57766
DA:198,57766
DA:199,204
DA:201,57562
DA:203,57766
DA:212,0
DA:213,0
DA:214,0
DA:216,0
DA:218,0
DA:222,2992
DA:223,9418
DA:224,9418
DA:225,68
DA:227,9350
DA:229,9418
DA:230,2992
DA:239,102
DA:240,102
DA:241,102
DA:243,0
DA:245,102
DA:254,0
DA:255,0
DA:256,0
DA:258,0
DA:260,0
DA:269,8962
DA:270,8962
DA:271,8962
DA:272,8962
DA:274,0
DA:276,8962
DA:281,0
DA:282,0
DA:283,0
DA:284,0
DA:290,68
DA:291,68
DA:292,68
DA:293,68
DA:295,0
DA:297,68
DA:302,0
DA:303,0
DA:304,0
DA:305,0
DA:311,34
DA:312,34
DA:313,34
DA:314,34
DA:316,0
DA:318,34
DA:323,0
DA:324,0
DA:325,0
DA:326,0
DA:330,12104
DA:331,12104
DA:332,1139
DA:333,1139
DA:335,1258
DA:336,1258
DA:337,1258
DA:338,0
DA:339,1258
DA:340,1258
DA:341,1258
DA:342,1258
DA:346,10965
DA:347,12104
DA:348,12104
DA:355,3287
DA:356,3287
DA:357,3286
DA:358,0
DA:359,0
DA:361,3287
DA:364,3757765
DA:365,3757765
DA:366,3756201
DA:367,1054
DA:368,510
DA:370,3757765
DA:373,0
DA:374,0
DA:375,0
DA:376,0
DA:377,0
DA:378,0
DA:380,0
DA:381,0
DA:382,0
DA:383,0
DA:384,0
DA:387,0
DA:390,1938
DA:391,1938
DA:392,1938
DA:393,1938
DA:394,1938
DA:402,0
DA:403,0
DA:404,0
DA:405,0
DA:406,0
DA:410,100385
DA:411,100385
DA:412,100385
DA:413,100385
DA:414,100385
DA:415,100385
DA:416,100385
DA:417,100385
DA:418,100385
DA:419,12104
DA:420,0
DA:423,12104
DA:424,12104
DA:425,425
DA:426,0
DA:429,425
DA:432,12104
DA:433,100385
DA:434,100385
DA:435,100385
DA:436,100385
DA:440,2652
DA:441,2652
DA:442,2652
LF:179
LH:121
end_of_record
SF:solvers/minion/src/lib.rs
FN:29,rust_out::main
FN:29,rust_out::main::_doctest_main_solvers_minion_src_lib_rs_28_0
FN:40,rust_out::main::_doctest_main_solvers_minion_src_lib_rs_28_0::callback
FNDA:1,rust_out::main
FNDA:1,rust_out::main::_doctest_main_solvers_minion_src_lib_rs_28_0
FNDA:1,rust_out::main::_doctest_main_solvers_minion_src_lib_rs_28_0::callback
FNF:3
FNH:3
BRF:0
BRH:0
DA:29,1
DA:40,1
DA:41,1
DA:42,1
DA:43,1
DA:44,1
DA:47,1
DA:48,1
DA:49,1
DA:50,1
DA:51,1
DA:52,1
DA:53,1
DA:54,1
DA:55,1
DA:56,1
DA:57,1
DA:58,1
DA:59,1
DA:60,1
DA:61,1
DA:62,1
DA:63,1
DA:64,1
DA:65,1
DA:66,1
DA:67,1
DA:68,1
DA:69,1
DA:70,1
DA:71,1
DA:72,1
DA:73,1
DA:74,1
DA:75,1
DA:76,1
DA:77,1
DA:78,1
DA:79,1
DA:80,1
DA:81,1
DA:82,1
DA:83,1
DA:84,1
DA:85,1
DA:86,1
DA:87,1
DA:88,1
DA:89,1
DA:90,1
DA:91,1
DA:92,1
DA:93,1
DA:94,1
DA:95,1
DA:96,1
DA:97,1
DA:98,1
DA:99,1
DA:100,1
DA:101,1
LF:61
LH:61
end_of_record
SF:crates/conjure_core/src/solver/model_modifier.rs
FN:27,<_ as conjure_core::solver::model_modifier::ModelModifier>::add_variable
FN:23,<_ as conjure_core::solver::model_modifier::ModelModifier>::add_constraint
FN:23,<_ as conjure_core::solver::model_modifier::ModelModifier>::add_constraint
FN:27,<_ as conjure_core::solver::model_modifier::ModelModifier>::add_variable
FNDA:0,<_ as conjure_core::solver::model_modifier::ModelModifier>::add_variable
FNDA:0,<_ as conjure_core::solver::model_modifier::ModelModifier>::add_constraint
FNDA:0,<_ as conjure_core::solver::model_modifier::ModelModifier>::add_constraint
FNDA:0,<_ as conjure_core::solver::model_modifier::ModelModifier>::add_variable
FNF:4
FNH:0
BRF:0
BRH:0
DA:23,0
DA:24,0
DA:25,0
DA:27,0
DA:28,0
DA:29,0
LF:6
LH:0
end_of_record
SF:crates/tree_morph/tests/depend_meta.rs
FN:21,depend_meta::transform::{closure#0}
FN:16,depend_meta::transform
FN:29,depend_meta::test_meta_branching_side_effect
FNDA:0,depend_meta::transform::{closure#0}
FNDA:0,depend_meta::transform
FNDA:0,depend_meta::test_meta_branching_side_effect
FNF:3
FNH:0
BRF:0
BRH:0
DA:16,0
DA:17,0
DA:18,0
DA:19,0
DA:20,0
DA:21,0
DA:22,0
DA:23,0
DA:24,0
DA:25,0
DA:29,0
DA:30,0
DA:31,0
DA:32,0
DA:33,0
DA:34,0
LF:16
LH:0
end_of_record
SF:solvers/minion/src/ast.rs
FN:200,<minion_rs::ast::SymbolTable>::contains
FN:28,<minion_rs::ast::Model as core::default::Default>::default
FN:175,<minion_rs::ast::SymbolTable>::add_var
FN:200,<minion_rs::ast::SymbolTable>::contains
FN:163,<minion_rs::ast::SymbolTable>::new
FN:19,<minion_rs::ast::Model>::new
FN:175,<minion_rs::ast::SymbolTable>::add_var
FN:19,<minion_rs::ast::Model>::new
FN:196,<minion_rs::ast::SymbolTable>::get_variable_order
FN:28,<minion_rs::ast::Model as core::default::Default>::default
FN:191,<minion_rs::ast::SymbolTable>::get_vartype
FN:191,<minion_rs::ast::SymbolTable>::get_vartype
FN:196,<minion_rs::ast::SymbolTable>::get_variable_order
FN:163,<minion_rs::ast::SymbolTable>::new
FNDA:0,<minion_rs::ast::SymbolTable>::contains
FNDA:0,<minion_rs::ast::Model as core::default::Default>::default
FNDA:0,<minion_rs::ast::SymbolTable>::add_var
FNDA:0,<minion_rs::ast::SymbolTable>::contains
FNDA:0,<minion_rs::ast::SymbolTable>::new
FNDA:1,<minion_rs::ast::Model>::new
FNDA:1,<minion_rs::ast::SymbolTable>::add_var
FNDA:0,<minion_rs::ast::Model>::new
FNDA:1,<minion_rs::ast::SymbolTable>::get_variable_order
FNDA:0,<minion_rs::ast::Model as core::default::Default>::default
FNDA:1,<minion_rs::ast::SymbolTable>::get_vartype
FNDA:0,<minion_rs::ast::SymbolTable>::get_vartype
FNDA:0,<minion_rs::ast::SymbolTable>::get_variable_order
FNDA:1,<minion_rs::ast::SymbolTable>::new
FNF:14
FNH:5
BRF:0
BRH:0
DA:19,1953
DA:20,1953
DA:21,1953
DA:22,1953
DA:23,1953
DA:24,1953
DA:28,0
DA:29,0
DA:30,0
DA:163,1953
DA:164,1953
DA:165,1953
DA:166,1953
DA:167,1953
DA:168,1953
DA:175,6195
DA:176,6195
DA:177,0
DA:178,6195
DA:179,6195
DA:180,6195
DA:181,6195
DA:182,6195
DA:183,6195
DA:184,6195
DA:191,6195
DA:192,6195
DA:193,6195
DA:196,1953
DA:197,1953
DA:198,1953
DA:200,0
DA:201,0
DA:202,0
LF:34
LH:27
end_of_record
SF:crates/conjure_core/src/rule_engine/rewriter_common.rs
FN:115,<conjure_core::rule_engine::rewriter_common::RewriteError as core::convert::From<conjure_core::rule_engine::resolve_rules::ResolveRulesError>>::from
FN:28,conjure_core::rule_engine::rewriter_common::log_rule_application
FN:28,conjure_core::rule_engine::rewriter_common::log_rule_application
FN:115,<conjure_core::rule_engine::rewriter_common::RewriteError as core::convert::From<conjure_core::rule_engine::resolve_rules::ResolveRulesError>>::from
FNDA:0,<conjure_core::rule_engine::rewriter_common::RewriteError as core::convert::From<conjure_core::rule_engine::resolve_rules::ResolveRulesError>>::from
FNDA:1,conjure_core::rule_engine::rewriter_common::log_rule_application
FNDA:0,conjure_core::rule_engine::rewriter_common::log_rule_application
FNDA:0,<conjure_core::rule_engine::rewriter_common::RewriteError as core::convert::From<conjure_core::rule_engine::resolve_rules::ResolveRulesError>>::from
FNF:4
FNH:1
BRF:0
BRH:0
DA:28,12104
DA:29,12104
DA:30,12104
DA:31,12104
DA:32,12104
DA:33,12104
DA:34,12104
DA:35,12104
DA:36,12104
DA:37,12104
DA:39,0
DA:47,12104
DA:48,10965
DA:50,1139
DA:52,2703
DA:53,1564
DA:54,1564
DA:56,1139
DA:57,1139
DA:58,1139
DA:63,12104
DA:64,12104
DA:66,12104
DA:67,1258
DA:68,1258
DA:69,1258
DA:70,1258
DA:71,1258
DA:72,1258
DA:73,12104
DA:74,10965
DA:76,1139
DA:80,12104
DA:82,12036
DA:91,12104
DA:93,12036
DA:94,12036
DA:95,12036
DA:96,12036
DA:97,12036
DA:98,12036
DA:99,12036
DA:100,12036
DA:101,12036
DA:102,12036
DA:105,12104
DA:115,0
DA:116,0
DA:117,0
LF:49
LH:45
end_of_record
SF:crates/conjure_core/src/rule_engine/rule.rs
FN:176,<conjure_core::rule_engine::rule::Rule as core::fmt::Display>::fmt
FN:46,rust_out::main
FN:83,<conjure_core::rule_engine::rule::Reduction>::with_symbols
FN:92,<conjure_core::rule_engine::rule::Reduction>::with_top
FN:158,<conjure_core::rule_engine::rule::Rule>::new
FN:190,<conjure_core::rule_engine::rule::Rule as core::hash::Hash>::hash::<_>
FN:120,<conjure_core::rule_engine::rule::Reduction>::changed_symbols
FN:170,<conjure_core::rule_engine::rule::Rule>::apply
FN:83,<conjure_core::rule_engine::rule::Reduction>::with_symbols
FN:120,<conjure_core::rule_engine::rule::Reduction>::changed_symbols
FN:74,<conjure_core::rule_engine::rule::Reduction>::pure
FN:92,<conjure_core::rule_engine::rule::Reduction>::with_top
FN:46,rust_out::main::_doctest_main_crates_conjure_core_src_rule_engine_rule_rs_45_0
FN:158,<conjure_core::rule_engine::rule::Rule>::new
FN:170,<conjure_core::rule_engine::rule::Rule>::apply
FN:182,<conjure_core::rule_engine::rule::Rule as core::cmp::PartialEq>::eq
FN:101,<conjure_core::rule_engine::rule::Reduction>::apply
FN:101,<conjure_core::rule_engine::rule::Reduction>::apply
FN:74,<conjure_core::rule_engine::rule::Reduction>::pure
FN:65,<conjure_core::rule_engine::rule::Reduction>::new
FN:190,<conjure_core::rule_engine::rule::Rule as core::hash::Hash>::hash::<std::hash::random::DefaultHasher>
FN:107,<conjure_core::rule_engine::rule::Reduction>::added_symbols
FN:176,<conjure_core::rule_engine::rule::Rule as core::fmt::Display>::fmt
FN:107,<conjure_core::rule_engine::rule::Reduction>::added_symbols
FN:65,<conjure_core::rule_engine::rule::Reduction>::new
FN:182,<conjure_core::rule_engine::rule::Rule as core::cmp::PartialEq>::eq
FNDA:0,<conjure_core::rule_engine::rule::Rule as core::fmt::Display>::fmt
FNDA:1,rust_out::main
FNDA:1,<conjure_core::rule_engine::rule::Reduction>::with_symbols
FNDA:0,<conjure_core::rule_engine::rule::Reduction>::with_top
FNDA:0,<conjure_core::rule_engine::rule::Rule>::new
FNDA:0,<conjure_core::rule_engine::rule::Rule as core::hash::Hash>::hash::<_>
FNDA:0,<conjure_core::rule_engine::rule::Reduction>::changed_symbols
FNDA:1,<conjure_core::rule_engine::rule::Rule>::apply
FNDA:0,<conjure_core::rule_engine::rule::Reduction>::with_symbols
FNDA:0,<conjure_core::rule_engine::rule::Reduction>::changed_symbols
FNDA:0,<conjure_core::rule_engine::rule::Reduction>::pure
FNDA:0,<conjure_core::rule_engine::rule::Reduction>::with_top
FNDA:1,rust_out::main::_doctest_main_crates_conjure_core_src_rule_engine_rule_rs_45_0
FNDA:0,<conjure_core::rule_engine::rule::Rule>::new
FNDA:0,<conjure_core::rule_engine::rule::Rule>::apply
FNDA:0,<conjure_core::rule_engine::rule::Rule as core::cmp::PartialEq>::eq
FNDA:0,<conjure_core::rule_engine::rule::Reduction>::apply
FNDA:1,<conjure_core::rule_engine::rule::Reduction>::apply
FNDA:1,<conjure_core::rule_engine::rule::Reduction>::pure
FNDA:1,<conjure_core::rule_engine::rule::Reduction>::new
FNDA:1,<conjure_core::rule_engine::rule::Rule as core::hash::Hash>::hash::<std::hash::random::DefaultHasher>
FNDA:1,<conjure_core::rule_engine::rule::Reduction>::added_symbols
FNDA:0,<conjure_core::rule_engine::rule::Rule as core::fmt::Display>::fmt
FNDA:0,<conjure_core::rule_engine::rule::Reduction>::added_symbols
FNDA:0,<conjure_core::rule_engine::rule::Reduction>::new
FNDA:1,<conjure_core::rule_engine::rule::Rule as core::cmp::PartialEq>::eq
FNF:26
FNH:10
BRF:0
BRH:0
DA:46,1
DA:47,1
DA:48,1
DA:65,1666
DA:66,1666
DA:67,1666
DA:68,1666
DA:69,1666
DA:70,1666
DA:71,1666
DA:74,10659
DA:75,10659
DA:76,10659
DA:77,10659
DA:78,10659
DA:79,10659
DA:80,10659
DA:83,17
DA:84,17
DA:85,17
DA:86,17
DA:87,17
DA:88,17
DA:89,17
DA:92,0
DA:93,0
DA:94,0
DA:95,0
DA:96,0
DA:97,0
DA:98,0
DA:101,12104
DA:102,12104
DA:103,12104
DA:104,12104
DA:107,12104
DA:108,12104
DA:109,12104
DA:110,12104
DA:111,12104
DA:112,12104
DA:113,12104
DA:114,12104
DA:115,12104
DA:120,0
DA:121,0
DA:122,0
DA:123,0
DA:124,0
DA:126,0
DA:127,0
DA:128,0
DA:131,0
DA:132,0
DA:133,0
DA:135,0
DA:136,0
DA:158,0
DA:159,0
DA:160,0
DA:161,0
DA:162,0
DA:163,0
DA:164,0
DA:165,0
DA:166,0
DA:167,0
DA:168,0
DA:170,6562
DA:171,6562
DA:172,6562
DA:176,0
DA:177,0
DA:178,0
DA:182,119
DA:183,119
DA:184,119
DA:190,5134
DA:191,5134
DA:192,5134
LF:80
LH:46
end_of_record
SF:crates/conjure_core/src/rule_engine/rule_set.rs
FN:95,<conjure_core::rule_engine::rule_set::RuleSet>::with_dependencies
FN:95,<conjure_core::rule_engine::rule_set::RuleSet>::with_dependencies
FN:153,<conjure_core::rule_engine::rule_set::RuleSet as core::cmp::PartialEq>::eq
FN:102,<conjure_core::rule_engine::rule_set::RuleSet>::resolve_rules
FN:78,<conjure_core::rule_engine::rule_set::RuleSet>::get_dependencies
FN:127,<conjure_core::rule_engine::rule_set::RuleSet>::resolve_dependencies
FN:172,<conjure_core::rule_engine::rule_set::RuleSet as core::fmt::Display>::fmt::{closure#0}
FN:161,<conjure_core::rule_engine::rule_set::RuleSet as core::hash::Hash>::hash::<_>
FN:161,<conjure_core::rule_engine::rule_set::RuleSet as core::hash::Hash>::hash::<std::hash::random::DefaultHasher>
FN:60,<conjure_core::rule_engine::rule_set::RuleSet>::get_rules
FN:60,<conjure_core::rule_engine::rule_set::RuleSet>::get_rules
FN:127,<conjure_core::rule_engine::rule_set::RuleSet>::resolve_dependencies
FN:102,<conjure_core::rule_engine::rule_set::RuleSet>::resolve_rules
FN:153,<conjure_core::rule_engine::rule_set::RuleSet as core::cmp::PartialEq>::eq
FN:172,<conjure_core::rule_engine::rule_set::RuleSet as core::fmt::Display>::fmt::{closure#0}
FN:78,<conjure_core::rule_engine::rule_set::RuleSet>::get_dependencies
FN:44,<conjure_core::rule_engine::rule_set::RuleSet>::new
FN:167,<conjure_core::rule_engine::rule_set::RuleSet as core::fmt::Display>::fmt
FN:44,<conjure_core::rule_engine::rule_set::RuleSet>::new
FN:167,<conjure_core::rule_engine::rule_set::RuleSet as core::fmt::Display>::fmt
FNDA:1,<conjure_core::rule_engine::rule_set::RuleSet>::with_dependencies
FNDA:0,<conjure_core::rule_engine::rule_set::RuleSet>::with_dependencies
FNDA:0,<conjure_core::rule_engine::rule_set::RuleSet as core::cmp::PartialEq>::eq
FNDA:0,<conjure_core::rule_engine::rule_set::RuleSet>::resolve_rules
FNDA:0,<conjure_core::rule_engine::rule_set::RuleSet>::get_dependencies
FNDA:1,<conjure_core::rule_engine::rule_set::RuleSet>::resolve_dependencies
FNDA:0,<conjure_core::rule_engine::rule_set::RuleSet as core::fmt::Display>::fmt::{closure#0}
FNDA:0,<conjure_core::rule_engine::rule_set::RuleSet as core::hash::Hash>::hash::<_>
FNDA:1,<conjure_core::rule_engine::rule_set::RuleSet as core::hash::Hash>::hash::<std::hash::random::DefaultHasher>
FNDA:1,<conjure_core::rule_engine::rule_set::RuleSet>::get_rules
FNDA:0,<conjure_core::rule_engine::rule_set::RuleSet>::get_rules
FNDA:0,<conjure_core::rule_engine::rule_set::RuleSet>::resolve_dependencies
FNDA:1,<conjure_core::rule_engine::rule_set::RuleSet>::resolve_rules
FNDA:1,<conjure_core::rule_engine::rule_set::RuleSet as core::cmp::PartialEq>::eq
FNDA:0,<conjure_core::rule_engine::rule_set::RuleSet as core::fmt::Display>::fmt::{closure#0}
FNDA:1,<conjure_core::rule_engine::rule_set::RuleSet>::get_dependencies
FNDA:0,<conjure_core::rule_engine::rule_set::RuleSet>::new
FNDA:0,<conjure_core::rule_engine::rule_set::RuleSet as core::fmt::Display>::fmt
FNDA:0,<conjure_core::rule_engine::rule_set::RuleSet>::new
FNDA:0,<conjure_core::rule_engine::rule_set::RuleSet as core::fmt::Display>::fmt
FNF:20
FNH:7
BRF:0
BRH:0
DA:44,0
DA:45,0
DA:46,0
DA:47,0
DA:48,0
DA:49,0
DA:50,0
DA:51,0
DA:52,0
DA:53,0
DA:54,0
DA:55,0
DA:56,0
DA:60,6086
DA:61,6086
DA:63,170
DA:64,170
DA:65,170
DA:66,170
DA:67,170
DA:68,170
DA:69,170
DA:71,5916
DA:73,6086
DA:78,6086
DA:79,6086
DA:81,136
DA:82,136
DA:83,136
DA:84,136
DA:85,136
DA:86,136
DA:87,136
DA:89,5950
DA:91,6086
DA:95,1547
DA:96,1547
DA:97,1547
DA:98,1547
DA:99,1547
DA:102,170
DA:103,170
DA:105,9520
DA:106,9350
DA:107,9350
DA:109,16065
DA:110,9350
DA:111,2635
DA:112,2635
DA:113,2635
DA:114,6715
DA:117,9350
DA:118,2635
DA:119,6715
DA:122,170
DA:123,170
DA:127,204
DA:128,204
DA:130,272
DA:131,68
DA:133,0
DA:134,0
DA:135,0
DA:138,68
DA:139,68
DA:140,68
DA:141,68
DA:142,68
DA:143,68
DA:148,204
DA:149,204
DA:153,3111
DA:154,3111
DA:155,3111
DA:161,22763
DA:162,22763
DA:163,22763
DA:167,0
DA:168,0
DA:169,0
DA:170,0
DA:171,0
DA:172,0
DA:173,0
DA:174,0
DA:175,0
DA:176,0
DA:177,0
DA:178,0
DA:179,0
DA:180,0
DA:181,0
DA:182,0
DA:183,0
DA:184,0
LF:95
LH:61
end_of_record
SF:crates/conjure_core/src/parse/parse_model.rs
FN:189,conjure_core::parse::parse_model::parse_int_domain
FN:26,conjure_core::parse::parse_model::model_from_json
FN:400,conjure_core::parse::parse_model::parse_expression::{closure#0}
FN:412,conjure_core::parse::parse_model::parse_expression::{closure#5}
FN:453,conjure_core::parse::parse_model::parse_unary_op
FN:406,conjure_core::parse::parse_model::parse_expression::{closure#3}
FN:251,conjure_core::parse::parse_model::parse_domain_value_int::try_parse_positive_int
FN:287,conjure_core::parse::parse_model::parse_domain_value_int::{closure#0}
FN:295,conjure_core::parse::parse_model::parse_expression
FN:464,conjure_core::parse::parse_model::parse_vec_op
FN:248,conjure_core::parse::parse_model::parse_domain_value_int
FN:401,conjure_core::parse::parse_model::parse_expression::{closure#1}
FN:541,conjure_core::parse::parse_model::parse_constant::{closure#0}
FN:402,conjure_core::parse::parse_model::parse_expression::{closure#2}
FN:409,conjure_core::parse::parse_model::parse_expression::{closure#4}
FN:287,conjure_core::parse::parse_model::parse_domain_value_int::{closure#0}
FN:86,conjure_core::parse::parse_model::parse_declaration
FN:295,conjure_core::parse::parse_model::parse_expression
FN:96,conjure_core::parse::parse_model::parse_variable
FN:487,conjure_core::parse::parse_model::parse_vec_op::{closure#1}
FN:433,conjure_core::parse::parse_model::parse_bin_op
FN:487,conjure_core::parse::parse_model::parse_vec_op::{closure#1}
FN:406,conjure_core::parse::parse_model::parse_expression::{closure#3}
FN:464,conjure_core::parse::parse_model::parse_vec_op
FN:402,conjure_core::parse::parse_model::parse_expression::{closure#2}
FN:96,conjure_core::parse::parse_model::parse_variable
FN:476,conjure_core::parse::parse_model::parse_vec_op::{closure#0}
FN:453,conjure_core::parse::parse_model::parse_unary_op
FN:541,conjure_core::parse::parse_model::parse_constant::{closure#0}
FN:543,conjure_core::parse::parse_model::parse_constant::{closure#2}
FN:251,conjure_core::parse::parse_model::parse_domain_value_int::try_parse_positive_int
FN:542,conjure_core::parse::parse_model::parse_constant::{closure#1}
FN:142,conjure_core::parse::parse_model::parse_letting
FN:542,conjure_core::parse::parse_model::parse_constant::{closure#1}
FN:400,conjure_core::parse::parse_model::parse_expression::{closure#0}
FN:551,conjure_core::parse::parse_model::parse_constant::{closure#3}
FN:551,conjure_core::parse::parse_model::parse_constant::{closure#3}
FN:543,conjure_core::parse::parse_model::parse_constant::{closure#2}
FN:401,conjure_core::parse::parse_model::parse_expression::{closure#1}
FN:508,conjure_core::parse::parse_model::parse_constant
FN:142,conjure_core::parse::parse_model::parse_letting
FN:26,conjure_core::parse::parse_model::model_from_json
FN:248,conjure_core::parse::parse_model::parse_domain_value_int
FN:272,conjure_core::parse::parse_model::parse_domain_value_int::try_parse_negative_int
FN:433,conjure_core::parse::parse_model::parse_bin_op
FN:412,conjure_core::parse::parse_model::parse_expression::{closure#5}
FN:409,conjure_core::parse::parse_model::parse_expression::{closure#4}
FN:189,conjure_core::parse::parse_model::parse_int_domain
FN:272,conjure_core::parse::parse_model::parse_domain_value_int::try_parse_negative_int
FN:476,conjure_core::parse::parse_model::parse_vec_op::{closure#0}
FN:508,conjure_core::parse::parse_model::parse_constant
FN:86,conjure_core::parse::parse_model::parse_declaration
FNDA:1,conjure_core::parse::parse_model::parse_int_domain
FNDA:1,conjure_core::parse::parse_model::model_from_json
FNDA:0,conjure_core::parse::parse_model::parse_expression::{closure#0}
FNDA:0,conjure_core::parse::parse_model::parse_expression::{closure#5}
FNDA:1,conjure_core::parse::parse_model::parse_unary_op
FNDA:0,conjure_core::parse::parse_model::parse_expression::{closure#3}
FNDA:0,conjure_core::parse::parse_model::parse_domain_value_int::try_parse_positive_int
FNDA:1,conjure_core::parse::parse_model::parse_domain_value_int::{closure#0}
FNDA:0,conjure_core::parse::parse_model::parse_expression
FNDA:0,conjure_core::parse::parse_model::parse_vec_op
FNDA:1,conjure_core::parse::parse_model::parse_domain_value_int
FNDA:1,conjure_core::parse::parse_model::parse_expression::{closure#1}
FNDA:1,conjure_core::parse::parse_model::parse_constant::{closure#0}
FNDA:1,conjure_core::parse::parse_model::parse_expression::{closure#2}
FNDA:1,conjure_core::parse::parse_model::parse_expression::{closure#4}
FNDA:0,conjure_core::parse::parse_model::parse_domain_value_int::{closure#0}
FNDA:0,conjure_core::parse::parse_model::parse_declaration
FNDA:1,conjure_core::parse::parse_model::parse_expression
FNDA:1,conjure_core::parse::parse_model::parse_variable
[...]
DA:349,0
DA:350,0
DA:351,0
DA:352,0
DA:353,0
DA:354,0
DA:355,0
DA:356,0
DA:357,0
DA:358,0
DA:360,0
DA:363,0
DA:365,462
DA:366,0
DA:367,0
DA:368,0
DA:369,42
DA:370,0
DA:371,0
DA:372,168
DA:373,1050
DA:374,84
DA:375,0
DA:376,0
DA:377,0
DA:378,105
DA:379,21
DA:382,0
DA:383,0
DA:384,0
DA:385,0
DA:387,7602
DA:389,7602
DA:390,7602
DA:391,7602
DA:392,7602
DA:393,7602
DA:394,7602
DA:395,483
DA:396,483
DA:397,483
DA:398,483
DA:400,441
DA:401,441
DA:402,441
DA:403,441
DA:405,1092
DA:406,1092
DA:407,1092
DA:408,1092
DA:409,1092
DA:411,525
DA:412,525
DA:413,525
DA:414,525
DA:416,0
DA:417,0
DA:418,0
DA:419,0
DA:421,0
DA:422,0
DA:423,0
DA:424,0
DA:426,609
DA:427,609
DA:428,609
DA:429,609
DA:431,0
DA:432,0
DA:433,0
DA:434,0
DA:436,336
DA:437,336
DA:438,336
DA:439,336
DA:441,105
DA:442,105
DA:443,105
DA:444,105
DA:446,84
DA:447,84
DA:448,84
DA:449,84
DA:451,105
DA:452,105
DA:453,105
DA:454,105
DA:455,105
DA:457,147
DA:458,147
DA:459,147
DA:460,147
DA:461,147
DA:463,0
DA:464,0
DA:465,0
DA:467,0
DA:468,0
DA:469,0
DA:471,0
DA:472,0
DA:473,0
DA:475,105
DA:476,105
DA:477,105
DA:478,105
DA:480,84
DA:481,84
DA:482,84
DA:483,84
DA:485,0
DA:486,0
DA:487,0
DA:488,0
DA:490,987
DA:491,987
DA:492,987
DA:494,567
DA:495,567
DA:496,567
DA:498,0
DA:499,0
DA:500,0
DA:502,0
DA:503,0
DA:504,0
DA:506,0
DA:507,0
DA:508,0
DA:509,0
DA:511,0
DA:512,0
DA:513,0
DA:514,0
DA:516,0
DA:517,0
DA:518,0
DA:519,0
DA:521,0
DA:522,0
DA:523,0
DA:524,0
DA:525,0
DA:527,0
DA:528,0
DA:529,0
DA:530,0
DA:531,0
DA:533,0
DA:534,0
DA:535,0
DA:536,0
DA:537,0
DA:570,462
DA:571,462
DA:572,462
DA:573,462
DA:578,42
DA:579,42
DA:580,42
DA:581,42
DA:585,168
DA:586,168
DA:587,168
DA:588,168
DA:590,1050
DA:591,1050
DA:592,1050
DA:593,1050
DA:595,84
DA:596,84
DA:597,84
DA:598,84
DA:603,0
DA:604,0
DA:605,0
DA:606,0
DA:609,105
DA:610,21
DA:612,0
DA:614,7602
DA:618,1176
DA:619,1176
DA:620,1176
DA:621,1176
DA:622,1176
DA:623,1176
DA:624,4389
DA:625,3213
DA:626,2751
DA:627,2751
DA:628,0
DA:629,0
DA:630,0
DA:631,0
DA:632,2751
DA:633,2751
DA:635,462
DA:638,3213
DA:641,1176
DA:642,1176
DA:643,1176
DA:644,1176
DA:646,8841
DA:647,8841
DA:648,8841
DA:649,8841
DA:650,8841
DA:651,8841
DA:652,8841
DA:653,6258
DA:654,6258
DA:655,0
DA:656,0
DA:657,0
DA:658,0
DA:659,6258
DA:660,6258
DA:662,2583
DA:665,8841
DA:666,8841
DA:667,8841
DA:668,8841
DA:669,8841
DA:671,1134
DA:672,1134
DA:673,1134
DA:674,1134
DA:675,1134
DA:676,1134
DA:677,1134
DA:678,1092
DA:679,1092
DA:680,0
DA:681,0
DA:682,0
DA:683,0
DA:684,1092
DA:685,1092
DA:687,42
DA:689,1134
DA:690,1029
DA:691,1029
DA:692,0
DA:693,0
DA:694,0
DA:695,0
DA:696,1029
DA:697,1029
DA:699,105
DA:704,1134
DA:705,1134
DA:706,1134
DA:708,1554
DA:709,1554
DA:710,1554
DA:711,1554
DA:712,1554
DA:713,1554
DA:714,0
DA:715,0
DA:716,0
DA:717,0
DA:719,1554
DA:720,1554
DA:721,1554
DA:722,1554
DA:724,294
DA:725,294
DA:726,294
DA:727,294
DA:728,294
DA:730,924
DA:731,924
DA:732,882
DA:733,21
DA:734,21
DA:736,0
DA:737,0
DA:739,924
DA:742,294
DA:743,294
DA:744,294
DA:749,189
DA:750,189
DA:751,189
DA:752,189
DA:753,189
DA:754,189
DA:755,189
DA:756,189
DA:757,189
DA:758,189
DA:759,189
DA:761,189
DA:762,189
DA:763,189
DA:765,1554
DA:766,1554
DA:767,1554
DA:768,1554
DA:769,1554
DA:770,1554
DA:771,1554
DA:772,1554
DA:773,3423
DA:774,3423
DA:775,3423
DA:776,3423
DA:777,3423
DA:778,3423
DA:779,3423
DA:780,3423
DA:783,1554
DA:784,1554
DA:785,1554
LF:571
LH:418
end_of_record
SF:solvers/minion/src/wrappers.rs
FN:9,minion_rs::wrappers::get_from_table
FN:9,minion_rs::wrappers::get_from_table
FNDA:0,minion_rs::wrappers::get_from_table
FNDA:1,minion_rs::wrappers::get_from_table
FNF:2
FNH:1
BRF:0
BRH:0
DA:9,1911
DA:10,1911
DA:11,1911
DA:12,1911
DA:13,1911
DA:14,1911
DA:15,1911
DA:16,1911
DA:17,1911
DA:18,1911
DA:19,0
DA:20,0
DA:25,1911
DA:26,1911
DA:27,1911
DA:30,1911
LF:16
LH:14
end_of_record
SF:crates/conjure_core/src/rules/normalisers/eq_neq.rs
FN:37,conjure_core::rules::normalisers::eq_neq::negated_eq_to_neq
FN:36,conjure_core::rules::normalisers::eq_neq::CONJURE_GEN_RULE_NEGATED_EQ_TO_NEQ::__typecheck::{closure#0}::{closure#0}
FN:19,conjure_core::rules::normalisers::eq_neq::negated_neq_to_eq
FN:37,conjure_core::rules::normalisers::eq_neq::negated_eq_to_neq
FN:18,conjure_core::rules::normalisers::eq_neq::CONJURE_GEN_RULE_NEGATED_NEQ_TO_EQ::__typecheck::{closure#0}::{closure#0}
FN:36,conjure_core::rules::normalisers::eq_neq::CONJURE_GEN_RULE_NEGATED_EQ_TO_NEQ::__typecheck::{closure#0}::{closure#0}
FN:19,conjure_core::rules::normalisers::eq_neq::negated_neq_to_eq
FN:18,conjure_core::rules::normalisers::eq_neq::CONJURE_GEN_RULE_NEGATED_NEQ_TO_EQ::__typecheck::{closure#0}::{closure#0}
FNDA:0,conjure_core::rules::normalisers::eq_neq::negated_eq_to_neq
FNDA:0,conjure_core::rules::normalisers::eq_neq::CONJURE_GEN_RULE_NEGATED_EQ_TO_NEQ::__typecheck::{closure#0}::{closure#0}
FNDA:0,conjure_core::rules::normalisers::eq_neq::negated_neq_to_eq
FNDA:1,conjure_core::rules::normalisers::eq_neq::negated_eq_to_neq
FNDA:0,conjure_core::rules::normalisers::eq_neq::CONJURE_GEN_RULE_NEGATED_NEQ_TO_EQ::__typecheck::{closure#0}::{closure#0}
FNDA:0,conjure_core::rules::normalisers::eq_neq::CONJURE_GEN_RULE_NEGATED_EQ_TO_NEQ::__typecheck::{closure#0}::{closure#0}
FNDA:1,conjure_core::rules::normalisers::eq_neq::negated_neq_to_eq
FNDA:0,conjure_core::rules::normalisers::eq_neq::CONJURE_GEN_RULE_NEGATED_NEQ_TO_EQ::__typecheck::{closure#0}::{closure#0}
FNF:8
FNH:2
BRF:0
BRH:0
DA:19,291839
DA:20,291839
DA:21,3961
DA:22,136
DA:23,136
DA:25,3825
DA:27,287878
DA:29,291839
DA:37,291839
DA:38,291839
DA:39,3961
DA:40,204
DA:41,102
DA:43,3859
DA:45,287878
DA:47,291839
LF:16
LH:16
end_of_record
SF:crates/conjure_core/src/ast/model.rs
FN:71,<conjure_core::ast::model::Model>::symbols
FN:100,<conjure_core::ast::model::Model>::add_constraint
FN:92,<conjure_core::ast::model::Model>::set_constraints
FN:127,<conjure_core::ast::model::Model as uniplate::traits::Biplate<conjure_core::ast::expressions::Expression>>::biplate
FN:96,<conjure_core::ast::model::Model>::set_context
FN:76,<conjure_core::ast::model::Model>::symbols_mut
FN:108,<conjure_core::ast::model::Model>::add_constraints
FN:80,<conjure_core::ast::model::Model>::get_constraints_vec
FN:134,<conjure_core::ast::model::Model as uniplate::traits::Biplate<conjure_core::ast::expressions::Expression>>::biplate::{closure#0}
FN:71,<conjure_core::ast::model::Model>::symbols
FN:108,<conjure_core::ast::model::Model>::add_constraints
FN:80,<conjure_core::ast::model::Model>::get_constraints_vec
FN:76,<conjure_core::ast::model::Model>::symbols_mut
FN:134,<conjure_core::ast::model::Model as uniplate::traits::Biplate<conjure_core::ast::expressions::Expression>>::biplate::{closure#0}
FN:96,<conjure_core::ast::model::Model>::set_context
FN:66,<conjure_core::ast::model::Model>::new_empty
FN:54,<conjure_core::ast::model::Model>::new
FN:54,<conjure_core::ast::model::Model>::new
FN:92,<conjure_core::ast::model::Model>::set_constraints
FN:151,<conjure_core::ast::model::Model as core::fmt::Display>::fmt
FN:121,<conjure_core::ast::model::Model as uniplate::traits::Uniplate>::uniplate::{closure#0}
FN:127,<conjure_core::ast::model::Model as uniplate::traits::Biplate<conjure_core::ast::expressions::Expression>>::biplate
FN:118,<conjure_core::ast::model::Model as uniplate::traits::Uniplate>::uniplate
FN:121,<conjure_core::ast::model::Model as uniplate::traits::Uniplate>::uniplate::{closure#0}
FN:100,<conjure_core::ast::model::Model>::add_constraint
FN:151,<conjure_core::ast::model::Model as core::fmt::Display>::fmt
FN:118,<conjure_core::ast::model::Model as uniplate::traits::Uniplate>::uniplate
FN:66,<conjure_core::ast::model::Model>::new_empty
FNDA:0,<conjure_core::ast::model::Model>::symbols
FNDA:0,<conjure_core::ast::model::Model>::add_constraint
FNDA:1,<conjure_core::ast::model::Model>::set_constraints
FNDA:1,<conjure_core::ast::model::Model as uniplate::traits::Biplate<conjure_core::ast::expressions::Expression>>::biplate
FNDA:0,<conjure_core::ast::model::Model>::set_context
FNDA:0,<conjure_core::ast::model::Model>::symbols_mut
FNDA:1,<conjure_core::ast::model::Model>::add_constraints
FNDA:1,<conjure_core::ast::model::Model>::get_constraints_vec
FNDA:1,<conjure_core::ast::model::Model as uniplate::traits::Biplate<conjure_core::ast::expressions::Expression>>::biplate::{closure#0}
FNDA:1,<conjure_core::ast::model::Model>::symbols
FNDA:0,<conjure_core::ast::model::Model>::add_constraints
FNDA:0,<conjure_core::ast::model::Model>::get_constraints_vec
FNDA:1,<conjure_core::ast::model::Model>::symbols_mut
FNDA:0,<conjure_core::ast::model::Model as uniplate::traits::Biplate<conjure_core::ast::expressions::Expression>>::biplate::{closure#0}
FNDA:0,<conjure_core::ast::model::Model>::set_context
FNDA:1,<conjure_core::ast::model::Model>::new_empty
FNDA:0,<conjure_core::ast::model::Model>::new
FNDA:1,<conjure_core::ast::model::Model>::new
FNDA:0,<conjure_core::ast::model::Model>::set_constraints
FNDA:1,<conjure_core::ast::model::Model as core::fmt::Display>::fmt
FNDA:0,<conjure_core::ast::model::Model as uniplate::traits::Uniplate>::uniplate::{closure#0}
FNDA:0,<conjure_core::ast::model::Model as uniplate::traits::Biplate<conjure_core::ast::expressions::Expression>>::biplate
FNDA:0,<conjure_core::ast::model::Model as uniplate::traits::Uniplate>::uniplate
FNDA:0,<conjure_core::ast::model::Model as uniplate::traits::Uniplate>::uniplate::{closure#0}
FNDA:0,<conjure_core::ast::model::Model>::add_constraint
FNDA:0,<conjure_core::ast::model::Model as core::fmt::Display>::fmt
FNDA:0,<conjure_core::ast::model::Model as uniplate::traits::Uniplate>::uniplate
FNDA:0,<conjure_core::ast::model::Model>::new_empty
FNF:28
FNH:10
BRF:0
BRH:0
DA:54,2720
DA:55,2720
DA:56,2720
DA:57,2720
DA:58,2720
DA:59,2720
DA:60,2720
DA:61,2720
DA:62,2720
DA:63,2720
DA:64,2720
DA:66,2652
DA:67,2652
DA:68,2652
DA:71,12318574
DA:72,12318574
DA:73,12318574
DA:76,19227
DA:77,19227
DA:78,19227
DA:80,19363
DA:81,19363
DA:82,19363
DA:83,0
DA:85,0
DA:86,0
DA:87,0
DA:90,19363
DA:92,14773
DA:93,14773
DA:94,14773
DA:96,0
DA:97,0
DA:98,0
DA:100,0
DA:101,0
DA:102,0
DA:103,0
DA:104,0
DA:105,0
DA:106,0
DA:108,14773
DA:109,14773
DA:110,14773
DA:111,14773
DA:112,14773
DA:118,0
DA:119,0
DA:120,0
DA:121,0
DA:122,0
DA:127,100385
DA:128,100385
DA:129,100385
DA:130,100385
DA:131,100385
DA:132,100385
DA:133,100385
DA:134,100385
DA:135,12104
DA:136,0
DA:139,12104
DA:140,12104
DA:141,12104
DA:142,12104
DA:143,100385
DA:144,100385
DA:145,100385
DA:146,100385
DA:151,2992
DA:152,2992
DA:153,136
DA:154,136
DA:155,136
DA:156,136
DA:157,136
DA:159,2992
DA:160,68
DA:161,68
DA:162,68
DA:163,68
DA:164,68
DA:167,9214
DA:168,9214
DA:169,9214
DA:170,9214
DA:171,9214
DA:172,9214
DA:175,2992
DA:177,2992
DA:178,2992
DA:179,2992
DA:180,2992
DA:181,2992
DA:183,2992
DA:184,2992
LF:96
LH:76
end_of_record
SF:crates/conjure_core/src/stats/mod.rs
FN:24,<conjure_core::stats::Stats>::add_solver_run
FN:24,<conjure_core::stats::Stats>::add_solver_run
FN:28,<conjure_core::stats::Stats>::add_rewriter_run
FN:20,<conjure_core::stats::Stats>::new
FN:20,<conjure_core::stats::Stats>::new
FN:28,<conjure_core::stats::Stats>::add_rewriter_run
FNDA:0,<conjure_core::stats::Stats>::add_solver_run
FNDA:1,<conjure_core::stats::Stats>::add_solver_run
FNDA:1,<conjure_core::stats::Stats>::add_rewriter_run
FNDA:0,<conjure_core::stats::Stats>::new
FNDA:0,<conjure_core::stats::Stats>::new
FNDA:0,<conjure_core::stats::Stats>::add_rewriter_run
FNF:6
FNH:2
BRF:0
BRH:0
DA:20,0
DA:21,0
DA:22,0
DA:24,1479
DA:25,1479
DA:26,1479
DA:28,17
DA:29,17
DA:30,17
LF:9
LH:6
end_of_record
SF:crates/conjure_core/src/metadata.rs
FN:15,<conjure_core::metadata::Metadata>::new
FN:22,<conjure_core::metadata::Metadata>::clone_dirty
FN:15,<conjure_core::metadata::Metadata>::new
FN:31,<conjure_core::metadata::Metadata as core::fmt::Display>::fmt
FN:31,<conjure_core::metadata::Metadata as core::fmt::Display>::fmt
FN:22,<conjure_core::metadata::Metadata>::clone_dirty
FNDA:1,<conjure_core::metadata::Metadata>::new
FNDA:1,<conjure_core::metadata::Metadata>::clone_dirty
FNDA:1,<conjure_core::metadata::Metadata>::new
FNDA:0,<conjure_core::metadata::Metadata as core::fmt::Display>::fmt
FNDA:0,<conjure_core::metadata::Metadata as core::fmt::Display>::fmt
FNDA:0,<conjure_core::metadata::Metadata>::clone_dirty
FNF:6
FNH:3
BRF:0
BRH:0
DA:15,61434
DA:16,61434
DA:17,61434
DA:18,61434
DA:19,61434
DA:20,61434
DA:22,2108
DA:23,2108
DA:24,2108
DA:25,2108
DA:26,2108
DA:27,2108
DA:31,0
DA:32,0
DA:33,0
LF:15
LH:12
end_of_record
SF:conjure_oxide/src/utils/testing.rs
FN:97,conjure_oxide::utils::testing::read_model_json
FN:22,conjure_oxide::utils::testing::assert_eq_any_order::<_>
FN:112,conjure_oxide::utils::testing::minion_solutions_from_json
FN:112,conjure_oxide::utils::testing::minion_solutions_from_json
FN:55,conjure_oxide::utils::testing::save_model_json
FN:97,conjure_oxide::utils::testing::read_model_json
FN:79,conjure_oxide::utils::testing::save_stats_json
FN:79,conjure_oxide::utils::testing::save_stats_json
FN:175,conjure_oxide::utils::testing::read_minion_solutions_json
FN:150,conjure_oxide::utils::testing::save_minion_solutions_json
FN:189,conjure_oxide::utils::testing::read_rule_trace
FN:250,conjure_oxide::utils::testing::sort_json_rules
FN:214,conjure_oxide::utils::testing::count_and_sort_rules
FN:150,conjure_oxide::utils::testing::save_minion_solutions_json
FN:189,conjure_oxide::utils::testing::read_rule_trace
FN:261,conjure_oxide::utils::testing::read_human_rule_trace
FN:43,conjure_oxide::utils::testing::serialise_model
FN:55,conjure_oxide::utils::testing::save_model_json
FN:261,conjure_oxide::utils::testing::read_human_rule_trace
FN:214,conjure_oxide::utils::testing::count_and_sort_rules
FN:22,conjure_oxide::utils::testing::assert_eq_any_order::<_>
FN:175,conjure_oxide::utils::testing::read_minion_solutions_json
FN:250,conjure_oxide::utils::testing::sort_json_rules
FN:43,conjure_oxide::utils::testing::serialise_model
FNDA:0,conjure_oxide::utils::testing::read_model_json
FNDA:0,conjure_oxide::utils::testing::assert_eq_any_order::<_>
FNDA:0,conjure_oxide::utils::testing::minion_solutions_from_json
FNDA:0,conjure_oxide::utils::testing::minion_solutions_from_json
FNDA:1,conjure_oxide::utils::testing::save_model_json
FNDA:1,conjure_oxide::utils::testing::read_model_json
FNDA:1,conjure_oxide::utils::testing::save_stats_json
FNDA:0,conjure_oxide::utils::testing::save_stats_json
FNDA:0,conjure_oxide::utils::testing::read_minion_solutions_json
FNDA:1,conjure_oxide::utils::testing::save_minion_solutions_json
FNDA:1,conjure_oxide::utils::testing::read_rule_trace
FNDA:1,conjure_oxide::utils::testing::sort_json_rules
FNDA:0,conjure_oxide::utils::testing::count_and_sort_rules
FNDA:0,conjure_oxide::utils::testing::save_minion_solutions_json
FNDA:0,conjure_oxide::utils::testing::read_rule_trace
FNDA:0,conjure_oxide::utils::testing::read_human_rule_trace
FNDA:0,conjure_oxide::utils::testing::serialise_model
FNDA:0,conjure_oxide::utils::testing::save_model_json
FNDA:1,conjure_oxide::utils::testing::read_human_rule_trace
FNDA:1,conjure_oxide::utils::testing::count_and_sort_rules
FNDA:0,conjure_oxide::utils::testing::assert_eq_any_order::<_>
FNDA:1,conjure_oxide::utils::testing::read_minion_solutions_json
FNDA:0,conjure_oxide::utils::testing::sort_json_rules
FNDA:1,conjure_oxide::utils::testing::serialise_model
FNF:24
FNH:10
BRF:0
BRH:0
DA:22,0
DA:23,0
DA:25,0
DA:26,0
DA:27,0
DA:28,0
DA:29,0
DA:31,0
DA:32,0
DA:33,0
DA:34,0
DA:35,0
DA:37,0
DA:38,0
DA:39,0
DA:41,0
DA:43,1687
DA:47,1687
DA:50,1687
DA:52,1687
DA:53,1687
DA:55,1687
DA:56,1687
DA:57,1687
DA:58,1687
DA:59,1687
DA:60,1687
DA:61,1687
DA:62,1687
DA:64,1687
DA:65,1687
DA:66,1687
DA:67,1687
DA:69,1687
DA:70,0
DA:71,0
DA:72,0
DA:73,0
DA:74,1687
DA:76,1687
DA:77,1687
DA:79,616
DA:80,616
DA:81,616
DA:82,616
DA:83,616
DA:84,616
DA:85,616
DA:86,616
DA:89,616
DA:91,616
DA:92,616
DA:94,616
DA:95,616
DA:97,1687
DA:98,1687
DA:99,1687
DA:100,1687
DA:101,1687
DA:102,1687
DA:103,1687
DA:104,1687
DA:105,1687
DA:107,1687
DA:109,1687
DA:110,1687
DA:112,0
DA:113,0
DA:114,0
DA:115,0
DA:117,0
DA:118,0
DA:119,0
DA:121,0
DA:123,0
DA:124,0
DA:125,0
DA:126,0
DA:127,0
DA:129,0
DA:130,0
DA:131,0
DA:132,0
DA:133,0
DA:134,0
DA:135,0
DA:137,0
DA:138,0
DA:141,0
DA:144,0
DA:147,0
DA:148,0
DA:150,609
DA:151,609
DA:152,609
DA:153,609
DA:154,609
DA:155,609
DA:156,609
DA:158,609
DA:160,609
DA:161,609
DA:162,609
DA:163,609
DA:165,609
DA:166,0
DA:167,0
DA:168,0
DA:169,0
DA:170,609
DA:172,609
DA:173,609
DA:175,609
DA:176,609
DA:177,609
DA:178,609
DA:179,609
DA:180,609
DA:181,609
DA:183,609
DA:184,609
DA:186,609
DA:187,609
DA:189,1232
DA:190,1232
DA:191,1232
DA:192,1232
DA:193,1232
DA:194,1232
DA:195,1232
DA:197,1232
DA:198,616
DA:200,616
DA:201,616
DA:204,1232
DA:205,0
DA:206,0
DA:207,0
DA:208,0
DA:209,1232
DA:211,1232
DA:212,1232
DA:214,616
DA:215,616
DA:217,616
DA:218,21
DA:219,21
DA:220,21
DA:221,21
DA:223,595
DA:224,595
DA:226,595
DA:227,595
DA:228,595
DA:230,595
DA:231,595
DA:232,595
DA:233,0
DA:235,595
DA:238,616
DA:240,616
DA:241,616
DA:242,616
DA:243,616
DA:245,616
DA:247,616
DA:248,616
DA:250,595
DA:251,595
DA:253,4956
DA:254,4956
DA:255,4956
DA:258,595
DA:259,595
DA:261,1232
DA:262,1232
DA:263,1232
DA:264,1232
DA:265,1232
DA:266,1232
DA:267,1232
DA:268,1232
DA:269,1232
DA:270,1232
DA:271,1232
DA:272,1232
DA:273,1232
DA:274,1232
DA:275,0
DA:276,0
DA:277,0
DA:278,0
DA:279,1232
DA:281,1232
DA:282,1232
LF:195
LH:136
end_of_record
SF:crates/conjure_core/src/ast/domains.rs
FN:94,conjure_core::ast::domains::tests::test_negative_product::{closure#0}
FN:111,conjure_core::ast::domains::tests::test_negative_div
FN:62,<conjure_core::ast::domains::Domain as core::fmt::Display>::fmt
FN:46,<conjure_core::ast::domains::Domain>::apply_i32
FN:25,<conjure_core::ast::domains::Domain>::values_i32
FN:62,<conjure_core::ast::domains::Domain as core::fmt::Display>::fmt
FN:30,<conjure_core::ast::domains::Domain>::values_i32::{closure#0}
FN:46,<conjure_core::ast::domains::Domain>::apply_i32
FN:30,<conjure_core::ast::domains::Domain>::values_i32::{closure#0}
FN:115,conjure_core::ast::domains::tests::test_negative_div::{closure#0}
FN:25,<conjure_core::ast::domains::Domain>::values_i32
FN:91,conjure_core::ast::domains::tests::test_negative_product
FNDA:1,conjure_core::ast::domains::tests::test_negative_product::{closure#0}
FNDA:1,conjure_core::ast::domains::tests::test_negative_div
FNDA:1,<conjure_core::ast::domains::Domain as core::fmt::Display>::fmt
FNDA:1,<conjure_core::ast::domains::Domain>::apply_i32
FNDA:1,<conjure_core::ast::domains::Domain>::values_i32
FNDA:0,<conjure_core::ast::domains::Domain as core::fmt::Display>::fmt
FNDA:1,<conjure_core::ast::domains::Domain>::values_i32::{closure#0}
FNDA:1,<conjure_core::ast::domains::Domain>::apply_i32
FNDA:1,<conjure_core::ast::domains::Domain>::values_i32::{closure#0}
FNDA:1,conjure_core::ast::domains::tests::test_negative_div::{closure#0}
FNDA:1,<conjure_core::ast::domains::Domain>::values_i32
FNDA:1,conjure_core::ast::domains::tests::test_negative_product
FNF:12
FNH:11
BRF:0
BRH:0
DA:25,3990
DA:26,3990
DA:27,3989
DA:28,3989
DA:29,3989
DA:30,6420
DA:31,2980
DA:32,3440
DA:33,6420
DA:34,3989
DA:35,3989
DA:36,1
DA:38,3990
DA:46,1995
DA:47,1995
DA:49,1994
DA:50,87537
DA:51,87537
DA:52,82620
DA:53,4917
DA:55,1994
DA:56,1
DA:57,1
DA:58,1995
DA:62,10540
DA:63,10540
DA:65,2159
DA:67,8347
DA:68,8347
DA:69,16694
DA:70,8347
DA:71,204
DA:72,8143
DA:76,8347
DA:77,0
DA:79,8347
DA:82,34
DA:84,10540
DA:91,1
DA:92,1
DA:93,1
DA:94,16
DA:95,1
DA:96,1
DA:97,1
DA:98,1
DA:99,1
DA:100,1
DA:101,1
DA:102,1
DA:103,1
DA:104,1
DA:105,1
DA:106,1
DA:107,0
DA:108,1
DA:111,1
DA:112,1
DA:113,1
DA:114,1
DA:115,16
DA:116,1
DA:117,1
DA:118,1
DA:119,1
DA:120,1
DA:121,1
DA:122,1
DA:123,1
DA:124,1
DA:125,1
DA:126,1
DA:127,1
DA:128,1
DA:129,0
DA:130,1
LF:76
LH:73
end_of_record
SF:conjure_oxide/tests/model_tests.rs
FN:7,model_tests::modify_domain
FNDA:1,model_tests::modify_domain
FNF:1
FNH:1
BRF:0
BRH:0
DA:7,1
DA:8,1
DA:9,1
DA:10,1
DA:11,1
DA:12,1
DA:13,1
DA:14,1
DA:15,1
DA:16,1
DA:17,1
DA:18,1
DA:20,1
DA:21,1
DA:22,1
DA:23,1
LF:16
LH:16
end_of_record
