TN:
SF:conjure_oxide/tests/model_tests.rs
FN:10,model_tests::modify_domain
FNDA:0,model_tests::modify_domain
FNF:1
FNH:0
BRF:0
BRH:0
DA:10,0
DA:11,0
DA:12,0
DA:13,0
DA:14,0
DA:15,0
DA:16,0
DA:17,0
DA:18,0
DA:19,0
DA:20,0
DA:21,0
DA:22,0
DA:23,0
DA:24,0
DA:25,0
DA:27,0
DA:28,0
DA:29,0
DA:30,0
LF:20
LH:0
end_of_record
SF:crates/conjure_core/src/rules/bubble.rs
FN:36,conjure_core::rules::bubble::CONJURE_GEN_RULE_BUBBLE_UP::__typecheck::{closure#0}
FN:70,conjure_core::rules::bubble::div_to_bubble
FN:9,conjure_core::rules::bubble::CONJURE_GEN_RULE_SET_BUBBLE::__typecheck::{closure#0}
FN:36,conjure_core::rules::bubble::CONJURE_GEN_RULE_BUBBLE_UP::__typecheck::{closure#0}::{closure#0}
FN:9,conjure_core::rules::bubble::CONJURE_GEN_RULE_SET_BUBBLE::__typecheck::{closure#0}::{closure#0}
FN:9,conjure_core::rules::bubble::CONJURE_GEN_RULE_SET_BUBBLE::__typecheck
FN:69,conjure_core::rules::bubble::CONJURE_GEN_RULE_DIV_TO_BUBBLE::__typecheck::{closure#0}::{closure#0}
FN:18,conjure_core::rules::bubble::CONJURE_GEN_RULE_EXPAND_BUBBLE::__typecheck::{closure#0}
FN:36,conjure_core::rules::bubble::CONJURE_GEN_RULE_BUBBLE_UP::__typecheck
FN:18,conjure_core::rules::bubble::CONJURE_GEN_RULE_EXPAND_BUBBLE::__typecheck::{closure#0}::{closure#0}
FN:9,conjure_core::rules::bubble::CONJURE_GEN_RULE_SET_BUBBLE::__typecheck::{closure#0}
FN:37,conjure_core::rules::bubble::bubble_up
FN:36,conjure_core::rules::bubble::CONJURE_GEN_RULE_BUBBLE_UP::__typecheck
FN:9,conjure_core::rules::bubble::CONJURE_GEN_RULE_SET_BUBBLE::__typecheck
FN:18,conjure_core::rules::bubble::CONJURE_GEN_RULE_EXPAND_BUBBLE::__typecheck
FN:69,conjure_core::rules::bubble::CONJURE_GEN_RULE_DIV_TO_BUBBLE::__typecheck
FN:9,conjure_core::rules::bubble::CONJURE_GEN_RULE_SET_BUBBLE::__typecheck::{closure#0}::{closure#0}
FN:69,conjure_core::rules::bubble::CONJURE_GEN_RULE_DIV_TO_BUBBLE::__typecheck::{closure#0}
FN:69,conjure_core::rules::bubble::CONJURE_GEN_RULE_DIV_TO_BUBBLE::__typecheck
FN:37,conjure_core::rules::bubble::bubble_up
FN:19,conjure_core::rules::bubble::expand_bubble
FN:69,conjure_core::rules::bubble::CONJURE_GEN_RULE_DIV_TO_BUBBLE::__typecheck::{closure#0}
FN:36,conjure_core::rules::bubble::CONJURE_GEN_RULE_BUBBLE_UP::__typecheck::{closure#0}::{closure#0}
FN:18,conjure_core::rules::bubble::CONJURE_GEN_RULE_EXPAND_BUBBLE::__typecheck
FN:19,conjure_core::rules::bubble::expand_bubble
FN:18,conjure_core::rules::bubble::CONJURE_GEN_RULE_EXPAND_BUBBLE::__typecheck::{closure#0}::{closure#0}
FN:18,conjure_core::rules::bubble::CONJURE_GEN_RULE_EXPAND_BUBBLE::__typecheck::{closure#0}
FN:36,conjure_core::rules::bubble::CONJURE_GEN_RULE_BUBBLE_UP::__typecheck::{closure#0}
FN:69,conjure_core::rules::bubble::CONJURE_GEN_RULE_DIV_TO_BUBBLE::__typecheck::{closure#0}::{closure#0}
FN:70,conjure_core::rules::bubble::div_to_bubble
FNDA:0,conjure_core::rules::bubble::CONJURE_GEN_RULE_BUBBLE_UP::__typecheck::{closure#0}
FNDA:0,conjure_core::rules::bubble::div_to_bubble
FNDA:0,conjure_core::rules::bubble::CONJURE_GEN_RULE_SET_BUBBLE::__typecheck::{closure#0}
FNDA:0,conjure_core::rules::bubble::CONJURE_GEN_RULE_BUBBLE_UP::__typecheck::{closure#0}::{closure#0}
FNDA:0,conjure_core::rules::bubble::CONJURE_GEN_RULE_SET_BUBBLE::__typecheck::{closure#0}::{closure#0}
FNDA:0,conjure_core::rules::bubble::CONJURE_GEN_RULE_SET_BUBBLE::__typecheck
FNDA:0,conjure_core::rules::bubble::CONJURE_GEN_RULE_DIV_TO_BUBBLE::__typecheck::{closure#0}::{closure#0}
FNDA:0,conjure_core::rules::bubble::CONJURE_GEN_RULE_EXPAND_BUBBLE::__typecheck::{closure#0}
FNDA:0,conjure_core::rules::bubble::CONJURE_GEN_RULE_BUBBLE_UP::__typecheck
FNDA:0,conjure_core::rules::bubble::CONJURE_GEN_RULE_EXPAND_BUBBLE::__typecheck::{closure#0}::{closure#0}
FNDA:0,conjure_core::rules::bubble::CONJURE_GEN_RULE_SET_BUBBLE::__typecheck::{closure#0}
FNDA:0,conjure_core::rules::bubble::bubble_up
FNDA:0,conjure_core::rules::bubble::CONJURE_GEN_RULE_BUBBLE_UP::__typecheck
FNDA:0,conjure_core::rules::bubble::CONJURE_GEN_RULE_SET_BUBBLE::__typecheck
FNDA:0,conjure_core::rules::bubble::CONJURE_GEN_RULE_EXPAND_BUBBLE::__typecheck
FNDA:0,conjure_core::rules::bubble::CONJURE_GEN_RULE_DIV_TO_BUBBLE::__typecheck
FNDA:0,conjure_core::rules::bubble::CONJURE_GEN_RULE_SET_BUBBLE::__typecheck::{closure#0}::{closure#0}
FNDA:0,conjure_core::rules::bubble::CONJURE_GEN_RULE_DIV_TO_BUBBLE::__typecheck::{closure#0}
FNDA:0,conjure_core::rules::bubble::CONJURE_GEN_RULE_DIV_TO_BUBBLE::__typecheck
FNDA:0,conjure_core::rules::bubble::bubble_up
FNDA:0,conjure_core::rules::bubble::expand_bubble
FNDA:0,conjure_core::rules::bubble::CONJURE_GEN_RULE_DIV_TO_BUBBLE::__typecheck::{closure#0}
FNDA:0,conjure_core::rules::bubble::CONJURE_GEN_RULE_BUBBLE_UP::__typecheck::{closure#0}::{closure#0}
FNDA:0,conjure_core::rules::bubble::CONJURE_GEN_RULE_EXPAND_BUBBLE::__typecheck
FNDA:0,conjure_core::rules::bubble::expand_bubble
FNDA:0,conjure_core::rules::bubble::CONJURE_GEN_RULE_EXPAND_BUBBLE::__typecheck::{closure#0}::{closure#0}
FNDA:0,conjure_core::rules::bubble::CONJURE_GEN_RULE_EXPAND_BUBBLE::__typecheck::{closure#0}
FNDA:0,conjure_core::rules::bubble::CONJURE_GEN_RULE_BUBBLE_UP::__typecheck::{closure#0}
FNDA:0,conjure_core::rules::bubble::CONJURE_GEN_RULE_DIV_TO_BUBBLE::__typecheck::{closure#0}::{closure#0}
FNDA:0,conjure_core::rules::bubble::div_to_bubble
FNF:30
FNH:0
BRF:0
BRH:0
DA:9,0
DA:18,0
DA:19,0
DA:20,0
DA:21,0
DA:22,0
DA:23,0
DA:24,0
DA:25,0
DA:27,0
DA:29,0
DA:36,0
DA:37,0
DA:38,0
DA:39,0
DA:40,0
DA:41,0
DA:42,0
DA:43,0
DA:44,0
DA:45,0
DA:46,0
DA:48,0
DA:49,0
DA:50,0
DA:51,0
DA:52,0
DA:53,0
DA:54,0
DA:55,0
DA:56,0
DA:69,0
DA:70,0
DA:71,0
DA:72,0
DA:73,0
DA:74,0
DA:75,0
DA:76,0
DA:77,0
DA:78,0
DA:79,0
DA:80,0
DA:81,0
DA:82,0
DA:83,0
LF:46
LH:0
end_of_record
SF:crates/conjure_core/src/parse/example_models.rs
FN:77,conjure_core::parse::example_models::get_example_model_by_path
FN:30,conjure_core::parse::example_models::get_example_model::{closure#1}
FN:77,conjure_core::parse::example_models::get_example_model_by_path
FN:27,conjure_core::parse::example_models::get_example_model::{closure#0}
FN:27,conjure_core::parse::example_models::get_example_model::{closure#0}
FN:30,conjure_core::parse::example_models::get_example_model::{closure#1}
FN:21,conjure_core::parse::example_models::get_example_model
FN:21,conjure_core::parse::example_models::get_example_model
FNDA:0,conjure_core::parse::example_models::get_example_model_by_path
FNDA:0,conjure_core::parse::example_models::get_example_model::{closure#1}
FNDA:0,conjure_core::parse::example_models::get_example_model_by_path
FNDA:0,conjure_core::parse::example_models::get_example_model::{closure#0}
FNDA:0,conjure_core::parse::example_models::get_example_model::{closure#0}
FNDA:0,conjure_core::parse::example_models::get_example_model::{closure#1}
FNDA:0,conjure_core::parse::example_models::get_example_model
FNDA:0,conjure_core::parse::example_models::get_example_model
FNF:8
FNH:0
BRF:0
BRH:0
DA:21,0
DA:23,0
DA:24,0
DA:27,0
DA:28,0
DA:29,0
DA:30,0
DA:31,0
DA:33,0
DA:34,0
DA:35,0
DA:41,0
DA:42,0
DA:43,0
DA:44,0
DA:45,0
DA:46,0
DA:47,0
DA:48,0
DA:49,0
DA:50,0
DA:51,0
DA:52,0
DA:53,0
DA:54,0
DA:57,0
DA:62,0
DA:64,0
DA:65,0
DA:77,0
DA:78,0
DA:79,0
DA:80,0
DA:81,0
DA:82,0
DA:83,0
DA:84,0
DA:85,0
DA:86,0
DA:87,0
DA:88,0
DA:89,0
DA:90,0
DA:91,0
DA:92,0
DA:93,0
DA:94,0
DA:95,0
DA:96,0
DA:99,0
DA:104,0
DA:106,0
DA:107,0
LF:53
LH:0
end_of_record
SF:conjure_oxide/tests/generated_tests.rs
FN:94,generated_tests::assert_conjure_present
FN:17,generated_tests::main
FN:28,generated_tests::integration_test
FN:19,generated_tests::main::{closure#0}
FNDA:0,generated_tests::assert_conjure_present
FNDA:0,generated_tests::main
FNDA:0,generated_tests::integration_test
FNDA:0,generated_tests::main::{closure#0}
FNF:4
FNH:0
BRF:0
BRH:0
DA:17,0
DA:18,0
DA:19,0
DA:20,0
DA:21,0
DA:22,0
DA:23,0
DA:25,0
DA:28,0
DA:29,0
DA:30,0
DA:31,0
DA:32,0
DA:33,0
DA:34,0
DA:35,0
DA:36,0
DA:37,0
DA:38,0
DA:41,0
DA:42,0
DA:43,0
DA:44,0
DA:46,0
DA:47,0
DA:48,0
DA:49,0
DA:50,0
DA:51,0
DA:52,0
DA:54,0
DA:57,0
DA:58,0
DA:59,0
DA:60,0
DA:61,0
DA:62,0
DA:63,0
DA:64,0
DA:66,0
DA:67,0
DA:68,0
DA:69,0
DA:70,0
DA:72,0
DA:75,0
DA:76,0
DA:77,0
DA:78,0
DA:79,0
DA:81,0
DA:82,0
DA:83,0
DA:84,0
DA:86,0
DA:88,0
DA:90,0
DA:91,0
DA:94,0
DA:95,0
DA:96,0
LF:61
LH:0
end_of_record
SF:conjure_oxide/src/utils/conjure.rs
FN:93,conjure_oxide::utils::conjure::minion_solutions_to_json
FN:78,conjure_oxide::utils::conjure::get_minion_solutions::{closure#0}
FN:66,conjure_oxide::utils::conjure::get_minion_solutions
FN:93,conjure_oxide::utils::conjure::minion_solutions_to_json
FN:25,<conjure_oxide::utils::conjure::EssenceParseError as core::convert::From<conjure_core::error::Error>>::from
FN:30,conjure_oxide::utils::conjure::parse_essence_file
FN:66,conjure_oxide::utils::conjure::get_minion_solutions
FN:78,conjure_oxide::utils::conjure::get_minion_solutions::{closure#0}
FN:25,<conjure_oxide::utils::conjure::EssenceParseError as core::convert::From<conjure_core::error::Error>>::from
FN:30,conjure_oxide::utils::conjure::parse_essence_file
FNDA:0,conjure_oxide::utils::conjure::minion_solutions_to_json
FNDA:0,conjure_oxide::utils::conjure::get_minion_solutions::{closure#0}
FNDA:0,conjure_oxide::utils::conjure::get_minion_solutions
FNDA:0,conjure_oxide::utils::conjure::minion_solutions_to_json
FNDA:0,<conjure_oxide::utils::conjure::EssenceParseError as core::convert::From<conjure_core::error::Error>>::from
FNDA:0,conjure_oxide::utils::conjure::parse_essence_file
FNDA:0,conjure_oxide::utils::conjure::get_minion_solutions
FNDA:0,conjure_oxide::utils::conjure::get_minion_solutions::{closure#0}
FNDA:0,<conjure_oxide::utils::conjure::EssenceParseError as core::convert::From<conjure_core::error::Error>>::from
FNDA:0,conjure_oxide::utils::conjure::parse_essence_file
FNF:10
FNH:0
BRF:0
BRH:0
DA:25,0
DA:26,0
DA:27,0
DA:30,0
DA:31,0
DA:32,0
DA:33,0
DA:34,0
DA:35,0
DA:36,0
DA:37,0
DA:38,0
DA:39,0
DA:40,0
DA:42,0
DA:43,0
DA:46,0
DA:47,0
DA:48,0
DA:49,0
DA:50,0
DA:52,0
DA:53,0
DA:54,0
DA:55,0
DA:56,0
DA:57,0
DA:58,0
DA:62,0
DA:63,0
DA:64,0
DA:66,0
DA:67,0
DA:68,0
DA:69,0
DA:70,0
DA:72,0
DA:73,0
DA:74,0
DA:75,0
DA:76,0
DA:77,0
DA:78,0
DA:79,0
DA:80,0
DA:81,0
DA:82,0
DA:83,0
DA:84,0
DA:85,0
DA:86,0
DA:87,0
DA:88,0
DA:89,0
DA:90,0
DA:91,0
DA:93,0
DA:94,0
DA:95,0
DA:96,0
DA:97,0
DA:98,0
DA:99,0
DA:100,0
DA:102,0
DA:104,0
DA:106,0
DA:107,0
DA:108,0
LF:69
LH:0
end_of_record
SF:crates/uniplate/examples/stmt.rs
FN:16,<stmt::Expr as uniplate::biplate::Biplate<alloc::string::String>>::biplate::{closure#2}
FN:29,stmt::main
FN:16,<stmt::Expr as uniplate::biplate::Uniplate>::uniplate::{closure#3}
FN:5,<stmt::Stmt as uniplate::biplate::Biplate<alloc::string::String>>::biplate::{closure#2}
FN:16,<stmt::Expr as uniplate::biplate::Biplate<stmt::Expr>>::biplate
FN:5,<stmt::Stmt as uniplate::biplate::Biplate<alloc::string::String>>::biplate::{closure#4}
FN:16,<stmt::Expr as uniplate::biplate::Biplate<alloc::string::String>>::biplate
FN:16,<stmt::Expr as uniplate::biplate::Uniplate>::uniplate
FN:16,<stmt::Expr as uniplate::biplate::Biplate<alloc::string::String>>::biplate::{closure#6}
FN:5,<stmt::Stmt as uniplate::biplate::Uniplate>::uniplate::{closure#1}
FN:16,<stmt::Expr as uniplate::biplate::Biplate<alloc::string::String>>::biplate::{closure#0}
FN:5,<stmt::Stmt as uniplate::biplate::Uniplate>::uniplate::{closure#4}
FN:16,<stmt::Expr as uniplate::biplate::Biplate<alloc::string::String>>::biplate::{closure#4}
FN:5,<stmt::Stmt as uniplate::biplate::Biplate<alloc::string::String>>::biplate::{closure#3}
FN:16,<stmt::Expr as uniplate::biplate::Uniplate>::uniplate::{closure#2}
FN:5,<stmt::Stmt as uniplate::biplate::Biplate<alloc::string::String>>::biplate::{closure#1}
FN:5,<stmt::Stmt as uniplate::biplate::Uniplate>::uniplate::{closure#2}
FN:5,<stmt::Stmt as uniplate::biplate::Uniplate>::uniplate
FN:16,<stmt::Expr as uniplate::biplate::Uniplate>::uniplate::{closure#4}
FN:5,<stmt::Stmt as uniplate::biplate::Biplate<stmt::Stmt>>::biplate
FN:16,<stmt::Expr as uniplate::biplate::Biplate<alloc::string::String>>::biplate::{closure#1}
FN:5,<stmt::Stmt as uniplate::biplate::Biplate<alloc::string::String>>::biplate
FN:16,<stmt::Expr as uniplate::biplate::Biplate<stmt::Expr>>::biplate::{closure#0}
FN:5,<stmt::Stmt as uniplate::biplate::Uniplate>::uniplate::{closure#3}
FN:16,<stmt::Expr as uniplate::biplate::Uniplate>::uniplate::{closure#5}
FN:16,<stmt::Expr as uniplate::biplate::Uniplate>::uniplate::{closure#6}
FN:16,<stmt::Expr as uniplate::biplate::Uniplate>::uniplate::{closure#1}
FN:5,<stmt::Stmt as uniplate::biplate::Biplate<stmt::Stmt>>::biplate::{closure#0}
FN:16,<stmt::Expr as uniplate::biplate::Biplate<alloc::string::String>>::biplate::{closure#5}
FN:16,<stmt::Expr as uniplate::biplate::Uniplate>::uniplate::{closure#0}
FN:16,<stmt::Expr as uniplate::biplate::Biplate<alloc::string::String>>::biplate::{closure#3}
FNDA:0,<stmt::Expr as uniplate::biplate::Biplate<alloc::string::String>>::biplate::{closure#2}
FNDA:0,stmt::main
FNDA:0,<stmt::Expr as uniplate::biplate::Uniplate>::uniplate::{closure#3}
FNDA:0,<stmt::Stmt as uniplate::biplate::Biplate<alloc::string::String>>::biplate::{closure#2}
FNDA:0,<stmt::Expr as uniplate::biplate::Biplate<stmt::Expr>>::biplate
FNDA:0,<stmt::Stmt as uniplate::biplate::Biplate<alloc::string::String>>::biplate::{closure#4}
FNDA:0,<stmt::Expr as uniplate::biplate::Biplate<alloc::string::String>>::biplate
FNDA:0,<stmt::Expr as uniplate::biplate::Uniplate>::uniplate
FNDA:0,<stmt::Expr as uniplate::biplate::Biplate<alloc::string::String>>::biplate::{closure#6}
FNDA:0,<stmt::Stmt as uniplate::biplate::Uniplate>::uniplate::{closure#1}
FNDA:0,<stmt::Expr as uniplate::biplate::Biplate<alloc::string::String>>::biplate::{closure#0}
FNDA:0,<stmt::Stmt as uniplate::biplate::Uniplate>::uniplate::{closure#4}
FNDA:0,<stmt::Expr as uniplate::biplate::Biplate<alloc::string::String>>::biplate::{closure#4}
FNDA:0,<stmt::Stmt as uniplate::biplate::Biplate<alloc::string::String>>::biplate::{closure#3}
FNDA:0,<stmt::Expr as uniplate::biplate::Uniplate>::uniplate::{closure#2}
FNDA:0,<stmt::Stmt as uniplate::biplate::Biplate<alloc::string::String>>::biplate::{closure#1}
FNDA:0,<stmt::Stmt as uniplate::biplate::Uniplate>::uniplate::{closure#2}
FNDA:0,<stmt::Stmt as uniplate::biplate::Uniplate>::uniplate
FNDA:0,<stmt::Expr as uniplate::biplate::Uniplate>::uniplate::{closure#4}
FNDA:0,<stmt::Stmt as uniplate::biplate::Biplate<stmt::Stmt>>::biplate
FNDA:0,<stmt::Expr as uniplate::biplate::Biplate<alloc::string::String>>::biplate::{closure#1}
FNDA:0,<stmt::Stmt as uniplate::biplate::Biplate<alloc::string::String>>::biplate
FNDA:0,<stmt::Expr as uniplate::biplate::Biplate<stmt::Expr>>::biplate::{closure#0}
FNDA:0,<stmt::Stmt as uniplate::biplate::Uniplate>::uniplate::{closure#3}
FNDA:0,<stmt::Expr as uniplate::biplate::Uniplate>::uniplate::{closure#5}
FNDA:0,<stmt::Expr as uniplate::biplate::Uniplate>::uniplate::{closure#6}
FNDA:0,<stmt::Expr as uniplate::biplate::Uniplate>::uniplate::{closure#1}
FNDA:0,<stmt::Stmt as uniplate::biplate::Biplate<stmt::Stmt>>::biplate::{closure#0}
FNDA:0,<stmt::Expr as uniplate::biplate::Biplate<alloc::string::String>>::biplate::{closure#5}
FNDA:0,<stmt::Expr as uniplate::biplate::Uniplate>::uniplate::{closure#0}
FNDA:0,<stmt::Expr as uniplate::biplate::Biplate<alloc::string::String>>::biplate::{closure#3}
FNF:31
FNH:0
BRF:0
BRH:0
DA:5,0
DA:16,0
DA:29,0
DA:33,0
DA:34,0
DA:35,0
DA:36,0
DA:37,0
DA:38,0
DA:39,0
DA:40,0
DA:41,0
LF:12
LH:0
end_of_record
SF:crates/uniplate_derive/src/state.rs
FN:48,<uniplate_derive::state::ParserState>::next_instance
FN:27,<uniplate_derive::state::ParserState>::new
FN:27,<uniplate_derive::state::ParserState>::new
FN:76,<uniplate_derive::state::ParserState>::walk_into_type
FN:76,<uniplate_derive::state::ParserState>::walk_into_type
FN:76,<uniplate_derive::state::ParserState>::walk_into_type
FN:48,<uniplate_derive::state::ParserState>::next_instance
FN:27,<uniplate_derive::state::ParserState>::new
FN:48,<uniplate_derive::state::ParserState>::next_instance
FNDA:0,<uniplate_derive::state::ParserState>::next_instance
FNDA:0,<uniplate_derive::state::ParserState>::new
FNDA:1,<uniplate_derive::state::ParserState>::new
FNDA:1,<uniplate_derive::state::ParserState>::walk_into_type
FNDA:0,<uniplate_derive::state::ParserState>::walk_into_type
FNDA:0,<uniplate_derive::state::ParserState>::walk_into_type
FNDA:1,<uniplate_derive::state::ParserState>::next_instance
FNDA:0,<uniplate_derive::state::ParserState>::new
FNDA:0,<uniplate_derive::state::ParserState>::next_instance
FNF:9
FNH:3
BRF:0
BRH:0
DA:27,18
DA:28,18
DA:29,18
DA:30,18
DA:31,18
DA:32,18
DA:33,18
DA:34,18
DA:35,18
DA:36,18
DA:37,18
DA:38,18
DA:39,18
DA:40,18
DA:41,18
DA:42,18
DA:43,18
DA:44,18
DA:45,18
DA:46,18
DA:48,73
DA:49,73
DA:50,73
DA:52,73
DA:53,18
DA:54,37
DA:55,37
DA:58,0
DA:60,37
DA:62,18
DA:65,73
DA:66,18
DA:67,55
DA:68,55
DA:69,55
DA:70,73
DA:76,2457
DA:77,2457
DA:78,0
DA:81,2457
DA:82,762
DA:83,1695
DA:84,1695
DA:85,1695
DA:86,813
DA:87,882
DA:88,882
DA:89,882
DA:90,2457
LF:49
LH:47
end_of_record
SF:solvers/chuffed/tests/dummy_test.rs
FN:2,dummy_test::dummy
FNDA:0,dummy_test::dummy
FNF:1
FNH:0
BRF:0
BRH:0
DA:2,0
DA:3,0
DA:4,0
LF:3
LH:0
end_of_record
SF:solvers/minion/src/wrappers.rs
FN:9,minion_rs::wrappers::get_from_table
FN:9,minion_rs::wrappers::get_from_table
FNDA:0,minion_rs::wrappers::get_from_table
FNDA:0,minion_rs::wrappers::get_from_table
FNF:2
FNH:0
BRF:0
BRH:0
DA:9,0
DA:10,0
DA:11,0
DA:12,0
DA:13,0
DA:14,0
DA:15,0
DA:16,0
DA:17,0
DA:18,0
DA:19,0
DA:20,0
DA:25,0
DA:26,0
DA:27,0
DA:30,0
LF:16
LH:0
end_of_record
SF:crates/uniplate/tests/derive_test_runner.rs
FN:2,derive_test_runner::derive_tests
FNDA:0,derive_test_runner::derive_tests
FNF:1
FNH:0
BRF:0
BRH:0
DA:2,0
DA:3,0
DA:4,0
DA:5,0
DA:6,0
DA:7,0
LF:6
LH:0
end_of_record
SF:solvers/minion/tests/test_watchedor_reifyimply_1.rs
FN:58,test_watchedor_reifyimply_1::callback
FN:29,test_watchedor_reifyimply_1::test_watchedor_reifyimply_1
FNDA:0,test_watchedor_reifyimply_1::callback
FNDA:0,test_watchedor_reifyimply_1::test_watchedor_reifyimply_1
FNF:2
FNH:0
BRF:0
BRH:0
DA:29,0
DA:30,0
DA:31,0
DA:32,0
DA:33,0
DA:34,0
DA:35,0
DA:36,0
DA:37,0
DA:38,0
DA:39,0
DA:40,0
DA:41,0
DA:42,0
DA:43,0
DA:44,0
DA:45,0
DA:46,0
DA:47,0
DA:48,0
DA:49,0
DA:51,0
DA:52,0
DA:53,0
DA:54,0
DA:55,0
DA:58,0
DA:59,0
DA:60,0
DA:61,0
DA:62,0
DA:63,0
LF:32
LH:0
end_of_record
SF:crates/conjure_core/src/rule_engine/resolve_rules.rs
FN:45,conjure_core::rule_engine::resolve_rules::rule_sets_by_names
FN:70,conjure_core::rule_engine::resolve_rules::resolve_rule_sets
FN:152,conjure_core::rule_engine::resolve_rules::get_rules_vec::{closure#0}
FN:150,conjure_core::rule_engine::resolve_rules::get_rules_vec
FN:128,conjure_core::rule_engine::resolve_rules::rule_cmp
FN:15,<conjure_core::rule_engine::resolve_rules::ResolveRulesError as core::fmt::Display>::fmt
FN:152,conjure_core::rule_engine::resolve_rules::get_rules_vec::{closure#0}
FN:150,conjure_core::rule_engine::resolve_rules::get_rules_vec
FN:90,conjure_core::rule_engine::resolve_rules::get_rule_priorities
FN:90,conjure_core::rule_engine::resolve_rules::get_rule_priorities
FN:45,conjure_core::rule_engine::resolve_rules::rule_sets_by_names
FN:29,conjure_core::rule_engine::resolve_rules::get_rule_set
FN:15,<conjure_core::rule_engine::resolve_rules::ResolveRulesError as core::fmt::Display>::fmt
FN:29,conjure_core::rule_engine::resolve_rules::get_rule_set
FN:128,conjure_core::rule_engine::resolve_rules::rule_cmp
FN:70,conjure_core::rule_engine::resolve_rules::resolve_rule_sets
FNDA:0,conjure_core::rule_engine::resolve_rules::rule_sets_by_names
FNDA:0,conjure_core::rule_engine::resolve_rules::resolve_rule_sets
FNDA:0,conjure_core::rule_engine::resolve_rules::get_rules_vec::{closure#0}
FNDA:0,conjure_core::rule_engine::resolve_rules::get_rules_vec
FNDA:0,conjure_core::rule_engine::resolve_rules::rule_cmp
FNDA:0,<conjure_core::rule_engine::resolve_rules::ResolveRulesError as core::fmt::Display>::fmt
FNDA:0,conjure_core::rule_engine::resolve_rules::get_rules_vec::{closure#0}
FNDA:0,conjure_core::rule_engine::resolve_rules::get_rules_vec
FNDA:0,conjure_core::rule_engine::resolve_rules::get_rule_priorities
FNDA:0,conjure_core::rule_engine::resolve_rules::get_rule_priorities
FNDA:0,conjure_core::rule_engine::resolve_rules::rule_sets_by_names
FNDA:0,conjure_core::rule_engine::resolve_rules::get_rule_set
FNDA:0,<conjure_core::rule_engine::resolve_rules::ResolveRulesError as core::fmt::Display>::fmt
FNDA:0,conjure_core::rule_engine::resolve_rules::get_rule_set
FNDA:0,conjure_core::rule_engine::resolve_rules::rule_cmp
FNDA:0,conjure_core::rule_engine::resolve_rules::resolve_rule_sets
FNF:16
FNH:0
BRF:0
BRH:0
DA:15,0
DA:16,0
DA:17,0
DA:18,0
DA:19,0
DA:29,0
DA:30,0
DA:31,0
DA:32,0
DA:34,0
DA:45,0
DA:46,0
DA:47,0
DA:48,0
DA:50,0
DA:51,0
DA:52,0
DA:53,0
DA:54,0
DA:57,0
DA:58,0
DA:70,0
DA:71,0
DA:72,0
DA:73,0
DA:74,0
DA:76,0
DA:77,0
DA:78,0
DA:80,0
DA:81,0
DA:82,0
DA:90,0
DA:91,0
DA:92,0
DA:93,0
DA:95,0
DA:96,0
DA:97,0
DA:98,0
DA:99,0
DA:100,0
DA:101,0
DA:102,0
DA:103,0
DA:107,0
DA:108,0
DA:109,0
DA:110,0
DA:112,0
DA:113,0
DA:128,0
DA:129,0
DA:130,0
DA:131,0
DA:132,0
DA:133,0
DA:134,0
DA:135,0
DA:136,0
DA:137,0
DA:138,0
DA:139,0
DA:140,0
DA:141,0
DA:150,0
DA:151,0
DA:152,0
DA:153,0
DA:154,0
LF:70
LH:0
end_of_record
SF:conjure_oxide/src/utils/json.rs
FN:32,conjure_oxide::utils::json::sort_json_variables
FN:32,conjure_oxide::utils::json::sort_json_variables
FN:68,conjure_oxide::utils::json::sort_json_object::{closure#2}
FN:53,conjure_oxide::utils::json::sort_json_object::{closure#0}
FN:7,conjure_oxide::utils::json::json_value_cmp
FN:48,conjure_oxide::utils::json::sort_json_object
FN:62,conjure_oxide::utils::json::sort_json_object::{closure#1}
FN:48,conjure_oxide::utils::json::sort_json_object
FN:68,conjure_oxide::utils::json::sort_json_object::{closure#2}
FN:7,conjure_oxide::utils::json::json_value_cmp
FN:62,conjure_oxide::utils::json::sort_json_object::{closure#1}
FN:53,conjure_oxide::utils::json::sort_json_object::{closure#0}
FNDA:0,conjure_oxide::utils::json::sort_json_variables
FNDA:0,conjure_oxide::utils::json::sort_json_variables
FNDA:0,conjure_oxide::utils::json::sort_json_object::{closure#2}
FNDA:0,conjure_oxide::utils::json::sort_json_object::{closure#0}
FNDA:0,conjure_oxide::utils::json::json_value_cmp
FNDA:0,conjure_oxide::utils::json::sort_json_object
FNDA:0,conjure_oxide::utils::json::sort_json_object::{closure#1}
FNDA:0,conjure_oxide::utils::json::sort_json_object
FNDA:0,conjure_oxide::utils::json::sort_json_object::{closure#2}
FNDA:0,conjure_oxide::utils::json::json_value_cmp
FNDA:0,conjure_oxide::utils::json::sort_json_object::{closure#1}
FNDA:0,conjure_oxide::utils::json::sort_json_object::{closure#0}
FNF:12
FNH:0
BRF:0
BRH:0
DA:7,0
DA:8,0
DA:9,0
DA:10,0
DA:11,0
DA:12,0
DA:13,0
DA:14,0
DA:15,0
DA:17,0
DA:18,0
DA:19,0
DA:20,0
DA:21,0
DA:22,0
DA:24,0
DA:26,0
DA:28,0
DA:32,0
DA:33,0
DA:34,0
DA:35,0
DA:36,0
DA:37,0
DA:39,0
DA:41,0
DA:48,0
DA:49,0
DA:50,0
DA:51,0
DA:52,0
DA:53,0
DA:54,0
DA:55,0
DA:57,0
DA:59,0
DA:60,0
DA:61,0
DA:62,0
DA:63,0
DA:65,0
DA:66,0
DA:67,0
DA:68,0
DA:69,0
DA:70,0
DA:71,0
DA:72,0
DA:73,0
DA:75,0
DA:77,0
DA:79,0
LF:52
LH:0
end_of_record
SF:crates/conjure_core/src/metadata.rs
FN:6,<<conjure_core::metadata::Metadata as serde::de::Deserialize>::deserialize::__FieldVisitor as serde::de::Visitor>::visit_bytes::<_>
FN:6,<<conjure_core::metadata::Metadata as serde::de::Deserialize>::deserialize::__Visitor as serde::de::Visitor>::expecting
FN:6,<<conjure_core::metadata::Metadata as serde::de::Deserialize>::deserialize::__Field as serde::de::Deserialize>::deserialize::<_>
FN:6,<<conjure_core::metadata::Metadata as serde::de::Deserialize>::deserialize::__Visitor as serde::de::Visitor>::visit_seq::<_>
FN:6,<<conjure_core::metadata::Metadata as serde::de::Deserialize>::deserialize::__Visitor as serde::de::Visitor>::visit_map::<_>
FN:6,<<conjure_core::metadata::Metadata as serde::de::Deserialize>::deserialize::__FieldVisitor as serde::de::Visitor>::visit_str::<serde_json::error::Error>
FN:6,<<conjure_core::metadata::Metadata as serde::de::Deserialize>::deserialize::__FieldVisitor as serde::de::Visitor>::expecting
FN:6,<<conjure_core::metadata::Metadata as serde::de::Deserialize>::deserialize::__Visitor as serde::de::Visitor>::visit_seq::<serde_json::de::SeqAccess<serde_json::read::StrRead>>
FN:6,<<conjure_core::metadata::Metadata as serde::de::Deserialize>::deserialize::__FieldVisitor as serde::de::Visitor>::expecting
FN:20,<conjure_core::metadata::Metadata>::clone_dirty
FN:6,<<conjure_core::metadata::Metadata as serde::de::Deserialize>::deserialize::__Visitor as serde::de::Visitor>::visit_map::<serde_json::de::MapAccess<serde_json::read::StrRead>>
FN:6,<<conjure_core::metadata::Metadata as serde::de::Deserialize>::deserialize::__FieldVisitor as serde::de::Visitor>::visit_bytes::<_>
FN:13,<conjure_core::metadata::Metadata>::new
FN:6,<<conjure_core::metadata::Metadata as serde::de::Deserialize>::deserialize::__FieldVisitor as serde::de::Visitor>::visit_u64::<_>
FN:6,<<conjure_core::metadata::Metadata as serde::de::Deserialize>::deserialize::__Field as serde::de::Deserialize>::deserialize::<serde_json::de::MapKey<serde_json::read::StrRead>>
FN:13,<conjure_core::metadata::Metadata>::new
FN:6,<<conjure_core::metadata::Metadata as serde::de::Deserialize>::deserialize::__FieldVisitor as serde::de::Visitor>::visit_str::<_>
FN:29,<conjure_core::metadata::Metadata as core::fmt::Display>::fmt
FN:6,<<conjure_core::metadata::Metadata as serde::de::Deserialize>::deserialize::__Visitor as serde::de::Visitor>::visit_map::<_>
FN:20,<conjure_core::metadata::Metadata>::clone_dirty
FN:6,<<conjure_core::metadata::Metadata as serde::de::Deserialize>::deserialize::__FieldVisitor as serde::de::Visitor>::visit_str::<_>
FN:6,<<conjure_core::metadata::Metadata as serde::de::Deserialize>::deserialize::__Field as serde::de::Deserialize>::deserialize::<_>
FN:29,<conjure_core::metadata::Metadata as core::fmt::Display>::fmt
FN:6,<<conjure_core::metadata::Metadata as serde::de::Deserialize>::deserialize::__Visitor as serde::de::Visitor>::expecting
FN:6,<<conjure_core::metadata::Metadata as serde::de::Deserialize>::deserialize::__FieldVisitor as serde::de::Visitor>::visit_u64::<_>
FN:6,<<conjure_core::metadata::Metadata as serde::de::Deserialize>::deserialize::__Visitor as serde::de::Visitor>::visit_seq::<_>
FNDA:0,<<conjure_core::metadata::Metadata as serde::de::Deserialize>::deserialize::__FieldVisitor as serde::de::Visitor>::visit_bytes::<_>
FNDA:0,<<conjure_core::metadata::Metadata as serde::de::Deserialize>::deserialize::__Visitor as serde::de::Visitor>::expecting
FNDA:0,<<conjure_core::metadata::Metadata as serde::de::Deserialize>::deserialize::__Field as serde::de::Deserialize>::deserialize::<_>
FNDA:0,<<conjure_core::metadata::Metadata as serde::de::Deserialize>::deserialize::__Visitor as serde::de::Visitor>::visit_seq::<_>
FNDA:0,<<conjure_core::metadata::Metadata as serde::de::Deserialize>::deserialize::__Visitor as serde::de::Visitor>::visit_map::<_>
FNDA:0,<<conjure_core::metadata::Metadata as serde::de::Deserialize>::deserialize::__FieldVisitor as serde::de::Visitor>::visit_str::<serde_json::error::Error>
FNDA:0,<<conjure_core::metadata::Metadata as serde::de::Deserialize>::deserialize::__FieldVisitor as serde::de::Visitor>::expecting
FNDA:0,<<conjure_core::metadata::Metadata as serde::de::Deserialize>::deserialize::__Visitor as serde::de::Visitor>::visit_seq::<serde_json::de::SeqAccess<serde_json::read::StrRead>>
FNDA:0,<<conjure_core::metadata::Metadata as serde::de::Deserialize>::deserialize::__FieldVisitor as serde::de::Visitor>::expecting
FNDA:0,<conjure_core::metadata::Metadata>::clone_dirty
FNDA:0,<<conjure_core::metadata::Metadata as serde::de::Deserialize>::deserialize::__Visitor as serde::de::Visitor>::visit_map::<serde_json::de::MapAccess<serde_json::read::StrRead>>
FNDA:0,<<conjure_core::metadata::Metadata as serde::de::Deserialize>::deserialize::__FieldVisitor as serde::de::Visitor>::visit_bytes::<_>
FNDA:0,<conjure_core::metadata::Metadata>::new
FNDA:0,<<conjure_core::metadata::Metadata as serde::de::Deserialize>::deserialize::__FieldVisitor as serde::de::Visitor>::visit_u64::<_>
FNDA:0,<<conjure_core::metadata::Metadata as serde::de::Deserialize>::deserialize::__Field as serde::de::Deserialize>::deserialize::<serde_json::de::MapKey<serde_json::read::StrRead>>
FNDA:0,<conjure_core::metadata::Metadata>::new
FNDA:0,<<conjure_core::metadata::Metadata as serde::de::Deserialize>::deserialize::__FieldVisitor as serde::de::Visitor>::visit_str::<_>
FNDA:0,<conjure_core::metadata::Metadata as core::fmt::Display>::fmt
FNDA:0,<<conjure_core::metadata::Metadata as serde::de::Deserialize>::deserialize::__Visitor as serde::de::Visitor>::visit_map::<_>
FNDA:0,<conjure_core::metadata::Metadata>::clone_dirty
FNDA:0,<<conjure_core::metadata::Metadata as serde::de::Deserialize>::deserialize::__FieldVisitor as serde::de::Visitor>::visit_str::<_>
FNDA:0,<<conjure_core::metadata::Metadata as serde::de::Deserialize>::deserialize::__Field as serde::de::Deserialize>::deserialize::<_>
FNDA:0,<conjure_core::metadata::Metadata as core::fmt::Display>::fmt
FNDA:0,<<conjure_core::metadata::Metadata as serde::de::Deserialize>::deserialize::__Visitor as serde::de::Visitor>::expecting
FNDA:0,<<conjure_core::metadata::Metadata as serde::de::Deserialize>::deserialize::__FieldVisitor as serde::de::Visitor>::visit_u64::<_>
FNDA:0,<<conjure_core::metadata::Metadata as serde::de::Deserialize>::deserialize::__Visitor as serde::de::Visitor>::visit_seq::<_>
FNF:26
FNH:0
BRF:0
BRH:0
DA:6,0
DA:13,0
DA:14,0
DA:15,0
DA:16,0
DA:17,0
DA:18,0
DA:20,0
DA:21,0
DA:22,0
DA:23,0
DA:24,0
DA:25,0
DA:29,0
DA:30,0
DA:31,0
LF:16
LH:0
end_of_record
SF:solvers/chuffed/tests/chuffed_basic_run.rs
FN:11,chuffed_basic_run::post_constraints
FN:42,chuffed_basic_run::run_basic_problem
FN:35,callback
FNDA:0,chuffed_basic_run::post_constraints
FNDA:0,chuffed_basic_run::run_basic_problem
FNDA:0,callback
FNF:3
FNH:0
BRF:0
BRH:0
DA:11,0
DA:12,0
DA:13,0
DA:14,0
DA:15,0
DA:16,0
DA:17,0
DA:18,0
DA:19,0
DA:20,0
DA:21,0
DA:22,0
DA:23,0
DA:24,0
DA:25,0
DA:26,0
DA:27,0
DA:28,0
DA:29,0
DA:30,0
DA:31,0
DA:35,0
DA:36,0
DA:37,0
DA:42,0
DA:43,0
DA:44,0
DA:45,0
DA:46,0
DA:47,0
DA:48,0
DA:49,0
DA:50,0
DA:51,0
DA:52,0
DA:53,0
DA:54,0
DA:55,0
DA:56,0
DA:57,0
DA:58,0
DA:59,0
DA:60,0
DA:61,0
DA:62,0
DA:63,0
DA:64,0
DA:65,0
DA:67,0
LF:49
LH:0
end_of_record
SF:crates/conjure_core/src/ast/expressions.rs
FN:333,<conjure_core::ast::expressions::Expression as core::convert::From<i32>>::from
FN:16,<<<conjure_core::ast::expressions::Expression as serde::de::Deserialize>::deserialize::__Visitor as serde::de::Visitor>::visit_enum::__Visitor as serde::de::Visitor>::expecting
FN:16,<<<conjure_core::ast::expressions::Expression as serde::de::Deserialize>::deserialize::__Visitor as serde::de::Visitor>::visit_enum::__Visitor as serde::de::Visitor>::visit_seq::<serde_json::de::SeqAccess<serde_json::read::StrRead>>
FN:16,<<<conjure_core::ast::expressions::Expression as serde::de::Deserialize>::deserialize::__Visitor as serde::de::Visitor>::visit_enum::__Visitor as serde::de::Visitor>::visit_seq::<_>
FN:16,<<<conjure_core::ast::expressions::Expression as serde::de::Deserialize>::deserialize::__Visitor as serde::de::Visitor>::visit_enum::__Visitor as serde::de::Visitor>::visit_seq::<serde_json::de::SeqAccess<serde_json::read::StrRead>>
FN:16,<<<conjure_core::ast::expressions::Expression as serde::de::Deserialize>::deserialize::__Visitor as serde::de::Visitor>::visit_enum::__Visitor as serde::de::Visitor>::visit_seq::<_>
FN:16,<conjure_core::ast::expressions::Expression as uniplate::biplate::Biplate<conjure_core::ast::constants::Constant>>::biplate::{closure#8}
FN:16,<<conjure_core::ast::expressions::Expression as serde::de::Deserialize>::deserialize::__FieldVisitor as serde::de::Visitor>::expecting
FN:16,<<<conjure_core::ast::expressions::Expression as serde::de::Deserialize>::deserialize::__Visitor as serde::de::Visitor>::visit_enum::__Visitor as serde::de::Visitor>::expecting
FN:16,<<<conjure_core::ast::expressions::Expression as serde::de::Deserialize>::deserialize::__Visitor as serde::de::Visitor>::visit_enum::__Visitor as serde::de::Visitor>::visit_seq::<_>
FN:16,<<<conjure_core::ast::expressions::Expression as serde::de::Deserialize>::deserialize::__Visitor as serde::de::Visitor>::visit_enum::__Visitor as serde::de::Visitor>::visit_seq::<_>
FN:16,<conjure_core::ast::expressions::Expression as uniplate::biplate::Biplate<conjure_core::ast::constants::Constant>>::biplate::{closure#7}
FN:16,<conjure_core::ast::expressions::Expression as uniplate::biplate::Biplate<conjure_core::ast::constants::Constant>>::biplate::{closure#1}
FN:16,<conjure_core::ast::expressions::Expression as uniplate::biplate::Biplate<conjure_core::ast::constants::Constant>>::biplate::{closure#11}
FN:117,conjure_core::ast::expressions::expr_vec_to_domain_i32::{closure#1}
FN:16,<conjure_core::ast::expressions::Expression as uniplate::biplate::Biplate<conjure_core::ast::constants::Constant>>::biplate::{closure#19}
FN:16,<<<conjure_core::ast::expressions::Expression as serde::de::Deserialize>::deserialize::__Visitor as serde::de::Visitor>::visit_enum::__Visitor as serde::de::Visitor>::expecting
FN:490,conjure_core::ast::expressions::tests::test_domain_of_reference_sum_single
FN:16,<conjure_core::ast::expressions::Expression as uniplate::biplate::Uniplate>::uniplate::{closure#19}
FN:16,<<<conjure_core::ast::expressions::Expression as serde::de::Deserialize>::deserialize::__Visitor as serde::de::Visitor>::visit_enum::__Visitor as serde::de::Visitor>::expecting
FN:16,<conjure_core::ast::expressions::Expression as uniplate::biplate::Uniplate>::uniplate::{closure#22}
FN:16,<<<conjure_core::ast::expressions::Expression as serde::de::Deserialize>::deserialize::__Visitor as serde::de::Visitor>::visit_enum::__Visitor as serde::de::Visitor>::expecting
FN:16,<conjure_core::ast::expressions::Expression as uniplate::biplate::Biplate<conjure_core::ast::constants::Constant>>::biplate::{closure#1}
FN:16,<<<conjure_core::ast::expressions::Expression as serde::de::Deserialize>::deserialize::__Visitor as serde::de::Visitor>::visit_enum::__Visitor as serde::de::Visitor>::expecting
FN:16,<<<conjure_core::ast::expressions::Expression as serde::de::Deserialize>::deserialize::__Visitor as serde::de::Visitor>::visit_enum::__Visitor as serde::de::Visitor>::visit_seq::<_>
FN:339,<conjure_core::ast::expressions::Expression as core::convert::From<bool>>::from
FN:16,<<<conjure_core::ast::expressions::Expression as serde::de::Deserialize>::deserialize::__Visitor as serde::de::Visitor>::visit_enum::__Visitor as serde::de::Visitor>::expecting
FN:190,<conjure_core::ast::expressions::Expression>::return_type
FN:16,<<<conjure_core::ast::expressions::Expression as serde::de::Deserialize>::deserialize::__Visitor as serde::de::Visitor>::visit_enum::__Visitor as serde::de::Visitor>::visit_seq::<_>
FN:156,<conjure_core::ast::expressions::Expression>::domain_of::{closure#0}
FN:16,<conjure_core::ast::expressions::Expression as uniplate::biplate::Biplate<conjure_core::ast::constants::Constant>>::biplate::{closure#3}
FN:16,<conjure_core::ast::expressions::Expression as uniplate::biplate::Uniplate>::uniplate::{closure#10}
FN:16,<conjure_core::ast::expressions::Expression as uniplate::biplate::Uniplate>::uniplate::{closure#16}
FN:16,<conjure_core::ast::expressions::Expression as uniplate::biplate::Uniplate>::uniplate::{closure#9}
FN:16,<<<conjure_core::ast::expressions::Expression as serde::de::Deserialize>::deserialize::__Visitor as serde::de::Visitor>::visit_enum::__Visitor as serde::de::Visitor>::visit_seq::<_>
FN:464,conjure_core::ast::expressions::tests::test_domain_of_empty_sum
FN:16,<<<conjure_core::ast::expressions::Expression as serde::de::Deserialize>::deserialize::__Visitor as serde::de::Visitor>::visit_enum::__Visitor as serde::de::Visitor>::expecting
FN:16,<<conjure_core::ast::expressions::Expression as serde::de::Deserialize>::deserialize::__Visitor as serde::de::Visitor>::visit_enum::<serde_json::de::VariantAccess<serde_json::read::StrRead>>
FN:109,conjure_core::ast::expressions::expr_vec_to_domain_i32
FN:16,<<<conjure_core::ast::expressions::Expression as serde::de::Deserialize>::deserialize::__Visitor as serde::de::Visitor>::visit_enum::__Visitor as serde::de::Visitor>::visit_seq::<serde_json::de::SeqAccess<serde_json::read::StrRead>>
FN:16,<<<conjure_core::ast::expressions::Expression as serde::de::Deserialize>::deserialize::__Visitor as serde::de::Visitor>::visit_enum::__Visitor as serde::de::Visitor>::visit_seq::<serde_json::de::SeqAccess<serde_json::read::StrRead>>
FN:16,<conjure_core::ast::expressions::Expression as uniplate::biplate::Biplate<conjure_core::ast::constants::Constant>>::biplate::{closure#12}
FN:16,<conjure_core::ast::expressions::Expression as uniplate::biplate::Biplate<conjure_core::ast::constants::Constant>>::biplate::{closure#16}
FN:16,<conjure_core::ast::expressions::Expression as uniplate::biplate::Biplate<conjure_core::ast::constants::Constant>>::biplate::{closure#15}
FN:456,conjure_core::ast::expressions::tests::test_domain_of_constant_invalid_type
FN:16,<<conjure_core::ast::expressions::Expression as serde::de::Deserialize>::deserialize::__FieldVisitor as serde::de::Visitor>::visit_bytes::<_>
FN:16,<<<conjure_core::ast::expressions::Expression as serde::de::Deserialize>::deserialize::__Visitor as serde::de::Visitor>::visit_enum::__Visitor as serde::de::Visitor>::visit_seq::<_>
FN:16,<conjure_core::ast::expressions::Expression as uniplate::biplate::Biplate<conjure_core::ast::constants::Constant>>::biplate::{closure#6}
FN:16,<conjure_core::ast::expressions::Expression as uniplate::biplate::Uniplate>::uniplate::{closure#8}
FN:16,<conjure_core::ast::expressions::Expression as uniplate::biplate::Biplate<conjure_core::ast::constants::Constant>>::biplate::{closure#10}
FN:16,<<<conjure_core::ast::expressions::Expression as serde::de::Deserialize>::deserialize::__Visitor as serde::de::Visitor>::visit_enum::__Visitor as serde::de::Visitor>::visit_seq::<_>
FN:16,<conjure_core::ast::expressions::Expression as uniplate::biplate::Uniplate>::uniplate
FN:16,<conjure_core::ast::expressions::Expression as uniplate::biplate::Biplate<conjure_core::ast::constants::Constant>>::biplate::{closure#20}
FN:117,conjure_core::ast::expressions::expr_vec_to_domain_i32::{closure#1}::{closure#0}::{closure#0}
FN:16,<<<conjure_core::ast::expressions::Expression as serde::de::Deserialize>::deserialize::__Visitor as serde::de::Visitor>::visit_enum::__Visitor as serde::de::Visitor>::visit_seq::<serde_json::de::SeqAccess<serde_json::read::StrRead>>
FN:16,<conjure_core::ast::expressions::Expression as uniplate::biplate::Uniplate>::uniplate::{closure#18}
FN:16,<<<conjure_core::ast::expressions::Expression as serde::de::Deserialize>::deserialize::__Visitor as serde::de::Visitor>::visit_enum::__Visitor as serde::de::Visitor>::expecting
FN:16,<<conjure_core::ast::expressions::Expression as serde::de::Deserialize>::deserialize::__Field as serde::de::Deserialize>::deserialize::<&mut serde_json::de::Deserializer<serde_json::read::StrRead>>
FN:16,<<<conjure_core::ast::expressions::Expression as serde::de::Deserialize>::deserialize::__Visitor as serde::de::Visitor>::visit_enum::__Visitor as serde::de::Visitor>::visit_seq::<serde_json::de::SeqAccess<serde_json::read::StrRead>>
FN:16,<conjure_core::ast::expressions::Expression as uniplate::biplate::Biplate<conjure_core::ast::constants::Constant>>::biplate::{closure#21}
FN:16,<<<conjure_core::ast::expressions::Expression as serde::de::Deserialize>::deserialize::__Visitor as serde::de::Visitor>::visit_enum::__Visitor as serde::de::Visitor>::expecting
FN:16,<<<conjure_core::ast::expressions::Expression as serde::de::Deserialize>::deserialize::__Visitor as serde::de::Visitor>::visit_enum::__Visitor as serde::de::Visitor>::expecting
FN:16,<<<conjure_core::ast::expressions::Expression as serde::de::Deserialize>::deserialize::__Visitor as serde::de::Visitor>::visit_enum::__Visitor as serde::de::Visitor>::expecting
FN:16,<<<conjure_core::ast::expressions::Expression as serde::de::Deserialize>::deserialize::__Visitor as serde::de::Visitor>::visit_enum::__Visitor as serde::de::Visitor>::expecting
FN:117,conjure_core::ast::expressions::expr_vec_to_domain_i32::{closure#1}::{closure#0}::{closure#0}
FN:16,<conjure_core::ast::expressions::Expression as uniplate::biplate::Uniplate>::uniplate::{closure#3}
FN:16,<conjure_core::ast::expressions::Expression as uniplate::biplate::Biplate<conjure_core::ast::constants::Constant>>::biplate::{closure#15}
FN:16,<<<conjure_core::ast::expressions::Expression as serde::de::Deserialize>::deserialize::__Visitor as serde::de::Visitor>::visit_enum::__Visitor as serde::de::Visitor>::visit_seq::<_>
FN:16,<<<conjure_core::ast::expressions::Expression as serde::de::Deserialize>::deserialize::__Visitor as serde::de::Visitor>::visit_enum::__Visitor as serde::de::Visitor>::expecting
FN:16,<<<conjure_core::ast::expressions::Expression as serde::de::Deserialize>::deserialize::__Visitor as serde::de::Visitor>::visit_enum::__Visitor as serde::de::Visitor>::expecting
FN:16,<conjure_core::ast::expressions::Expression as uniplate::biplate::Uniplate>::uniplate::{closure#2}
FN:16,<<<conjure_core::ast::expressions::Expression as serde::de::Deserialize>::deserialize::__Visitor as serde::de::Visitor>::visit_enum::__Visitor as serde::de::Visitor>::visit_seq::<serde_json::de::SeqAccess<serde_json::read::StrRead>>
FN:16,<conjure_core::ast::expressions::Expression as uniplate::biplate::Biplate<conjure_core::ast::constants::Constant>>::biplate::{closure#9}
FN:16,<conjure_core::ast::expressions::Expression as uniplate::biplate::Biplate<conjure_core::ast::constants::Constant>>::biplate::{closure#16}
FN:16,<conjure_core::ast::expressions::Expression as uniplate::biplate::Uniplate>::uniplate::{closure#3}
FN:16,<conjure_core::ast::expressions::Expression as uniplate::biplate::Uniplate>::uniplate::{closure#7}
FN:162,<conjure_core::ast::expressions::Expression>::domain_of::{closure#2}
FN:16,<conjure_core::ast::expressions::Expression as uniplate::biplate::Biplate<conjure_core::ast::constants::Constant>>::biplate::{closure#2}
FN:16,<conjure_core::ast::expressions::Expression as uniplate::biplate::Biplate<conjure_core::ast::constants::Constant>>::biplate::{closure#6}
FN:16,<conjure_core::ast::expressions::Expression as uniplate::biplate::Biplate<conjure_core::ast::constants::Constant>>::biplate::{closure#2}
FN:16,<conjure_core::ast::expressions::Expression as uniplate::biplate::Uniplate>::uniplate::{closure#6}
FN:16,<conjure_core::ast::expressions::Expression as uniplate::biplate::Uniplate>::uniplate::{closure#17}
FN:16,<<<conjure_core::ast::expressions::Expression as serde::de::Deserialize>::deserialize::__Visitor as serde::de::Visitor>::visit_enum::__Visitor as serde::de::Visitor>::visit_seq::<_>
FN:16,<<<conjure_core::ast::expressions::Expression as serde::de::Deserialize>::deserialize::__Visitor as serde::de::Visitor>::visit_enum::__Visitor as serde::de::Visitor>::visit_seq::<_>
FN:16,<<conjure_core::ast::expressions::Expression as serde::de::Deserialize>::deserialize::__Visitor as serde::de::Visitor>::visit_enum::<_>
FN:16,<<<conjure_core::ast::expressions::Expression as serde::de::Deserialize>::deserialize::__Visitor as serde::de::Visitor>::visit_enum::__Visitor as serde::de::Visitor>::visit_seq::<_>
FN:219,<conjure_core::ast::expressions::Expression>::is_clean
FN:16,<conjure_core::ast::expressions::Expression as uniplate::biplate::Biplate<conjure_core::ast::expressions::Expression>>::biplate::{closure#0}
FN:16,<<<conjure_core::ast::expressions::Expression as serde::de::Deserialize>::deserialize::__Visitor as serde::de::Visitor>::visit_enum::__Visitor as serde::de::Visitor>::visit_seq::<serde_json::de::SeqAccess<serde_json::read::StrRead>>
FN:16,<conjure_core::ast::expressions::Expression as uniplate::biplate::Uniplate>::uniplate::{closure#12}
FN:16,<<<conjure_core::ast::expressions::Expression as serde::de::Deserialize>::deserialize::__Visitor as serde::de::Visitor>::visit_enum::__Visitor as serde::de::Visitor>::visit_seq::<_>
FN:16,<<<conjure_core::ast::expressions::Expression as serde::de::Deserialize>::deserialize::__Visitor as serde::de::Visitor>::visit_enum::__Visitor as serde::de::Visitor>::visit_seq::<_>
FN:16,<<<conjure_core::ast::expressions::Expression as serde::de::Deserialize>::deserialize::__Visitor as serde::de::Visitor>::visit_enum::__Visitor as serde::de::Visitor>::visit_seq::<_>
FN:16,<<<conjure_core::ast::expressions::Expression as serde::de::Deserialize>::deserialize::__Visitor as serde::de::Visitor>::visit_enum::__Visitor as serde::de::Visitor>::visit_seq::<_>
FN:16,<conjure_core::ast::expressions::Expression as uniplate::biplate::Biplate<conjure_core::ast::expressions::Expression>>::biplate
FN:16,<<<conjure_core::ast::expressions::Expression as serde::de::Deserialize>::deserialize::__Visitor as serde::de::Visitor>::visit_enum::__Visitor as serde::de::Visitor>::expecting
FN:180,<conjure_core::ast::expressions::Expression>::can_be_undefined
FN:16,<<<conjure_core::ast::expressions::Expression as serde::de::Deserialize>::deserialize::__Visitor as serde::de::Visitor>::visit_enum::__Visitor as serde::de::Visitor>::visit_seq::<_>
FN:16,<<<conjure_core::ast::expressions::Expression as serde::de::Deserialize>::deserialize::__Visitor as serde::de::Visitor>::visit_enum::__Visitor as serde::de::Visitor>::expecting
FN:16,<<<conjure_core::ast::expressions::Expression as serde::de::Deserialize>::deserialize::__Visitor as serde::de::Visitor>::visit_enum::__Visitor as serde::de::Visitor>::visit_seq::<serde_json::de::SeqAccess<serde_json::read::StrRead>>
FN:16,<<<conjure_core::ast::expressions::Expression as serde::de::Deserialize>::deserialize::__Visitor as serde::de::Visitor>::visit_enum::__Visitor as serde::de::Visitor>::visit_seq::<_>
FN:16,<conjure_core::ast::expressions::Expression as uniplate::biplate::Biplate<conjure_core::ast::constants::Constant>>::biplate::{closure#22}
FN:16,<<<conjure_core::ast::expressions::Expression as serde::de::Deserialize>::deserialize::__Visitor as serde::de::Visitor>::visit_enum::__Visitor as serde::de::Visitor>::visit_seq::<serde_json::de::SeqAccess<serde_json::read::StrRead>>
FN:16,<<<conjure_core::ast::expressions::Expression as serde::de::Deserialize>::deserialize::__Visitor as serde::de::Visitor>::visit_enum::__Visitor as serde::de::Visitor>::expecting
FN:16,<conjure_core::ast::expressions::Expression as uniplate::biplate::Biplate<conjure_core::ast::expressions::Expression>>::biplate::{closure#0}
FN:16,<conjure_core::ast::expressions::Expression as uniplate::biplate::Biplate<conjure_core::ast::constants::Constant>>::biplate::{closure#14}
FN:16,<<conjure_core::ast::expressions::Expression as serde::de::Deserialize>::deserialize::__Visitor as serde::de::Visitor>::expecting
FN:219,<conjure_core::ast::expressions::Expression>::is_clean
FN:16,<conjure_core::ast::expressions::Expression as uniplate::biplate::Uniplate>::uniplate::{closure#22}
FN:16,<<<conjure_core::ast::expressions::Expression as serde::de::Deserialize>::deserialize::__Visitor as serde::de::Visitor>::visit_enum::__Visitor as serde::de::Visitor>::expecting
FN:16,<<<conjure_core::ast::expressions::Expression as serde::de::Deserialize>::deserialize::__Visitor as serde::de::Visitor>::visit_enum::__Visitor as serde::de::Visitor>::visit_seq::<_>
FN:470,conjure_core::ast::expressions::tests::test_domain_of_reference
FN:16,<<<conjure_core::ast::expressions::Expression as serde::de::Deserialize>::deserialize::__Visitor as serde::de::Visitor>::visit_enum::__Visitor as serde::de::Visitor>::expecting
FN:16,<conjure_core::ast::expressions::Expression as uniplate::biplate::Uniplate>::uniplate
FN:16,<<<conjure_core::ast::expressions::Expression as serde::de::Deserialize>::deserialize::__Visitor as serde::de::Visitor>::visit_enum::__Visitor as serde::de::Visitor>::visit_seq::<_>
FN:16,<conjure_core::ast::expressions::Expression as uniplate::biplate::Biplate<conjure_core::ast::constants::Constant>>::biplate::{closure#7}
FN:16,<conjure_core::ast::expressions::Expression as uniplate::biplate::Uniplate>::uniplate::{closure#21}
FN:16,<conjure_core::ast::expressions::Expression as uniplate::biplate::Uniplate>::uniplate::{closure#21}
FN:16,<conjure_core::ast::expressions::Expression as uniplate::biplate::Biplate<conjure_core::ast::constants::Constant>>::biplate::{closure#8}
FN:117,conjure_core::ast::expressions::expr_vec_to_domain_i32::{closure#1}::{closure#0}
FN:162,<conjure_core::ast::expressions::Expression>::domain_of::{closure#2}
FN:16,<conjure_core::ast::expressions::Expression as uniplate::biplate::Biplate<conjure_core::ast::constants::Constant>>::biplate::{closure#4}
FN:16,<conjure_core::ast::expressions::Expression as uniplate::biplate::Biplate<conjure_core::ast::constants::Constant>>::biplate::{closure#19}
FN:16,<<<conjure_core::ast::expressions::Expression as serde::de::Deserialize>::deserialize::__Visitor as serde::de::Visitor>::visit_enum::__Visitor as serde::de::Visitor>::expecting
FN:16,<conjure_core::ast::expressions::Expression as uniplate::biplate::Uniplate>::uniplate::{closure#12}
FN:16,<<<conjure_core::ast::expressions::Expression as serde::de::Deserialize>::deserialize::__Visitor as serde::de::Visitor>::visit_enum::__Visitor as serde::de::Visitor>::visit_seq::<serde_json::de::SeqAccess<serde_json::read::StrRead>>
FN:16,<<conjure_core::ast::expressions::Expression as serde::de::Deserialize>::deserialize::__FieldVisitor as serde::de::Visitor>::visit_u64::<_>
FN:339,<conjure_core::ast::expressions::Expression as core::convert::From<bool>>::from
FN:16,<<<conjure_core::ast::expressions::Expression as serde::de::Deserialize>::deserialize::__Visitor as serde::de::Visitor>::visit_enum::__Visitor as serde::de::Visitor>::visit_seq::<_>
FN:346,<conjure_core::ast::expressions::Expression as core::fmt::Display>::fmt
FN:16,<<conjure_core::ast::expressions::Expression as serde::de::Deserialize>::deserialize::__FieldVisitor as serde::de::Visitor>::expecting
FN:16,<<<conjure_core::ast::expressions::Expression as serde::de::Deserialize>::deserialize::__Visitor as serde::de::Visitor>::visit_enum::__Visitor as serde::de::Visitor>::visit_seq::<_>
FN:16,<conjure_core::ast::expressions::Expression as uniplate::biplate::Biplate<conjure_core::ast::constants::Constant>>::biplate::{closure#9}
FN:16,<<<conjure_core::ast::expressions::Expression as serde::de::Deserialize>::deserialize::__Visitor as serde::de::Visitor>::visit_enum::__Visitor as serde::de::Visitor>::expecting
FN:16,<<<conjure_core::ast::expressions::Expression as serde::de::Deserialize>::deserialize::__Visitor as serde::de::Visitor>::visit_enum::__Visitor as serde::de::Visitor>::visit_seq::<serde_json::de::SeqAccess<serde_json::read::StrRead>>
FN:16,<conjure_core::ast::expressions::Expression as uniplate::biplate::Uniplate>::uniplate::{closure#15}
FN:16,<conjure_core::ast::expressions::Expression as uniplate::biplate::Uniplate>::uniplate::{closure#14}
FN:114,conjure_core::ast::expressions::expr_vec_to_domain_i32::{closure#0}
FN:16,<<<conjure_core::ast::expressions::Expression as serde::de::Deserialize>::deserialize::__Visitor as serde::de::Visitor>::visit_enum::__Visitor as serde::de::Visitor>::expecting
FN:158,<conjure_core::ast::expressions::Expression>::domain_of::{closure#1}
FN:16,<<conjure_core::ast::expressions::Expression as serde::de::Deserialize>::deserialize::__FieldVisitor as serde::de::Visitor>::visit_str::<_>
FN:16,<<<conjure_core::ast::expressions::Expression as serde::de::Deserialize>::deserialize::__Visitor as serde::de::Visitor>::visit_enum::__Visitor as serde::de::Visitor>::expecting
FN:16,<<<conjure_core::ast::expressions::Expression as serde::de::Deserialize>::deserialize::__Visitor as serde::de::Visitor>::visit_enum::__Visitor as serde::de::Visitor>::visit_seq::<serde_json::de::SeqAccess<serde_json::read::StrRead>>
FN:16,<conjure_core::ast::expressions::Expression as uniplate::biplate::Uniplate>::uniplate::{closure#7}
FN:117,conjure_core::ast::expressions::expr_vec_to_domain_i32::{closure#1}
FN:16,<<<conjure_core::ast::expressions::Expression as serde::de::Deserialize>::deserialize::__Visitor as serde::de::Visitor>::visit_enum::__Visitor as serde::de::Visitor>::visit_seq::<_>
FN:16,<conjure_core::ast::expressions::Expression as uniplate::biplate::Biplate<conjure_core::ast::constants::Constant>>::biplate::{closure#10}
FN:180,<conjure_core::ast::expressions::Expression>::can_be_undefined
FN:16,<conjure_core::ast::expressions::Expression as uniplate::biplate::Uniplate>::uniplate::{closure#17}
FN:244,<conjure_core::ast::expressions::Expression>::set_clean
FN:16,<conjure_core::ast::expressions::Expression as uniplate::biplate::Uniplate>::uniplate::{closure#6}
FN:16,<<<conjure_core::ast::expressions::Expression as serde::de::Deserialize>::deserialize::__Visitor as serde::de::Visitor>::visit_enum::__Visitor as serde::de::Visitor>::visit_seq::<serde_json::de::SeqAccess<serde_json::read::StrRead>>
FN:16,<conjure_core::ast::expressions::Expression as uniplate::biplate::Biplate<conjure_core::ast::constants::Constant>>::biplate::{closure#11}
FN:313,conjure_core::ast::expressions::display_expressions
FN:16,<conjure_core::ast::expressions::Expression as uniplate::biplate::Biplate<conjure_core::ast::constants::Constant>>::biplate::{closure#3}
FN:16,<<<conjure_core::ast::expressions::Expression as serde::de::Deserialize>::deserialize::__Visitor as serde::de::Visitor>::visit_enum::__Visitor as serde::de::Visitor>::visit_seq::<_>
FN:319,conjure_core::ast::expressions::display_expressions::{closure#0}
FN:16,<conjure_core::ast::expressions::Expression as uniplate::biplate::Uniplate>::uniplate::{closure#2}
FN:16,<<<conjure_core::ast::expressions::Expression as serde::de::Deserialize>::deserialize::__Visitor as serde::de::Visitor>::visit_enum::__Visitor as serde::de::Visitor>::expecting
FN:16,<<<conjure_core::ast::expressions::Expression as serde::de::Deserialize>::deserialize::__Visitor as serde::de::Visitor>::visit_enum::__Visitor as serde::de::Visitor>::expecting
FN:117,conjure_core::ast::expressions::expr_vec_to_domain_i32::{closure#1}::{closure#0}
FN:16,<conjure_core::ast::expressions::Expression as uniplate::biplate::Uniplate>::uniplate::{closure#9}
FN:16,<conjure_core::ast::expressions::Expression as uniplate::biplate::Uniplate>::uniplate::{closure#16}
FN:16,<conjure_core::ast::expressions::Expression as uniplate::biplate::Biplate<conjure_core::ast::constants::Constant>>::biplate::{closure#14}
FN:16,<<<conjure_core::ast::expressions::Expression as serde::de::Deserialize>::deserialize::__Visitor as serde::de::Visitor>::visit_enum::__Visitor as serde::de::Visitor>::visit_seq::<serde_json::de::SeqAccess<serde_json::read::StrRead>>
FN:16,<conjure_core::ast::expressions::Expression as uniplate::biplate::Uniplate>::uniplate::{closure#1}
FN:16,<conjure_core::ast::expressions::Expression as uniplate::biplate::Uniplate>::uniplate::{closure#8}
FN:16,<conjure_core::ast::expressions::Expression as uniplate::biplate::Biplate<conjure_core::ast::constants::Constant>>::biplate::{closure#21}
FN:16,<<conjure_core::ast::expressions::Expression as serde::de::Deserialize>::deserialize::__Visitor as serde::de::Visitor>::visit_enum::<_>
FN:16,<<conjure_core::ast::expressions::Expression as serde::de::Deserialize>::deserialize::__FieldVisitor as serde::de::Visitor>::visit_u64::<_>
FN:16,<<<conjure_core::ast::expressions::Expression as serde::de::Deserialize>::deserialize::__Visitor as serde::de::Visitor>::visit_enum::__Visitor as serde::de::Visitor>::expecting
FN:109,conjure_core::ast::expressions::expr_vec_to_domain_i32
FN:16,<<conjure_core::ast::expressions::Expression as serde::de::Deserialize>::deserialize::__FieldVisitor as serde::de::Visitor>::visit_bytes::<_>
FN:346,<conjure_core::ast::expressions::Expression as core::fmt::Display>::fmt
FN:16,<<<conjure_core::ast::expressions::Expression as serde::de::Deserialize>::deserialize::__Visitor as serde::de::Visitor>::visit_enum::__Visitor as serde::de::Visitor>::visit_seq::<_>
FN:16,<<<conjure_core::ast::expressions::Expression as serde::de::Deserialize>::deserialize::__Visitor as serde::de::Visitor>::visit_enum::__Visitor as serde::de::Visitor>::visit_seq::<_>
FN:484,conjure_core::ast::expressions::tests::test_domain_of_reference_not_found
FN:16,<conjure_core::ast::expressions::Expression as uniplate::biplate::Uniplate>::uniplate::{closure#10}
FN:16,<conjure_core::ast::expressions::Expression as uniplate::biplate::Uniplate>::uniplate::{closure#14}
FN:16,<<<conjure_core::ast::expressions::Expression as serde::de::Deserialize>::deserialize::__Visitor as serde::de::Visitor>::visit_enum::__Visitor as serde::de::Visitor>::expecting
FN:313,conjure_core::ast::expressions::display_expressions
FN:16,<conjure_core::ast::expressions::Expression as uniplate::biplate::Biplate<conjure_core::ast::constants::Constant>>::biplate::{closure#12}
FN:16,<<<conjure_core::ast::expressions::Expression as serde::de::Deserialize>::deserialize::__Visitor as serde::de::Visitor>::visit_enum::__Visitor as serde::de::Visitor>::expecting
FN:16,<<conjure_core::ast::expressions::Expression as serde::de::Deserialize>::deserialize::__Field as serde::de::Deserialize>::deserialize::<_>
FN:16,<<<conjure_core::ast::expressions::Expression as serde::de::Deserialize>::deserialize::__Visitor as serde::de::Visitor>::visit_enum::__Visitor as serde::de::Visitor>::expecting
FN:505,conjure_core::ast::expressions::tests::test_domain_of_reference_sum_bounded
FN:16,<<<conjure_core::ast::expressions::Expression as serde::de::Deserialize>::deserialize::__Visitor as serde::de::Visitor>::visit_enum::__Visitor as serde::de::Visitor>::expecting
FN:16,<<<conjure_core::ast::expressions::Expression as serde::de::Deserialize>::deserialize::__Visitor as serde::de::Visitor>::visit_enum::__Visitor as serde::de::Visitor>::visit_seq::<_>
FN:16,<<<conjure_core::ast::expressions::Expression as serde::de::Deserialize>::deserialize::__Visitor as serde::de::Visitor>::visit_enum::__Visitor as serde::de::Visitor>::expecting
FN:16,<<<conjure_core::ast::expressions::Expression as serde::de::Deserialize>::deserialize::__Visitor as serde::de::Visitor>::visit_enum::__Visitor as serde::de::Visitor>::expecting
FN:16,<conjure_core::ast::expressions::Expression as uniplate::biplate::Biplate<conjure_core::ast::constants::Constant>>::biplate
FN:16,<<<conjure_core::ast::expressions::Expression as serde::de::Deserialize>::deserialize::__Visitor as serde::de::Visitor>::visit_enum::__Visitor as serde::de::Visitor>::visit_seq::<serde_json::de::SeqAccess<serde_json::read::StrRead>>
FN:16,<<<conjure_core::ast::expressions::Expression as serde::de::Deserialize>::deserialize::__Visitor as serde::de::Visitor>::visit_enum::__Visitor as serde::de::Visitor>::expecting
FN:16,<conjure_core::ast::expressions::Expression as uniplate::biplate::Biplate<conjure_core::ast::constants::Constant>>::biplate::{closure#5}
FN:16,<conjure_core::ast::expressions::Expression as uniplate::biplate::Biplate<conjure_core::ast::constants::Constant>>::biplate::{closure#20}
FN:16,<conjure_core::ast::expressions::Expression as uniplate::biplate::Uniplate>::uniplate::{closure#20}
FN:16,<conjure_core::ast::expressions::Expression as uniplate::biplate::Uniplate>::uniplate::{closure#20}
FN:16,<<<conjure_core::ast::expressions::Expression as serde::de::Deserialize>::deserialize::__Visitor as serde::de::Visitor>::visit_enum::__Visitor as serde::de::Visitor>::visit_seq::<_>
FN:16,<<<conjure_core::ast::expressions::Expression as serde::de::Deserialize>::deserialize::__Visitor as serde::de::Visitor>::visit_enum::__Visitor as serde::de::Visitor>::visit_seq::<_>
FN:16,<<<conjure_core::ast::expressions::Expression as serde::de::Deserialize>::deserialize::__Visitor as serde::de::Visitor>::visit_enum::__Visitor as serde::de::Visitor>::visit_seq::<_>
FN:16,<conjure_core::ast::expressions::Expression as uniplate::biplate::Uniplate>::uniplate::{closure#19}
FN:16,<conjure_core::ast::expressions::Expression as uniplate::biplate::Biplate<conjure_core::ast::constants::Constant>>::biplate
FN:16,<<<conjure_core::ast::expressions::Expression as serde::de::Deserialize>::deserialize::__Visitor as serde::de::Visitor>::visit_enum::__Visitor as serde::de::Visitor>::visit_seq::<serde_json::de::SeqAccess<serde_json::read::StrRead>>
FN:190,<conjure_core::ast::expressions::Expression>::return_type
FN:114,conjure_core::ast::expressions::expr_vec_to_domain_i32::{closure#0}
FN:121,conjure_core::ast::expressions::range_vec_bounds_i32
FN:16,<<<conjure_core::ast::expressions::Expression as serde::de::Deserialize>::deserialize::__Visitor as serde::de::Visitor>::visit_enum::__Visitor as serde::de::Visitor>::visit_seq::<_>
FN:16,<<<conjure_core::ast::expressions::Expression as serde::de::Deserialize>::deserialize::__Visitor as serde::de::Visitor>::visit_enum::__Visitor as serde::de::Visitor>::visit_seq::<_>
FN:16,<<<conjure_core::ast::expressions::Expression as serde::de::Deserialize>::deserialize::__Visitor as serde::de::Visitor>::visit_enum::__Visitor as serde::de::Visitor>::visit_seq::<_>
FN:16,<conjure_core::ast::expressions::Expression as uniplate::biplate::Biplate<conjure_core::ast::constants::Constant>>::biplate::{closure#22}
FN:16,<<<conjure_core::ast::expressions::Expression as serde::de::Deserialize>::deserialize::__Visitor as serde::de::Visitor>::visit_enum::__Visitor as serde::de::Visitor>::visit_seq::<_>
FN:16,<<<conjure_core::ast::expressions::Expression as serde::de::Deserialize>::deserialize::__Visitor as serde::de::Visitor>::visit_enum::__Visitor as serde::de::Visitor>::expecting
FN:16,<conjure_core::ast::expressions::Expression as uniplate::biplate::Biplate<conjure_core::ast::expressions::Expression>>::biplate
FN:16,<<<conjure_core::ast::expressions::Expression as serde::de::Deserialize>::deserialize::__Visitor as serde::de::Visitor>::visit_enum::__Visitor as serde::de::Visitor>::visit_seq::<serde_json::de::SeqAccess<serde_json::read::StrRead>>
FN:121,conjure_core::ast::expressions::range_vec_bounds_i32
FN:244,<conjure_core::ast::expressions::Expression>::set_clean
FN:16,<<<conjure_core::ast::expressions::Expression as serde::de::Deserialize>::deserialize::__Visitor as serde::de::Visitor>::visit_enum::__Visitor as serde::de::Visitor>::expecting
FN:16,<conjure_core::ast::expressions::Expression as uniplate::biplate::Biplate<conjure_core::ast::constants::Constant>>::biplate::{closure#13}
FN:16,<<<conjure_core::ast::expressions::Expression as serde::de::Deserialize>::deserialize::__Visitor as serde::de::Visitor>::visit_enum::__Visitor as serde::de::Visitor>::expecting
FN:16,<conjure_core::ast::expressions::Expression as uniplate::biplate::Biplate<conjure_core::ast::constants::Constant>>::biplate::{closure#17}
FN:16,<<<conjure_core::ast::expressions::Expression as serde::de::Deserialize>::deserialize::__Visitor as serde::de::Visitor>::visit_enum::__Visitor as serde::de::Visitor>::visit_seq::<_>
FN:16,<conjure_core::ast::expressions::Expression as uniplate::biplate::Uniplate>::uniplate::{closure#11}
FN:16,<conjure_core::ast::expressions::Expression as uniplate::biplate::Uniplate>::uniplate::{closure#13}
FN:319,conjure_core::ast::expressions::display_expressions::{closure#0}
FN:445,conjure_core::ast::expressions::tests::test_domain_of_constant_sum
FN:16,<conjure_core::ast::expressions::Expression as uniplate::biplate::Biplate<conjure_core::ast::constants::Constant>>::biplate::{closure#18}
FN:149,<conjure_core::ast::expressions::Expression>::domain_of
FN:333,<conjure_core::ast::expressions::Expression as core::convert::From<i32>>::from
FN:16,<<<conjure_core::ast::expressions::Expression as serde::de::Deserialize>::deserialize::__Visitor as serde::de::Visitor>::visit_enum::__Visitor as serde::de::Visitor>::visit_seq::<_>
FN:16,<<<conjure_core::ast::expressions::Expression as serde::de::Deserialize>::deserialize::__Visitor as serde::de::Visitor>::visit_enum::__Visitor as serde::de::Visitor>::visit_seq::<serde_json::de::SeqAccess<serde_json::read::StrRead>>
FN:16,<conjure_core::ast::expressions::Expression as uniplate::biplate::Biplate<conjure_core::ast::constants::Constant>>::biplate::{closure#4}
FN:156,<conjure_core::ast::expressions::Expression>::domain_of::{closure#0}
FN:16,<<<conjure_core::ast::expressions::Expression as serde::de::Deserialize>::deserialize::__Visitor as serde::de::Visitor>::visit_enum::__Visitor as serde::de::Visitor>::expecting
FN:158,<conjure_core::ast::expressions::Expression>::domain_of::{closure#1}
FN:16,<<conjure_core::ast::expressions::Expression as serde::de::Deserialize>::deserialize::__Field as serde::de::Deserialize>::deserialize::<_>
FN:16,<<<conjure_core::ast::expressions::Expression as serde::de::Deserialize>::deserialize::__Visitor as serde::de::Visitor>::visit_enum::__Visitor as serde::de::Visitor>::expecting
FN:16,<conjure_core::ast::expressions::Expression as uniplate::biplate::Uniplate>::uniplate::{closure#5}
FN:16,<conjure_core::ast::expressions::Expression as uniplate::biplate::Biplate<conjure_core::ast::constants::Constant>>::biplate::{closure#18}
FN:16,<<<conjure_core::ast::expressions::Expression as serde::de::Deserialize>::deserialize::__Visitor as serde::de::Visitor>::visit_enum::__Visitor as serde::de::Visitor>::visit_seq::<_>
FN:16,<conjure_core::ast::expressions::Expression as uniplate::biplate::Biplate<conjure_core::ast::constants::Constant>>::biplate::{closure#13}
FN:16,<conjure_core::ast::expressions::Expression as uniplate::biplate::Biplate<conjure_core::ast::constants::Constant>>::biplate::{closure#17}
FN:16,<<<conjure_core::ast::expressions::Expression as serde::de::Deserialize>::deserialize::__Visitor as serde::de::Visitor>::visit_enum::__Visitor as serde::de::Visitor>::expecting
FN:16,<<<conjure_core::ast::expressions::Expression as serde::de::Deserialize>::deserialize::__Visitor as serde::de::Visitor>::visit_enum::__Visitor as serde::de::Visitor>::visit_seq::<serde_json::de::SeqAccess<serde_json::read::StrRead>>
FN:16,<<conjure_core::ast::expressions::Expression as serde::de::Deserialize>::deserialize::__Visitor as serde::de::Visitor>::expecting
FN:16,<conjure_core::ast::expressions::Expression as uniplate::biplate::Uniplate>::uniplate::{closure#5}
FN:16,<<<conjure_core::ast::expressions::Expression as serde::de::Deserialize>::deserialize::__Visitor as serde::de::Visitor>::visit_enum::__Visitor as serde::de::Visitor>::visit_seq::<serde_json::de::SeqAccess<serde_json::read::StrRead>>
FN:16,<conjure_core::ast::expressions::Expression as uniplate::biplate::Uniplate>::uniplate::{closure#4}
FN:16,<<<conjure_core::ast::expressions::Expression as serde::de::Deserialize>::deserialize::__Visitor as serde::de::Visitor>::visit_enum::__Visitor as serde::de::Visitor>::visit_seq::<_>
FN:16,<<<conjure_core::ast::expressions::Expression as serde::de::Deserialize>::deserialize::__Visitor as serde::de::Visitor>::visit_enum::__Visitor as serde::de::Visitor>::visit_seq::<_>
FN:16,<conjure_core::ast::expressions::Expression as uniplate::biplate::Uniplate>::uniplate::{closure#4}
FN:16,<<conjure_core::ast::expressions::Expression as serde::de::Deserialize>::deserialize::__FieldVisitor as serde::de::Visitor>::visit_str::<_>
FN:16,<<<conjure_core::ast::expressions::Expression as serde::de::Deserialize>::deserialize::__Visitor as serde::de::Visitor>::visit_enum::__Visitor as serde::de::Visitor>::visit_seq::<_>
FN:16,<<<conjure_core::ast::expressions::Expression as serde::de::Deserialize>::deserialize::__Visitor as serde::de::Visitor>::visit_enum::__Visitor as serde::de::Visitor>::expecting
FN:16,<<<conjure_core::ast::expressions::Expression as serde::de::Deserialize>::deserialize::__Visitor as serde::de::Visitor>::visit_enum::__Visitor as serde::de::Visitor>::expecting
FN:16,<<conjure_core::ast::expressions::Expression as serde::de::Deserialize>::deserialize::__Visitor as serde::de::Visitor>::visit_enum::<serde_json::de::UnitVariantAccess<serde_json::read::StrRead>>
FN:16,<conjure_core::ast::expressions::Expression as uniplate::biplate::Uniplate>::uniplate::{closure#11}
FN:16,<conjure_core::ast::expressions::Expression as uniplate::biplate::Uniplate>::uniplate::{closure#15}
FN:16,<<<conjure_core::ast::expressions::Expression as serde::de::Deserialize>::deserialize::__Visitor as serde::de::Visitor>::visit_enum::__Visitor as serde::de::Visitor>::expecting
FN:16,<<<conjure_core::ast::expressions::Expression as serde::de::Deserialize>::deserialize::__Visitor as serde::de::Visitor>::visit_enum::__Visitor as serde::de::Visitor>::visit_seq::<_>
FN:149,<conjure_core::ast::expressions::Expression>::domain_of
FN:16,<<<conjure_core::ast::expressions::Expression as serde::de::Deserialize>::deserialize::__Visitor as serde::de::Visitor>::visit_enum::__Visitor as serde::de::Visitor>::visit_seq::<_>
FN:16,<<conjure_core::ast::expressions::Expression as serde::de::Deserialize>::deserialize::__FieldVisitor as serde::de::Visitor>::visit_str::<serde_json::error::Error>
FN:16,<conjure_core::ast::expressions::Expression as uniplate::biplate::Uniplate>::uniplate::{closure#1}
FN:16,<conjure_core::ast::expressions::Expression as uniplate::biplate::Uniplate>::uniplate::{closure#18}
FN:16,<<<conjure_core::ast::expressions::Expression as serde::de::Deserialize>::deserialize::__Visitor as serde::de::Visitor>::visit_enum::__Visitor as serde::de::Visitor>::expecting
FN:16,<<<conjure_core::ast::expressions::Expression as serde::de::Deserialize>::deserialize::__Visitor as serde::de::Visitor>::visit_enum::__Visitor as serde::de::Visitor>::visit_seq::<_>
FN:16,<conjure_core::ast::expressions::Expression as uniplate::biplate::Biplate<conjure_core::ast::constants::Constant>>::biplate::{closure#5}
FN:16,<conjure_core::ast::expressions::Expression as uniplate::biplate::Uniplate>::uniplate::{closure#13}
FN:16,<<<conjure_core::ast::expressions::Expression as serde::de::Deserialize>::deserialize::__Visitor as serde::de::Visitor>::visit_enum::__Visitor as serde::de::Visitor>::visit_seq::<serde_json::de::SeqAccess<serde_json::read::StrRead>>
FNDA:0,<conjure_core::ast::expressions::Expression as core::convert::From<i32>>::from
FNDA:0,<<<conjure_core::ast::expressions::Expression as serde::de::Deserialize>::deserialize::__Visitor as serde::de::Visitor>::visit_enum::__Visitor as serde::de::Visitor>::expecting
FNDA:0,<<<conjure_core::ast::expressions::Expression as serde::de::Deserialize>::deserialize::__Visitor as serde::de::Visitor>::visit_enum::__Visitor as serde::de::Visitor>::visit_seq::<serde_json::de::SeqAccess<serde_json::read::StrRead>>
FNDA:0,<<<conjure_core::ast::expressions::Expression as serde::de::Deserialize>::deserialize::__Visitor as serde::de::Visitor>::visit_enum::__Visitor as serde::de::Visitor>::visit_seq::<_>
FNDA:0,<<<conjure_core::ast::expressions::Expression as serde::de::Deserialize>::deserialize::__Visitor as serde::de::Visitor>::visit_enum::__Visitor as serde::de::Visitor>::visit_seq::<serde_json::de::SeqAccess<serde_json::read::StrRead>>
FNDA:0,<<<conjure_core::ast::expressions::Expression as serde::de::Deserialize>::deserialize::__Visitor as serde::de::Visitor>::visit_enum::__Visitor as serde::de::Visitor>::visit_seq::<_>
FNDA:0,<conjure_core::ast::expressions::Expression as uniplate::biplate::Biplate<conjure_core::ast::constants::Constant>>::biplate::{closure#8}
FNDA:0,<<conjure_core::ast::expressions::Expression as serde::de::Deserialize>::deserialize::__FieldVisitor as serde::de::Visitor>::expecting
FNDA:0,<<<conjure_core::ast::expressions::Expression as serde::de::Deserialize>::deserialize::__Visitor as serde::de::Visitor>::visit_enum::__Visitor as serde::de::Visitor>::expecting
FNDA:0,<<<conjure_core::ast::expressions::Expression as serde::de::Deserialize>::deserialize::__Visitor as serde::de::Visitor>::visit_enum::__Visitor as serde::de::Visitor>::visit_seq::<_>
FNDA:0,<<<conjure_core::ast::expressions::Expression as serde::de::Deserialize>::deserialize::__Visitor as serde::de::Visitor>::visit_enum::__Visitor as serde::de::Visitor>::visit_seq::<_>
FNDA:0,<conjure_core::ast::expressions::Expression as uniplate::biplate::Biplate<conjure_core::ast::constants::Constant>>::biplate::{closure#7}
FNDA:0,<conjure_core::ast::expressions::Expression as uniplate::biplate::Biplate<conjure_core::ast::constants::Constant>>::biplate::{closure#1}
FNDA:0,<conjure_core::ast::expressions::Expression as uniplate::biplate::Biplate<conjure_core::ast::constants::Constant>>::biplate::{closure#11}
FNDA:0,conjure_core::ast::expressions::expr_vec_to_domain_i32::{closure#1}
FNDA:0,<conjure_core::ast::expressions::Expression as uniplate::biplate::Biplate<conjure_core::ast::constants::Constant>>::biplate::{closure#19}
FNDA:0,<<<conjure_core::ast::expressions::Expression as serde::de::Deserialize>::deserialize::__Visitor as serde::de::Visitor>::visit_enum::__Visitor as serde::de::Visitor>::expecting
FNDA:0,conjure_core::ast::expressions::tests::test_domain_of_reference_sum_single
FNDA:0,<conjure_core::ast::expressions::Expression as uniplate::biplate::Uniplate>::uniplate::{closure#19}
FNDA:0,<<<conjure_core::ast::expressions::Expression as serde::de::Deserialize>::deserialize::__Visitor as serde::de::Visitor>::visit_enum::__Visitor as serde::de::Visitor>::expecting
FNDA:0,<conjure_core::ast::expressions::Expression as uniplate::biplate::Uniplate>::uniplate::{closure#22}
FNDA:0,<<<conjure_core::ast::expressions::Expression as serde::de::Deserialize>::deserialize::__Visitor as serde::de::Visitor>::visit_enum::__Visitor as serde::de::Visitor>::expecting
FNDA:0,<conjure_core::ast::expressions::Expression as uniplate::biplate::Biplate<conjure_core::ast::constants::Constant>>::biplate::{closure#1}
FNDA:0,<<<conjure_core::ast::expressions::Expression as serde::de::Deserialize>::deserialize::__Visitor as serde::de::Visitor>::visit_enum::__Visitor as serde::de::Visitor>::expecting
FNDA:0,<<<conjure_core::ast::expressions::Expression as serde::de::Deserialize>::deserialize::__Visitor as serde::de::Visitor>::visit_enum::__Visitor as serde::de::Visitor>::visit_seq::<_>
FNDA:0,<conjure_core::ast::expressions::Expression as core::convert::From<bool>>::from
FNDA:0,<<<conjure_core::ast::expressions::Expression as serde::de::Deserialize>::deserialize::__Visitor as serde::de::Visitor>::visit_enum::__Visitor as serde::de::Visitor>::expecting
FNDA:0,<conjure_core::ast::expressions::Expression>::return_type
FNDA:0,<<<conjure_core::ast::expressions::Expression as serde::de::Deserialize>::deserialize::__Visitor as serde::de::Visitor>::visit_enum::__Visitor as serde::de::Visitor>::visit_seq::<_>
FNDA:0,<conjure_core::ast::expressions::Expression>::domain_of::{closure#0}
FNDA:0,<conjure_core::ast::expressions::Expression as uniplate::biplate::Biplate<conjure_core::ast::constants::Constant>>::biplate::{closure#3}
FNDA:0,<conjure_core::ast::expressions::Expression as uniplate::biplate::Uniplate>::uniplate::{closure#10}
FNDA:0,<conjure_core::ast::expressions::Expression as uniplate::biplate::Uniplate>::uniplate::{closure#16}
FNDA:0,<conjure_core::ast::expressions::Expression as uniplate::biplate::Uniplate>::uniplate::{closure#9}
FNDA:0,<<<conjure_core::ast::expressions::Expression as serde::de::Deserialize>::deserialize::__Visitor as serde::de::Visitor>::visit_enum::__Visitor as serde::de::Visitor>::visit_seq::<_>
FNDA:0,conjure_core::ast::expressions::tests::test_domain_of_empty_sum
FNDA:0,<<<conjure_core::ast::expressions::Expression as serde::de::Deserialize>::deserialize::__Visitor as serde::de::Visitor>::visit_enum::__Visitor as serde::de::Visitor>::expecting
FNDA:0,<<conjure_core::ast::expressions::Expression as serde::de::Deserialize>::deserialize::__Visitor as serde::de::Visitor>::visit_enum::<serde_json::de::VariantAccess<serde_json::read::StrRead>>
FNDA:0,conjure_core::ast::expressions::expr_vec_to_domain_i32
FNDA:0,<<<conjure_core::ast::expressions::Expression as serde::de::Deserialize>::deserialize::__Visitor as serde::de::Visitor>::visit_enum::__Visitor as serde::de::Visitor>::visit_seq::<serde_json::de::SeqAccess<serde_json::read::StrRead>>
FNDA:0,<<<conjure_core::ast::expressions::Expression as serde::de::Deserialize>::deserialize::__Visitor as serde::de::Visitor>::visit_enum::__Visitor as serde::de::Visitor>::visit_seq::<serde_json::de::SeqAccess<serde_json::read::StrRead>>
FNDA:0,<conjure_core::ast::expressions::Expression as uniplate::biplate::Biplate<conjure_core::ast::constants::Constant>>::biplate::{closure#12}
FNDA:0,<conjure_core::ast::expressions::Expression as uniplate::biplate::Biplate<conjure_core::ast::constants::Constant>>::biplate::{closure#16}
FNDA:0,<conjure_core::ast::expressions::Expression as uniplate::biplate::Biplate<conjure_core::ast::constants::Constant>>::biplate::{closure#15}
FNDA:0,conjure_core::ast::expressions::tests::test_domain_of_constant_invalid_type
FNDA:0,<<conjure_core::ast::expressions::Expression as serde::de::Deserialize>::deserialize::__FieldVisitor as serde::de::Visitor>::visit_bytes::<_>
FNDA:0,<<<conjure_core::ast::expressions::Expression as serde::de::Deserialize>::deserialize::__Visitor as serde::de::Visitor>::visit_enum::__Visitor as serde::de::Visitor>::visit_seq::<_>
FNDA:0,<conjure_core::ast::expressions::Expression as uniplate::biplate::Biplate<conjure_core::ast::constants::Constant>>::biplate::{closure#6}
FNDA:0,<conjure_core::ast::expressions::Expression as uniplate::biplate::Uniplate>::uniplate::{closure#8}
FNDA:0,<conjure_core::ast::expressions::Expression as uniplate::biplate::Biplate<conjure_core::ast::constants::Constant>>::biplate::{closure#10}
FNDA:0,<<<conjure_core::ast::expressions::Expression as serde::de::Deserialize>::deserialize::__Visitor as serde::de::Visitor>::visit_enum::__Visitor as serde::de::Visitor>::visit_seq::<_>
FNDA:0,<conjure_core::ast::expressions::Expression as uniplate::biplate::Uniplate>::uniplate
FNDA:0,<conjure_core::ast::expressions::Expression as uniplate::biplate::Biplate<conjure_core::ast::constants::Constant>>::biplate::{closure#20}
FNDA:0,conjure_core::ast::expressions::expr_vec_to_domain_i32::{closure#1}::{closure#0}::{closure#0}
FNDA:0,<<<conjure_core::ast::expressions::Expression as serde::de::Deserialize>::deserialize::__Visitor as serde::de::Visitor>::visit_enum::__Visitor as serde::de::Visitor>::visit_seq::<serde_json::de::SeqAccess<serde_json::read::StrRead>>
FNDA:0,<conjure_core::ast::expressions::Expression as uniplate::biplate::Uniplate>::uniplate::{closure#18}
FNDA:0,<<<conjure_core::ast::expressions::Expression as serde::de::Deserialize>::deserialize::__Visitor as serde::de::Visitor>::visit_enum::__Visitor as serde::de::Visitor>::expecting
FNDA:0,<<conjure_core::ast::expressions::Expression as serde::de::Deserialize>::deserialize::__Field as serde::de::Deserialize>::deserialize::<&mut serde_json::de::Deserializer<serde_json::read::StrRead>>
FNDA:0,<<<conjure_core::ast::expressions::Expression as serde::de::Deserialize>::deserialize::__Visitor as serde::de::Visitor>::visit_enum::__Visitor as serde::de::Visitor>::visit_seq::<serde_json::de::SeqAccess<serde_json::read::StrRead>>
FNDA:0,<conjure_core::ast::expressions::Expression as uniplate::biplate::Biplate<conjure_core::ast::constants::Constant>>::biplate::{closure#21}
FNDA:0,<<<conjure_core::ast::expressions::Expression as serde::de::Deserialize>::deserialize::__Visitor as serde::de::Visitor>::visit_enum::__Visitor as serde::de::Visitor>::expecting
FNDA:0,<<<conjure_core::ast::expressions::Expression as serde::de::Deserialize>::deserialize::__Visitor as serde::de::Visitor>::visit_enum::__Visitor as serde::de::Visitor>::expecting
FNDA:0,<<<conjure_core::ast::expressions::Expression as serde::de::Deserialize>::deserialize::__Visitor as serde::de::Visitor>::visit_enum::__Visitor as serde::de::Visitor>::expecting
FNDA:0,<<<conjure_core::ast::expressions::Expression as serde::de::Deserialize>::deserialize::__Visitor as serde::de::Visitor>::visit_enum::__Visitor as serde::de::Visitor>::expecting
[...]
FNDA:0,<i128 as uniplate::biplate::Uniplate>::uniplate
FNDA:0,<alloc::vec::Vec<conjure_core::ast::expressions::Expression> as uniplate::biplate::Biplate<conjure_core::ast::constants::Constant>>::biplate::{closure#2}::{closure#0}
FNDA:0,<alloc::vec::Vec<uniplate::test_common::paper::Stmt> as uniplate::biplate::Biplate<uniplate::test_common::paper::Stmt>>::biplate::{closure#3}
FNDA:0,<alloc::collections::vec_deque::VecDeque<_> as uniplate::biplate::Biplate<_>>::biplate
FNDA:0,<im::vector::Vector<_> as uniplate::biplate::Uniplate>::uniplate
FNDA:0,<alloc::vec::Vec<uniplate::test_common::paper::Stmt> as uniplate::biplate::Biplate<uniplate::test_common::paper::Expr>>::biplate::{closure#2}::{closure#0}
FNDA:0,<alloc::vec::Vec<conjure_core::ast::expressions::Expression> as uniplate::biplate::Biplate<conjure_core::ast::expressions::Expression>>::biplate
FNDA:0,<alloc::vec::Vec<stmt::Stmt> as uniplate::biplate::Biplate<alloc::string::String>>::biplate::{closure#2}
FNDA:0,<im::vector::Vector<_> as uniplate::biplate::Uniplate>::uniplate::{closure#0}
FNDA:0,<alloc::vec::Vec<uniplate::test_common::paper::Stmt> as uniplate::biplate::Biplate<uniplate::test_common::paper::Stmt>>::biplate::{closure#2}
FNDA:0,<alloc::vec::Vec<uniplate::test_common::paper::Stmt> as uniplate::biplate::Biplate<uniplate::test_common::paper::Expr>>::biplate
FNDA:0,<alloc::vec::Vec<_> as uniplate::biplate::Uniplate>::uniplate::{closure#0}
FNDA:0,<alloc::vec::Vec<uniplate::test_common::paper::Stmt> as uniplate::biplate::Biplate<uniplate::test_common::paper::Stmt>>::biplate::{closure#2}::{closure#0}
FNDA:0,<i128 as uniplate::biplate::Biplate<i128>>::biplate
FNDA:0,<alloc::vec::Vec<stmt::Stmt> as uniplate::biplate::Biplate<alloc::string::String>>::biplate::{closure#3}
FNDA:0,<alloc::collections::vec_deque::VecDeque<_> as uniplate::biplate::Biplate<_>>::biplate::{closure#1}
FNDA:0,<alloc::collections::vec_deque::VecDeque<_> as uniplate::biplate::Uniplate>::uniplate
FNDA:0,<alloc::collections::vec_deque::VecDeque<_> as uniplate::biplate::Biplate<_>>::biplate::{closure#2}::{closure#0}
FNDA:0,<alloc::vec::Vec<uniplate::test_common::paper::Stmt> as uniplate::biplate::Biplate<alloc::string::String>>::biplate::{closure#0}
FNDA:0,<alloc::vec::Vec<conjure_core::ast::expressions::Expression> as uniplate::biplate::Biplate<conjure_core::ast::expressions::Expression>>::biplate::{closure#1}
FNDA:0,<u64 as uniplate::biplate::Uniplate>::uniplate
FNDA:0,<i32 as uniplate::biplate::Biplate<i32>>::biplate
FNDA:0,<alloc::vec::Vec<conjure_core::ast::expressions::Expression> as uniplate::biplate::Biplate<conjure_core::ast::constants::Constant>>::biplate::{closure#2}
FNDA:0,<alloc::vec::Vec<conjure_core::ast::expressions::Expression> as uniplate::biplate::Biplate<conjure_core::ast::expressions::Expression>>::biplate
FNDA:0,<u32 as uniplate::biplate::Biplate<u32>>::biplate
FNDA:0,<alloc::collections::vec_deque::VecDeque<_> as uniplate::biplate::Uniplate>::uniplate
FNDA:0,<i64 as uniplate::biplate::Uniplate>::uniplate
FNDA:0,<i32 as uniplate::biplate::Uniplate>::uniplate::{closure#0}
FNDA:0,<alloc::vec::Vec<conjure_core::ast::expressions::Expression> as uniplate::biplate::Biplate<conjure_core::ast::expressions::Expression>>::biplate::{closure#1}
FNDA:0,<alloc::vec::Vec<conjure_core::ast::expressions::Expression> as uniplate::biplate::Biplate<conjure_core::ast::expressions::Expression>>::biplate::{closure#2}
FNDA:0,<alloc::vec::Vec<uniplate::test_common::paper::Stmt> as uniplate::biplate::Biplate<uniplate::test_common::paper::Stmt>>::biplate::{closure#2}::{closure#0}
FNDA:0,<im::vector::Vector<_> as uniplate::biplate::Biplate<_>>::biplate::{closure#2}::{closure#0}
FNDA:0,<alloc::vec::Vec<uniplate::test_common::paper::Stmt> as uniplate::biplate::Biplate<alloc::string::String>>::biplate::{closure#3}
FNDA:0,<i8 as uniplate::biplate::Uniplate>::uniplate
FNDA:0,<u128 as uniplate::biplate::Uniplate>::uniplate::{closure#0}
FNDA:0,<im::vector::Vector<_> as uniplate::biplate::Biplate<_>>::biplate::{closure#2}::{closure#0}
FNDA:0,<im::vector::Vector<_> as uniplate::biplate::Biplate<_>>::biplate::{closure#1}
FNDA:0,<alloc::collections::vec_deque::VecDeque<_> as uniplate::biplate::Uniplate>::uniplate::{closure#0}
FNDA:0,<alloc::string::String as uniplate::biplate::Uniplate>::uniplate::{closure#0}
FNDA:0,<i32 as uniplate::biplate::Uniplate>::uniplate
FNDA:0,<i128 as uniplate::biplate::Biplate<i128>>::biplate::{closure#0}
FNDA:0,<u32 as uniplate::biplate::Biplate<u32>>::biplate::{closure#0}
FNDA:0,<u64 as uniplate::biplate::Biplate<u64>>::biplate
FNDA:0,<i8 as uniplate::biplate::Uniplate>::uniplate::{closure#0}
FNDA:0,<u64 as uniplate::biplate::Biplate<u64>>::biplate
FNDA:0,<alloc::vec::Vec<conjure_core::ast::expressions::Expression> as uniplate::biplate::Biplate<conjure_core::ast::expressions::Expression>>::biplate::{closure#3}
FNDA:0,<u32 as uniplate::biplate::Uniplate>::uniplate
FNDA:0,<u16 as uniplate::biplate::Biplate<u16>>::biplate::{closure#0}
FNDA:0,<im::vector::Vector<_> as uniplate::biplate::Biplate<_>>::biplate::{closure#2}
FNDA:0,<alloc::vec::Vec<uniplate::test_common::paper::Stmt> as uniplate::biplate::Biplate<uniplate::test_common::paper::Stmt>>::biplate::{closure#1}
FNDA:0,<im::vector::Vector<_> as uniplate::biplate::Uniplate>::uniplate::{closure#0}
FNDA:0,<alloc::collections::vec_deque::VecDeque<_> as uniplate::biplate::Biplate<_>>::biplate::{closure#2}
FNDA:0,<alloc::vec::Vec<conjure_core::ast::expressions::Expression> as uniplate::biplate::Biplate<conjure_core::ast::constants::Constant>>::biplate::{closure#3}
FNDA:0,<i32 as uniplate::biplate::Biplate<i32>>::biplate::{closure#0}
FNDA:0,<u16 as uniplate::biplate::Biplate<u16>>::biplate::{closure#0}
FNDA:0,<alloc::vec::Vec<uniplate::test_common::paper::Stmt> as uniplate::biplate::Biplate<uniplate::test_common::paper::Expr>>::biplate::{closure#1}
FNDA:0,<i128 as uniplate::biplate::Biplate<i128>>::biplate
FNDA:0,<i16 as uniplate::biplate::Biplate<i16>>::biplate::{closure#0}
FNDA:0,<i8 as uniplate::biplate::Biplate<i8>>::biplate
FNDA:0,<u32 as uniplate::biplate::Uniplate>::uniplate::{closure#0}
FNDA:0,<u8 as uniplate::biplate::Biplate<u8>>::biplate
FNDA:0,<alloc::vec::Vec<conjure_core::ast::expressions::Expression> as uniplate::biplate::Biplate<conjure_core::ast::expressions::Expression>>::biplate::{closure#0}
FNDA:0,<alloc::string::String as uniplate::biplate::Biplate<alloc::string::String>>::biplate::{closure#0}
FNDA:0,<alloc::vec::Vec<conjure_core::ast::expressions::Expression> as uniplate::biplate::Biplate<conjure_core::ast::expressions::Expression>>::biplate::{closure#2}
FNDA:0,<i32 as uniplate::biplate::Uniplate>::uniplate
FNDA:0,<u32 as uniplate::biplate::Biplate<u32>>::biplate
FNDA:0,<u8 as uniplate::biplate::Biplate<u8>>::biplate::{closure#0}
FNDA:0,<alloc::vec::Vec<_> as uniplate::biplate::Uniplate>::uniplate
FNDA:0,<u16 as uniplate::biplate::Biplate<u16>>::biplate
FNDA:0,<u64 as uniplate::biplate::Uniplate>::uniplate
FNDA:0,<i128 as uniplate::biplate::Biplate<i128>>::biplate::{closure#0}
FNDA:0,<im::vector::Vector<_> as uniplate::biplate::Biplate<_>>::biplate::{closure#2}
FNDA:0,<alloc::collections::vec_deque::VecDeque<_> as uniplate::biplate::Biplate<_>>::biplate
FNDA:0,<alloc::vec::Vec<conjure_core::ast::expressions::Expression> as uniplate::biplate::Biplate<conjure_core::ast::expressions::Expression>>::biplate::{closure#2}::{closure#0}
FNDA:0,<alloc::vec::Vec<uniplate::test_common::paper::Stmt> as uniplate::biplate::Biplate<uniplate::test_common::paper::Expr>>::biplate::{closure#2}
FNF:172
FNH:0
BRF:0
BRH:0
DA:234,0
DA:235,0
DA:236,0
DA:237,0
DA:241,0
DA:242,0
DA:243,0
DA:244,0
DA:245,0
DA:246,0
DA:247,0
DA:261,0
DA:262,0
DA:263,0
DA:264,0
DA:265,0
DA:266,0
DA:267,0
DA:268,0
DA:269,0
DA:272,0
DA:273,0
DA:274,0
DA:275,0
DA:276,0
DA:277,0
DA:278,0
DA:279,0
DA:280,0
DA:281,0
DA:282,0
DA:283,0
DA:284,0
DA:285,0
DA:286,0
DA:288,0
DA:289,0
DA:290,0
DA:291,0
DA:293,0
DA:294,0
DA:295,0
DA:296,0
DA:297,0
DA:298,0
DA:299,0
DA:301,0
DA:302,0
DA:303,0
DA:304,0
DA:305,0
DA:306,0
DA:307,0
DA:308,0
DA:309,0
DA:310,0
DA:312,0
DA:313,0
DA:314,0
DA:315,0
DA:316,0
DA:318,0
DA:319,0
DA:320,0
DA:321,0
DA:322,0
DA:323,0
DA:324,0
DA:332,0
DA:333,0
DA:334,0
DA:335,0
LF:72
LH:0
end_of_record
SF:crates/conjure_core/src/parse/parse_model.rs
FN:216,conjure_core::parse::parse_model::parse_expression::{closure#2}
FN:223,conjure_core::parse::parse_model::parse_expression::{closure#4}
FN:84,conjure_core::parse::parse_model::parse_int_domain
FN:13,conjure_core::parse::parse_model::model_from_json
FN:54,conjure_core::parse::parse_model::parse_variable
FN:54,conjure_core::parse::parse_model::parse_variable
FN:220,conjure_core::parse::parse_model::parse_expression::{closure#3}
FN:129,conjure_core::parse::parse_model::parse_int_domain::{closure#1}
FN:214,conjure_core::parse::parse_model::parse_expression::{closure#0}
FN:147,conjure_core::parse::parse_model::parse_expression
FN:274,conjure_core::parse::parse_model::parse_vec_op
FN:274,conjure_core::parse::parse_model::parse_vec_op
FN:263,conjure_core::parse::parse_model::parse_unary_op
FN:13,conjure_core::parse::parse_model::model_from_json
FN:223,conjure_core::parse::parse_model::parse_expression::{closure#4}
FN:214,conjure_core::parse::parse_model::parse_expression::{closure#0}
FN:115,conjure_core::parse::parse_model::parse_int_domain::{closure#0}
FN:296,conjure_core::parse::parse_model::parse_constant
FN:215,conjure_core::parse::parse_model::parse_expression::{closure#1}
FN:147,conjure_core::parse::parse_model::parse_expression
FN:215,conjure_core::parse::parse_model::parse_expression::{closure#1}
FN:226,conjure_core::parse::parse_model::parse_expression::{closure#5}
FN:84,conjure_core::parse::parse_model::parse_int_domain
FN:296,conjure_core::parse::parse_model::parse_constant
FN:263,conjure_core::parse::parse_model::parse_unary_op
FN:216,conjure_core::parse::parse_model::parse_expression::{closure#2}
FN:243,conjure_core::parse::parse_model::parse_bin_op
FN:243,conjure_core::parse::parse_model::parse_bin_op
FN:220,conjure_core::parse::parse_model::parse_expression::{closure#3}
FN:129,conjure_core::parse::parse_model::parse_int_domain::{closure#1}
FN:226,conjure_core::parse::parse_model::parse_expression::{closure#5}
FN:115,conjure_core::parse::parse_model::parse_int_domain::{closure#0}
FNDA:0,conjure_core::parse::parse_model::parse_expression::{closure#2}
FNDA:0,conjure_core::parse::parse_model::parse_expression::{closure#4}
FNDA:0,conjure_core::parse::parse_model::parse_int_domain
FNDA:0,conjure_core::parse::parse_model::model_from_json
FNDA:0,conjure_core::parse::parse_model::parse_variable
FNDA:0,conjure_core::parse::parse_model::parse_variable
FNDA:0,conjure_core::parse::parse_model::parse_expression::{closure#3}
FNDA:0,conjure_core::parse::parse_model::parse_int_domain::{closure#1}
FNDA:0,conjure_core::parse::parse_model::parse_expression::{closure#0}
FNDA:0,conjure_core::parse::parse_model::parse_expression
FNDA:0,conjure_core::parse::parse_model::parse_vec_op
FNDA:0,conjure_core::parse::parse_model::parse_vec_op
FNDA:0,conjure_core::parse::parse_model::parse_unary_op
FNDA:0,conjure_core::parse::parse_model::model_from_json
FNDA:0,conjure_core::parse::parse_model::parse_expression::{closure#4}
FNDA:0,conjure_core::parse::parse_model::parse_expression::{closure#0}
FNDA:0,conjure_core::parse::parse_model::parse_int_domain::{closure#0}
FNDA:0,conjure_core::parse::parse_model::parse_constant
FNDA:0,conjure_core::parse::parse_model::parse_expression::{closure#1}
FNDA:0,conjure_core::parse::parse_model::parse_expression
FNDA:0,conjure_core::parse::parse_model::parse_expression::{closure#1}
FNDA:0,conjure_core::parse::parse_model::parse_expression::{closure#5}
FNDA:0,conjure_core::parse::parse_model::parse_int_domain
FNDA:0,conjure_core::parse::parse_model::parse_constant
FNDA:0,conjure_core::parse::parse_model::parse_unary_op
FNDA:0,conjure_core::parse::parse_model::parse_expression::{closure#2}
FNDA:0,conjure_core::parse::parse_model::parse_bin_op
FNDA:0,conjure_core::parse::parse_model::parse_bin_op
FNDA:0,conjure_core::parse::parse_model::parse_expression::{closure#3}
FNDA:0,conjure_core::parse::parse_model::parse_int_domain::{closure#1}
FNDA:0,conjure_core::parse::parse_model::parse_expression::{closure#5}
FNDA:0,conjure_core::parse::parse_model::parse_int_domain::{closure#0}
FNF:32
FNH:0
BRF:0
BRH:0
DA:13,0
DA:14,0
DA:15,0
DA:16,0
DA:17,0
DA:18,0
DA:20,0
DA:21,0
DA:22,0
DA:23,0
DA:24,0
DA:25,0
DA:26,0
DA:27,0
DA:28,0
DA:29,0
DA:30,0
DA:31,0
DA:32,0
DA:34,0
DA:35,0
DA:36,0
DA:38,0
DA:42,0
DA:43,0
DA:44,0
DA:47,0
DA:51,0
DA:52,0
DA:54,0
DA:55,0
DA:56,0
DA:57,0
DA:58,0
DA:59,0
DA:60,0
DA:61,0
DA:62,0
DA:63,0
DA:64,0
DA:65,0
DA:66,0
DA:67,0
DA:68,0
DA:69,0
DA:70,0
DA:71,0
DA:72,0
DA:73,0
DA:74,0
DA:75,0
DA:76,0
DA:77,0
DA:78,0
DA:79,0
DA:80,0
DA:81,0
DA:82,0
DA:84,0
DA:85,0
DA:86,0
DA:87,0
DA:88,0
DA:89,0
DA:90,0
DA:91,0
DA:92,0
DA:93,0
DA:94,0
DA:95,0
DA:96,0
DA:97,0
DA:98,0
DA:99,0
DA:100,0
DA:101,0
DA:102,0
DA:103,0
DA:104,0
DA:105,0
DA:106,0
DA:107,0
DA:108,0
DA:109,0
DA:110,0
DA:111,0
DA:112,0
DA:113,0
DA:114,0
DA:115,0
DA:116,0
DA:117,0
DA:118,0
DA:120,0
DA:122,0
DA:123,0
DA:124,0
DA:125,0
DA:126,0
DA:127,0
DA:128,0
DA:129,0
DA:130,0
DA:133,0
DA:134,0
DA:135,0
DA:139,0
DA:140,0
DA:147,0
DA:148,0
DA:149,0
DA:150,0
DA:151,0
DA:152,0
DA:153,0
DA:154,0
DA:155,0
DA:156,0
DA:157,0
DA:158,0
DA:159,0
DA:160,0
DA:161,0
DA:162,0
DA:163,0
DA:164,0
DA:165,0
DA:166,0
DA:167,0
DA:168,0
DA:169,0
DA:170,0
DA:171,0
DA:172,0
DA:173,0
DA:174,0
DA:175,0
DA:176,0
DA:177,0
DA:178,0
DA:179,0
DA:180,0
DA:181,0
DA:182,0
DA:183,0
DA:184,0
DA:185,0
DA:186,0
DA:187,0
DA:188,0
DA:189,0
DA:190,0
DA:191,0
DA:192,0
DA:193,0
DA:194,0
DA:195,0
DA:196,0
DA:197,0
DA:198,0
DA:199,0
DA:200,0
DA:201,0
DA:202,0
DA:203,0
DA:204,0
DA:205,0
DA:206,0
DA:207,0
DA:208,0
DA:209,0
DA:210,0
DA:211,0
DA:212,0
DA:213,0
DA:214,0
DA:215,0
DA:216,0
DA:218,0
DA:219,0
DA:220,0
DA:221,0
DA:223,0
DA:224,0
DA:226,0
DA:227,0
DA:229,0
DA:231,0
DA:232,0
DA:233,0
DA:234,0
DA:235,0
DA:236,0
DA:238,0
DA:239,0
DA:241,0
DA:243,0
DA:244,0
DA:245,0
DA:246,0
DA:249,0
DA:251,0
DA:253,0
DA:254,0
DA:255,0
DA:256,0
DA:257,0
DA:259,0
DA:261,0
DA:263,0
DA:264,0
DA:265,0
DA:266,0
DA:267,0
DA:268,0
DA:270,0
DA:271,0
DA:272,0
DA:274,0
DA:275,0
DA:276,0
DA:277,0
DA:278,0
DA:279,0
DA:281,0
DA:282,0
DA:283,0
DA:284,0
DA:285,0
DA:286,0
DA:287,0
DA:288,0
DA:289,0
DA:290,0
DA:292,0
DA:294,0
DA:296,0
DA:297,0
DA:298,0
DA:299,0
DA:300,0
DA:302,0
DA:303,0
DA:304,0
DA:305,0
DA:306,0
DA:310,0
DA:312,0
DA:314,0
LF:249
LH:0
end_of_record
SF:crates/conjure_core/src/ast/types.rs
FN:3,<<conjure_core::ast::types::ReturnType as serde::de::Deserialize>::deserialize::__Field as serde::de::Deserialize>::deserialize::<_>
FN:3,<<conjure_core::ast::types::ReturnType as serde::de::Deserialize>::deserialize::__Visitor as serde::de::Visitor>::visit_enum::<serde_json::de::UnitVariantAccess<serde_json::read::StrRead>>
FN:3,<<conjure_core::ast::types::ReturnType as serde::de::Deserialize>::deserialize::__FieldVisitor as serde::de::Visitor>::visit_str::<_>
FN:3,<<conjure_core::ast::types::ReturnType as serde::de::Deserialize>::deserialize::__FieldVisitor as serde::de::Visitor>::expecting
FN:3,<<conjure_core::ast::types::ReturnType as serde::de::Deserialize>::deserialize::__FieldVisitor as serde::de::Visitor>::visit_str::<serde_json::error::Error>
FN:3,<<conjure_core::ast::types::ReturnType as serde::de::Deserialize>::deserialize::__Field as serde::de::Deserialize>::deserialize::<_>
FN:3,<<conjure_core::ast::types::ReturnType as serde::de::Deserialize>::deserialize::__Visitor as serde::de::Visitor>::visit_enum::<_>
FN:3,<<conjure_core::ast::types::ReturnType as serde::de::Deserialize>::deserialize::__FieldVisitor as serde::de::Visitor>::visit_bytes::<_>
FN:3,<<conjure_core::ast::types::ReturnType as serde::de::Deserialize>::deserialize::__FieldVisitor as serde::de::Visitor>::visit_bytes::<_>
FN:3,<<conjure_core::ast::types::ReturnType as serde::de::Deserialize>::deserialize::__Visitor as serde::de::Visitor>::expecting
FN:3,<<conjure_core::ast::types::ReturnType as serde::de::Deserialize>::deserialize::__Field as serde::de::Deserialize>::deserialize::<&mut serde_json::de::Deserializer<serde_json::read::StrRead>>
FN:3,<<conjure_core::ast::types::ReturnType as serde::de::Deserialize>::deserialize::__FieldVisitor as serde::de::Visitor>::visit_str::<_>
FN:3,<<conjure_core::ast::types::ReturnType as serde::de::Deserialize>::deserialize::__FieldVisitor as serde::de::Visitor>::expecting
FN:3,<<conjure_core::ast::types::ReturnType as serde::de::Deserialize>::deserialize::__Visitor as serde::de::Visitor>::visit_enum::<_>
FN:3,<<conjure_core::ast::types::ReturnType as serde::de::Deserialize>::deserialize::__FieldVisitor as serde::de::Visitor>::visit_u64::<_>
FN:3,<<conjure_core::ast::types::ReturnType as serde::de::Deserialize>::deserialize::__Visitor as serde::de::Visitor>::expecting
FN:3,<<conjure_core::ast::types::ReturnType as serde::de::Deserialize>::deserialize::__Visitor as serde::de::Visitor>::visit_enum::<serde_json::de::VariantAccess<serde_json::read::StrRead>>
FN:3,<<conjure_core::ast::types::ReturnType as serde::de::Deserialize>::deserialize::__FieldVisitor as serde::de::Visitor>::visit_u64::<_>
FNDA:0,<<conjure_core::ast::types::ReturnType as serde::de::Deserialize>::deserialize::__Field as serde::de::Deserialize>::deserialize::<_>
FNDA:0,<<conjure_core::ast::types::ReturnType as serde::de::Deserialize>::deserialize::__Visitor as serde::de::Visitor>::visit_enum::<serde_json::de::UnitVariantAccess<serde_json::read::StrRead>>
FNDA:0,<<conjure_core::ast::types::ReturnType as serde::de::Deserialize>::deserialize::__FieldVisitor as serde::de::Visitor>::visit_str::<_>
FNDA:0,<<conjure_core::ast::types::ReturnType as serde::de::Deserialize>::deserialize::__FieldVisitor as serde::de::Visitor>::expecting
FNDA:0,<<conjure_core::ast::types::ReturnType as serde::de::Deserialize>::deserialize::__FieldVisitor as serde::de::Visitor>::visit_str::<serde_json::error::Error>
FNDA:0,<<conjure_core::ast::types::ReturnType as serde::de::Deserialize>::deserialize::__Field as serde::de::Deserialize>::deserialize::<_>
FNDA:0,<<conjure_core::ast::types::ReturnType as serde::de::Deserialize>::deserialize::__Visitor as serde::de::Visitor>::visit_enum::<_>
FNDA:0,<<conjure_core::ast::types::ReturnType as serde::de::Deserialize>::deserialize::__FieldVisitor as serde::de::Visitor>::visit_bytes::<_>
FNDA:0,<<conjure_core::ast::types::ReturnType as serde::de::Deserialize>::deserialize::__FieldVisitor as serde::de::Visitor>::visit_bytes::<_>
FNDA:0,<<conjure_core::ast::types::ReturnType as serde::de::Deserialize>::deserialize::__Visitor as serde::de::Visitor>::expecting
FNDA:0,<<conjure_core::ast::types::ReturnType as serde::de::Deserialize>::deserialize::__Field as serde::de::Deserialize>::deserialize::<&mut serde_json::de::Deserializer<serde_json::read::StrRead>>
FNDA:0,<<conjure_core::ast::types::ReturnType as serde::de::Deserialize>::deserialize::__FieldVisitor as serde::de::Visitor>::visit_str::<_>
FNDA:0,<<conjure_core::ast::types::ReturnType as serde::de::Deserialize>::deserialize::__FieldVisitor as serde::de::Visitor>::expecting
FNDA:0,<<conjure_core::ast::types::ReturnType as serde::de::Deserialize>::deserialize::__Visitor as serde::de::Visitor>::visit_enum::<_>
FNDA:0,<<conjure_core::ast::types::ReturnType as serde::de::Deserialize>::deserialize::__FieldVisitor as serde::de::Visitor>::visit_u64::<_>
FNDA:0,<<conjure_core::ast::types::ReturnType as serde::de::Deserialize>::deserialize::__Visitor as serde::de::Visitor>::expecting
FNDA:0,<<conjure_core::ast::types::ReturnType as serde::de::Deserialize>::deserialize::__Visitor as serde::de::Visitor>::visit_enum::<serde_json::de::VariantAccess<serde_json::read::StrRead>>
FNDA:0,<<conjure_core::ast::types::ReturnType as serde::de::Deserialize>::deserialize::__FieldVisitor as serde::de::Visitor>::visit_u64::<_>
FNF:18
FNH:0
BRF:0
BRH:0
DA:3,0
LF:1
LH:0
end_of_record
